<?xml version="1.0" encoding="UTF-8"?>
<testsuite xmlns:xsi="http://www.w3.org/2001/XMLSchema-instance" xsi:noNamespaceSchemaLocation="https://maven.apache.org/surefire/maven-surefire-plugin/xsd/surefire-test-report-3.0.xsd" version="3.0" name="TestSuite" time="68.67" tests="9" errors="0" skipped="0" failures="5">
  <properties>
[...]
</properties>
  <testcase name="runScenario[&quot;Book the event with all valid details&quot;, &quot;Event Booking Functionality&quot;](1)" classname="runners.TestNGRunner" time="11.963">
    <system-out><![CDATA[
@booking @tc001
Scenario: Book the event with all valid details         # src/test/resources/features/booking.feature:8
14:59:08 [main] INFO  drivers.DriverFactory - Launching browser: chrome
14:59:10 [main] INFO  drivers.DriverFactory - Chrome browser launched
14:59:10 [main] INFO  drivers.DriverFactory - Browser window maximized and implicit wait set to 1 seconds
started
14:59:11 [main] INFO  utils.ReusableFunctions - Opened URL: http://webapps.tekstac.com/SeleniumApp1/EventManagement/index.html
  Given launched the browser and opened the application # stepDefinations.BookingTest.launched_the_browser_and_opened_the_application()
14:59:14 [main] INFO  utils.ExcelUtils - Excel file loaded: src/test/resources/test-data/bookingdata.xlsx
14:59:14 [main] INFO  utils.ReusableFunctions - Element is visible: [[ChromeDriver: chrome on windows (7f61e8e90c224d8964f2d38da433b535)] -> id: firstName]
14:59:14 [main] INFO  utils.ReusableFunctions - Entered text 'Chaitanya' into element: [[ChromeDriver: chrome on windows (7f61e8e90c224d8964f2d38da433b535)] -> id: firstName]
14:59:14 [main] INFO  utils.ReusableFunctions - Element is visible: [[ChromeDriver: chrome on windows (7f61e8e90c224d8964f2d38da433b535)] -> id: lastName]
14:59:14 [main] INFO  utils.ReusableFunctions - Entered text 'Malshikare' into element: [[ChromeDriver: chrome on windows (7f61e8e90c224d8964f2d38da433b535)] -> id: lastName]
14:59:14 [main] INFO  utils.ReusableFunctions - Element is visible: [[ChromeDriver: chrome on windows (7f61e8e90c224d8964f2d38da433b535)] -> id: phoneNo]
14:59:14 [main] INFO  utils.ReusableFunctions - Entered text '7777777777' into element: [[ChromeDriver: chrome on windows (7f61e8e90c224d8964f2d38da433b535)] -> id: phoneNo]
14:59:14 [main] INFO  utils.ReusableFunctions - Element is visible: [[ChromeDriver: chrome on windows (7f61e8e90c224d8964f2d38da433b535)] -> id: emaiId]
14:59:14 [main] INFO  utils.ReusableFunctions - Entered text 'chaitanya@email.com' into element: [[ChromeDriver: chrome on windows (7f61e8e90c224d8964f2d38da433b535)] -> id: emaiId]
14:59:14 [main] INFO  utils.ReusableFunctions - Element is visible: [[ChromeDriver: chrome on windows (7f61e8e90c224d8964f2d38da433b535)] -> id: eventType]
14:59:14 [main] INFO  utils.ReusableFunctions - Selected option 'Birthday' from element: [[ChromeDriver: chrome on windows (7f61e8e90c224d8964f2d38da433b535)] -> id: eventType]
14:59:14 [main] INFO  utils.ReusableFunctions - Element is visible: [[ChromeDriver: chrome on windows (7f61e8e90c224d8964f2d38da433b535)] -> id: eventDate]
14:59:14 [main] INFO  utils.ReusableFunctions - Entered text '2/1/25' into element: [[ChromeDriver: chrome on windows (7f61e8e90c224d8964f2d38da433b535)] -> id: eventDate]
14:59:15 [main] INFO  utils.ReusableFunctions - Element is visible: [[ChromeDriver: chrome on windows (7f61e8e90c224d8964f2d38da433b535)] -> id: eventTime]
14:59:15 [main] INFO  utils.ReusableFunctions - Entered text '10:00:00' into element: [[ChromeDriver: chrome on windows (7f61e8e90c224d8964f2d38da433b535)] -> id: eventTime]
14:59:15 [main] INFO  utils.ReusableFunctions - Element is visible: [[ChromeDriver: chrome on windows (7f61e8e90c224d8964f2d38da433b535)] -> id: guestCount]
14:59:15 [main] INFO  utils.ReusableFunctions - Entered text '20' into element: [[ChromeDriver: chrome on windows (7f61e8e90c224d8964f2d38da433b535)] -> id: guestCount]
14:59:15 [main] INFO  utils.ReusableFunctions - Element is clickable: [[ChromeDriver: chrome on windows (7f61e8e90c224d8964f2d38da433b535)] -> id: vegFood]
14:59:15 [main] INFO  utils.ReusableFunctions - Clicked element: [[ChromeDriver: chrome on windows (7f61e8e90c224d8964f2d38da433b535)] -> id: vegFood]
14:59:15 [main] INFO  utils.ReusableFunctions - Element is visible: [[ChromeDriver: chrome on windows (7f61e8e90c224d8964f2d38da433b535)] -> id: address]
14:59:15 [main] INFO  utils.ReusableFunctions - Entered text 'Pune' into element: [[ChromeDriver: chrome on windows (7f61e8e90c224d8964f2d38da433b535)] -> id: address]
14:59:15 [main] INFO  utils.ReusableFunctions - Element is visible: [[ChromeDriver: chrome on windows (7f61e8e90c224d8964f2d38da433b535)] -> id: city]
14:59:15 [main] INFO  utils.ReusableFunctions - Selected option 'Chennai' from element: [[ChromeDriver: chrome on windows (7f61e8e90c224d8964f2d38da433b535)] -> id: city]
14:59:15 [main] INFO  utils.ReusableFunctions - Element is visible: [[ChromeDriver: chrome on windows (7f61e8e90c224d8964f2d38da433b535)] -> id: pincode]
14:59:15 [main] INFO  utils.ReusableFunctions - Entered text '412103' into element: [[ChromeDriver: chrome on windows (7f61e8e90c224d8964f2d38da433b535)] -> id: pincode]
14:59:15 [main] INFO  utils.ReusableFunctions - Element is visible: [[ChromeDriver: chrome on windows (7f61e8e90c224d8964f2d38da433b535)] -> id: eventDetail]
14:59:15 [main] INFO  utils.ReusableFunctions - Entered text 'abc' into element: [[ChromeDriver: chrome on windows (7f61e8e90c224d8964f2d38da433b535)] -> id: eventDetail]
  When I enter the all valid details                    # stepDefinations.BookingTest.i_enter_the_all_valid_details()
14:59:15 [main] INFO  utils.ReusableFunctions - Element is clickable: [[ChromeDriver: chrome on windows (7f61e8e90c224d8964f2d38da433b535)] -> id: book-now]
14:59:15 [main] INFO  utils.ReusableFunctions - Clicked element: [[ChromeDriver: chrome on windows (7f61e8e90c224d8964f2d38da433b535)] -> id: book-now]
  And click on book now button                          # stepDefinations.BookingTest.click_on_book_now_button()
14:59:16 [main] INFO  utils.ReusableFunctions - Got text 'Your Booking has been Confirmed !' from element: [[ChromeDriver: chrome on windows (7f61e8e90c224d8964f2d38da433b535)] -> id: bookingconfirm]
  Then I see confirmation message with details          # stepDefinations.BookingTest.i_see_confirmation_message_with_details()
]]></system-out>
    <system-err><![CDATA[SLF4J: Failed to load class "org.slf4j.impl.StaticLoggerBinder".
SLF4J: Defaulting to no-operation (NOP) logger implementation
SLF4J: See http://www.slf4j.org/codes.html#StaticLoggerBinder for further details.
Aug 08, 2025 2:59:10 PM org.openqa.selenium.devtools.CdpVersionFinder findNearestMatch
WARNING: Unable to find CDP implementation matching 138
Aug 08, 2025 2:59:10 PM org.openqa.selenium.chromium.ChromiumDriver lambda$new$5
WARNING: Unable to find version of CDP to use for 138.0.7204.184. You may need to include a dependency on a specific version of the CDP using something similar to `org.seleniumhq.selenium:selenium-devtools-v86:4.12.1` where the version ("v86") matches the version of the chromium-based browser you're using and the version number of the artifact is the same as Selenium's.
]]></system-err>
  </testcase>
  <testcase name="runScenario[&quot;Submit booking form with missing first name&quot;, &quot;Event Booking Functionality&quot;](2)" classname="runners.TestNGRunner" time="6.876">
    <system-out><![CDATA[
@booking @tc002
Scenario: Submit booking form with missing first name   # src/test/resources/features/booking.feature:14
started
14:59:19 [main] INFO  utils.ReusableFunctions - Opened URL: http://webapps.tekstac.com/SeleniumApp1/EventManagement/index.html
  Given launched the browser and opened the application # stepDefinations.BookingTest.launched_the_browser_and_opened_the_application()
14:59:21 [main] INFO  utils.ExcelUtils - Excel file loaded: src/test/resources/test-data/bookingdata.xlsx
14:59:21 [main] INFO  utils.ReusableFunctions - Element is visible: [[ChromeDriver: chrome on windows (7f61e8e90c224d8964f2d38da433b535)] -> id: firstName]
14:59:21 [main] INFO  utils.ReusableFunctions - Entered text '' into element: [[ChromeDriver: chrome on windows (7f61e8e90c224d8964f2d38da433b535)] -> id: firstName]
14:59:21 [main] INFO  utils.ReusableFunctions - Element is visible: [[ChromeDriver: chrome on windows (7f61e8e90c224d8964f2d38da433b535)] -> id: lastName]
14:59:21 [main] INFO  utils.ReusableFunctions - Entered text 'Malshikare' into element: [[ChromeDriver: chrome on windows (7f61e8e90c224d8964f2d38da433b535)] -> id: lastName]
14:59:21 [main] INFO  utils.ReusableFunctions - Element is visible: [[ChromeDriver: chrome on windows (7f61e8e90c224d8964f2d38da433b535)] -> id: phoneNo]
14:59:21 [main] INFO  utils.ReusableFunctions - Entered text '7777777777' into element: [[ChromeDriver: chrome on windows (7f61e8e90c224d8964f2d38da433b535)] -> id: phoneNo]
14:59:21 [main] INFO  utils.ReusableFunctions - Element is visible: [[ChromeDriver: chrome on windows (7f61e8e90c224d8964f2d38da433b535)] -> id: emaiId]
14:59:21 [main] INFO  utils.ReusableFunctions - Entered text 'chaitanya@email.com' into element: [[ChromeDriver: chrome on windows (7f61e8e90c224d8964f2d38da433b535)] -> id: emaiId]
14:59:21 [main] INFO  utils.ReusableFunctions - Element is visible: [[ChromeDriver: chrome on windows (7f61e8e90c224d8964f2d38da433b535)] -> id: eventType]
14:59:21 [main] INFO  utils.ReusableFunctions - Selected option 'Birthday' from element: [[ChromeDriver: chrome on windows (7f61e8e90c224d8964f2d38da433b535)] -> id: eventType]
14:59:21 [main] INFO  utils.ReusableFunctions - Element is visible: [[ChromeDriver: chrome on windows (7f61e8e90c224d8964f2d38da433b535)] -> id: eventDate]
14:59:21 [main] INFO  utils.ReusableFunctions - Entered text '2/1/25' into element: [[ChromeDriver: chrome on windows (7f61e8e90c224d8964f2d38da433b535)] -> id: eventDate]
14:59:21 [main] INFO  utils.ReusableFunctions - Element is visible: [[ChromeDriver: chrome on windows (7f61e8e90c224d8964f2d38da433b535)] -> id: eventTime]
14:59:22 [main] INFO  utils.ReusableFunctions - Entered text '10:00:00' into element: [[ChromeDriver: chrome on windows (7f61e8e90c224d8964f2d38da433b535)] -> id: eventTime]
14:59:22 [main] INFO  utils.ReusableFunctions - Element is visible: [[ChromeDriver: chrome on windows (7f61e8e90c224d8964f2d38da433b535)] -> id: guestCount]
14:59:22 [main] INFO  utils.ReusableFunctions - Entered text '20' into element: [[ChromeDriver: chrome on windows (7f61e8e90c224d8964f2d38da433b535)] -> id: guestCount]
14:59:22 [main] INFO  utils.ReusableFunctions - Element is clickable: [[ChromeDriver: chrome on windows (7f61e8e90c224d8964f2d38da433b535)] -> id: vegFood]
14:59:22 [main] INFO  utils.ReusableFunctions - Clicked element: [[ChromeDriver: chrome on windows (7f61e8e90c224d8964f2d38da433b535)] -> id: vegFood]
14:59:22 [main] INFO  utils.ReusableFunctions - Element is visible: [[ChromeDriver: chrome on windows (7f61e8e90c224d8964f2d38da433b535)] -> id: address]
14:59:22 [main] INFO  utils.ReusableFunctions - Entered text 'Pune' into element: [[ChromeDriver: chrome on windows (7f61e8e90c224d8964f2d38da433b535)] -> id: address]
14:59:22 [main] INFO  utils.ReusableFunctions - Element is visible: [[ChromeDriver: chrome on windows (7f61e8e90c224d8964f2d38da433b535)] -> id: city]
14:59:22 [main] INFO  utils.ReusableFunctions - Selected option 'Chennai' from element: [[ChromeDriver: chrome on windows (7f61e8e90c224d8964f2d38da433b535)] -> id: city]
14:59:22 [main] INFO  utils.ReusableFunctions - Element is visible: [[ChromeDriver: chrome on windows (7f61e8e90c224d8964f2d38da433b535)] -> id: pincode]
14:59:22 [main] INFO  utils.ReusableFunctions - Entered text '412103' into element: [[ChromeDriver: chrome on windows (7f61e8e90c224d8964f2d38da433b535)] -> id: pincode]
14:59:22 [main] INFO  utils.ReusableFunctions - Element is visible: [[ChromeDriver: chrome on windows (7f61e8e90c224d8964f2d38da433b535)] -> id: eventDetail]
14:59:22 [main] INFO  utils.ReusableFunctions - Entered text 'abc' into element: [[ChromeDriver: chrome on windows (7f61e8e90c224d8964f2d38da433b535)] -> id: eventDetail]
  When user fills all fields except First Name          # stepDefinations.BookingTest.user_fills_all_fields_except_first_name()
14:59:22 [main] INFO  utils.ReusableFunctions - Element is clickable: [[ChromeDriver: chrome on windows (7f61e8e90c224d8964f2d38da433b535)] -> id: book-now]
14:59:22 [main] INFO  utils.ReusableFunctions - Clicked element: [[ChromeDriver: chrome on windows (7f61e8e90c224d8964f2d38da433b535)] -> id: book-now]
  And user clicks Book Now                              # stepDefinations.BookingTest.user_clicks_book_now()
14:59:23 [main] INFO  utils.ReusableFunctions - Got text 'Your first name is required' from element: [[ChromeDriver: chrome on windows (7f61e8e90c224d8964f2d38da433b535)] -> id: fnameErr]
  Then validation error of required should be shown     # stepDefinations.BookingTest.validation_error_of_required_should_be_shown()
]]></system-out>
  </testcase>
  <testcase name="runScenario[&quot;Submit booking form with invalid email&quot;, &quot;Event Booking Functionality&quot;](3)" classname="runners.TestNGRunner" time="7.061">
    <failure message="expected [Invalid Email Id] but found []" type="java.lang.AssertionError"><![CDATA[java.lang.AssertionError: expected [Invalid Email Id] but found []
	at org.testng.Assert.fail(Assert.java:110)
	at org.testng.Assert.failNotEquals(Assert.java:1413)
	at org.testng.Assert.assertEqualsImpl(Assert.java:149)
	at org.testng.Assert.assertEquals(Assert.java:131)
	at org.testng.Assert.assertEquals(Assert.java:655)
	at org.testng.Assert.assertEquals(Assert.java:665)
	at stepDefinations.BookingTest.validation_error_for_invalid_email_id_should_be_shown(BookingTest.java:95)
	at ✽.validation error for invalid email id should be shown(file:///D:/EclipseProjects/event-management-system/src/test/resources/features/booking.feature:23)
]]></failure>
    <system-out><![CDATA[
@booking @tc003
Scenario: Submit booking form with invalid email                 # src/test/resources/features/booking.feature:20
started
14:59:26 [main] INFO  utils.ReusableFunctions - Opened URL: http://webapps.tekstac.com/SeleniumApp1/EventManagement/index.html
  Given launched the browser and opened the application          # stepDefinations.BookingTest.launched_the_browser_and_opened_the_application()
14:59:28 [main] INFO  utils.ExcelUtils - Excel file loaded: src/test/resources/test-data/bookingdata.xlsx
14:59:28 [main] INFO  utils.ReusableFunctions - Element is visible: [[ChromeDriver: chrome on windows (7f61e8e90c224d8964f2d38da433b535)] -> id: firstName]
14:59:28 [main] INFO  utils.ReusableFunctions - Entered text 'Chaitanya' into element: [[ChromeDriver: chrome on windows (7f61e8e90c224d8964f2d38da433b535)] -> id: firstName]
14:59:28 [main] INFO  utils.ReusableFunctions - Element is visible: [[ChromeDriver: chrome on windows (7f61e8e90c224d8964f2d38da433b535)] -> id: lastName]
14:59:28 [main] INFO  utils.ReusableFunctions - Entered text 'Malshikare' into element: [[ChromeDriver: chrome on windows (7f61e8e90c224d8964f2d38da433b535)] -> id: lastName]
14:59:28 [main] INFO  utils.ReusableFunctions - Element is visible: [[ChromeDriver: chrome on windows (7f61e8e90c224d8964f2d38da433b535)] -> id: phoneNo]
14:59:28 [main] INFO  utils.ReusableFunctions - Entered text '7777777777' into element: [[ChromeDriver: chrome on windows (7f61e8e90c224d8964f2d38da433b535)] -> id: phoneNo]
14:59:28 [main] INFO  utils.ReusableFunctions - Element is visible: [[ChromeDriver: chrome on windows (7f61e8e90c224d8964f2d38da433b535)] -> id: emaiId]
14:59:28 [main] INFO  utils.ReusableFunctions - Entered text 'abc' into element: [[ChromeDriver: chrome on windows (7f61e8e90c224d8964f2d38da433b535)] -> id: emaiId]
14:59:28 [main] INFO  utils.ReusableFunctions - Element is visible: [[ChromeDriver: chrome on windows (7f61e8e90c224d8964f2d38da433b535)] -> id: eventType]
14:59:28 [main] INFO  utils.ReusableFunctions - Selected option 'Birthday' from element: [[ChromeDriver: chrome on windows (7f61e8e90c224d8964f2d38da433b535)] -> id: eventType]
14:59:28 [main] INFO  utils.ReusableFunctions - Element is visible: [[ChromeDriver: chrome on windows (7f61e8e90c224d8964f2d38da433b535)] -> id: eventDate]
14:59:28 [main] INFO  utils.ReusableFunctions - Entered text '2/1/25' into element: [[ChromeDriver: chrome on windows (7f61e8e90c224d8964f2d38da433b535)] -> id: eventDate]
14:59:28 [main] INFO  utils.ReusableFunctions - Element is visible: [[ChromeDriver: chrome on windows (7f61e8e90c224d8964f2d38da433b535)] -> id: eventTime]
14:59:28 [main] INFO  utils.ReusableFunctions - Entered text '10:00:00' into element: [[ChromeDriver: chrome on windows (7f61e8e90c224d8964f2d38da433b535)] -> id: eventTime]
14:59:29 [main] INFO  utils.ReusableFunctions - Element is visible: [[ChromeDriver: chrome on windows (7f61e8e90c224d8964f2d38da433b535)] -> id: guestCount]
14:59:29 [main] INFO  utils.ReusableFunctions - Entered text '20' into element: [[ChromeDriver: chrome on windows (7f61e8e90c224d8964f2d38da433b535)] -> id: guestCount]
14:59:29 [main] INFO  utils.ReusableFunctions - Element is clickable: [[ChromeDriver: chrome on windows (7f61e8e90c224d8964f2d38da433b535)] -> id: vegFood]
14:59:29 [main] INFO  utils.ReusableFunctions - Clicked element: [[ChromeDriver: chrome on windows (7f61e8e90c224d8964f2d38da433b535)] -> id: vegFood]
14:59:29 [main] INFO  utils.ReusableFunctions - Element is visible: [[ChromeDriver: chrome on windows (7f61e8e90c224d8964f2d38da433b535)] -> id: address]
14:59:29 [main] INFO  utils.ReusableFunctions - Entered text 'Pune' into element: [[ChromeDriver: chrome on windows (7f61e8e90c224d8964f2d38da433b535)] -> id: address]
14:59:29 [main] INFO  utils.ReusableFunctions - Element is visible: [[ChromeDriver: chrome on windows (7f61e8e90c224d8964f2d38da433b535)] -> id: city]
14:59:29 [main] INFO  utils.ReusableFunctions - Selected option 'Chennai' from element: [[ChromeDriver: chrome on windows (7f61e8e90c224d8964f2d38da433b535)] -> id: city]
14:59:29 [main] INFO  utils.ReusableFunctions - Element is visible: [[ChromeDriver: chrome on windows (7f61e8e90c224d8964f2d38da433b535)] -> id: pincode]
14:59:29 [main] INFO  utils.ReusableFunctions - Entered text '412103' into element: [[ChromeDriver: chrome on windows (7f61e8e90c224d8964f2d38da433b535)] -> id: pincode]
14:59:29 [main] INFO  utils.ReusableFunctions - Element is visible: [[ChromeDriver: chrome on windows (7f61e8e90c224d8964f2d38da433b535)] -> id: eventDetail]
14:59:29 [main] INFO  utils.ReusableFunctions - Entered text 'abc' into element: [[ChromeDriver: chrome on windows (7f61e8e90c224d8964f2d38da433b535)] -> id: eventDetail]
  When user enters all correct details but invalid booking email # stepDefinations.BookingTest.user_enters_all_correct_details_but_invalid_booking_email()
14:59:29 [main] INFO  utils.ReusableFunctions - Element is clickable: [[ChromeDriver: chrome on windows (7f61e8e90c224d8964f2d38da433b535)] -> id: book-now]
14:59:29 [main] INFO  utils.ReusableFunctions - Clicked element: [[ChromeDriver: chrome on windows (7f61e8e90c224d8964f2d38da433b535)] -> id: book-now]
  And user clicks Book Now                                       # stepDefinations.BookingTest.user_clicks_book_now()
14:59:30 [main] INFO  utils.ReusableFunctions - Got text '' from element: [[ChromeDriver: chrome on windows (7f61e8e90c224d8964f2d38da433b535)] -> id: emailErr]
  Then validation error for invalid email id should be shown     # stepDefinations.BookingTest.validation_error_for_invalid_email_id_should_be_shown()
      java.lang.AssertionError: expected [Invalid Email Id] but found []
	at org.testng.Assert.fail(Assert.java:110)
	at org.testng.Assert.failNotEquals(Assert.java:1413)
	at org.testng.Assert.assertEqualsImpl(Assert.java:149)
	at org.testng.Assert.assertEquals(Assert.java:131)
	at org.testng.Assert.assertEquals(Assert.java:655)
	at org.testng.Assert.assertEquals(Assert.java:665)
	at stepDefinations.BookingTest.validation_error_for_invalid_email_id_should_be_shown(BookingTest.java:95)
	at ✽.validation error for invalid email id should be shown(file:///D:/EclipseProjects/event-management-system/src/test/resources/features/booking.feature:23)

14:59:33 [main] INFO  hooks.Hooks - Scenario failed: Submit booking form with invalid email

    Embedding Submit booking form with invalid email [image/png 110261 bytes]

14:59:33 [main] ERROR hooks.Hooks - Failed to capture or attach screenshot for failed scenario
java.lang.NullPointerException: Cannot invoke "com.aventstack.extentreports.ExtentTest.fail(String, com.aventstack.extentreports.model.Media)" because the return value of "utils.ExtentReportManager.getTest()" is null
	at hooks.Hooks.afterScenario(Hooks.java:43) ~[test-classes/:?]
	at jdk.internal.reflect.DirectMethodHandleAccessor.invoke(DirectMethodHandleAccessor.java:103) ~[?:?]
	at java.lang.reflect.Method.invoke(Method.java:580) ~[?:?]
	at io.cucumber.java.Invoker.doInvoke(Invoker.java:66) ~[cucumber-java-7.16.1.jar:7.16.1]
	at io.cucumber.java.Invoker.invoke(Invoker.java:24) ~[cucumber-java-7.16.1.jar:7.16.1]
	at io.cucumber.java.AbstractGlueDefinition.invokeMethod(AbstractGlueDefinition.java:47) ~[cucumber-java-7.16.1.jar:7.16.1]
	at io.cucumber.java.JavaHookDefinition.execute(JavaHookDefinition.java:64) ~[cucumber-java-7.16.1.jar:7.16.1]
	at io.cucumber.core.runner.CoreHookDefinition.execute(CoreHookDefinition.java:46) ~[cucumber-core-7.12.0.jar:7.12.0]
	at io.cucumber.core.runner.HookDefinitionMatch.runStep(HookDefinitionMatch.java:21) ~[cucumber-core-7.12.0.jar:7.12.0]
	at io.cucumber.core.runner.ExecutionMode$1.execute(ExecutionMode.java:10) ~[cucumber-core-7.12.0.jar:7.12.0]
	at io.cucumber.core.runner.TestStep.executeStep(TestStep.java:84) ~[cucumber-core-7.12.0.jar:7.12.0]
	at io.cucumber.core.runner.TestStep.run(TestStep.java:56) ~[cucumber-core-7.12.0.jar:7.12.0]
	at io.cucumber.core.runner.TestCase.run(TestCase.java:90) ~[cucumber-core-7.12.0.jar:7.12.0]
	at io.cucumber.core.runner.Runner.runPickle(Runner.java:75) ~[cucumber-core-7.12.0.jar:7.12.0]
	at io.cucumber.testng.TestNGCucumberRunner.lambda$runScenario$1(TestNGCucumberRunner.java:132) ~[cucumber-testng-7.12.0.jar:7.12.0]
	at io.cucumber.core.runtime.CucumberExecutionContext.lambda$runTestCase$5(CucumberExecutionContext.java:137) ~[cucumber-core-7.12.0.jar:7.12.0]
	at io.cucumber.core.runtime.RethrowingThrowableCollector.executeAndThrow(RethrowingThrowableCollector.java:23) ~[cucumber-core-7.12.0.jar:7.12.0]
	at io.cucumber.core.runtime.CucumberExecutionContext.runTestCase(CucumberExecutionContext.java:137) ~[cucumber-core-7.12.0.jar:7.12.0]
	at io.cucumber.testng.TestNGCucumberRunner.runScenario(TestNGCucumberRunner.java:129) ~[cucumber-testng-7.12.0.jar:7.12.0]
	at io.cucumber.testng.AbstractTestNGCucumberTests.runScenario(AbstractTestNGCucumberTests.java:35) ~[cucumber-testng-7.12.0.jar:7.12.0]
	at jdk.internal.reflect.DirectMethodHandleAccessor.invoke(DirectMethodHandleAccessor.java:103) ~[?:?]
	at java.lang.reflect.Method.invoke(Method.java:580) ~[?:?]
	at org.testng.internal.invokers.MethodInvocationHelper.invokeMethod(MethodInvocationHelper.java:139) ~[testng-7.6.1.jar:7.6.1]
	at org.testng.internal.invokers.TestInvoker.invokeMethod(TestInvoker.java:677) ~[testng-7.6.1.jar:7.6.1]
	at org.testng.internal.invokers.TestInvoker.invokeTestMethod(TestInvoker.java:221) ~[testng-7.6.1.jar:7.6.1]
	at org.testng.internal.invokers.MethodRunner.runInSequence(MethodRunner.java:50) ~[testng-7.6.1.jar:7.6.1]
	at org.testng.internal.invokers.TestInvoker$MethodInvocationAgent.invoke(TestInvoker.java:962) ~[testng-7.6.1.jar:7.6.1]
	at org.testng.internal.invokers.TestInvoker.invokeTestMethods(TestInvoker.java:194) ~[testng-7.6.1.jar:7.6.1]
	at org.testng.internal.invokers.TestMethodWorker.invokeTestMethods(TestMethodWorker.java:148) ~[testng-7.6.1.jar:7.6.1]
	at org.testng.internal.invokers.TestMethodWorker.run(TestMethodWorker.java:128) ~[testng-7.6.1.jar:7.6.1]
	at java.util.ArrayList.forEach(ArrayList.java:1596) [?:?]
	at org.testng.TestRunner.privateRun(TestRunner.java:806) [testng-7.6.1.jar:7.6.1]
	at org.testng.TestRunner.run(TestRunner.java:601) [testng-7.6.1.jar:7.6.1]
	at org.testng.SuiteRunner.runTest(SuiteRunner.java:433) [testng-7.6.1.jar:7.6.1]
	at org.testng.SuiteRunner.runSequentially(SuiteRunner.java:427) [testng-7.6.1.jar:7.6.1]
	at org.testng.SuiteRunner.privateRun(SuiteRunner.java:387) [testng-7.6.1.jar:7.6.1]
	at org.testng.SuiteRunner.run(SuiteRunner.java:330) [testng-7.6.1.jar:7.6.1]
	at org.testng.SuiteRunnerWorker.runSuite(SuiteRunnerWorker.java:52) [testng-7.6.1.jar:7.6.1]
	at org.testng.SuiteRunnerWorker.run(SuiteRunnerWorker.java:95) [testng-7.6.1.jar:7.6.1]
	at org.testng.TestNG.runSuitesSequentially(TestNG.java:1256) [testng-7.6.1.jar:7.6.1]
	at org.testng.TestNG.runSuitesLocally(TestNG.java:1176) [testng-7.6.1.jar:7.6.1]
	at org.testng.TestNG.runSuites(TestNG.java:1099) [testng-7.6.1.jar:7.6.1]
	at org.testng.TestNG.run(TestNG.java:1067) [testng-7.6.1.jar:7.6.1]
	at org.apache.maven.surefire.testng.TestNGExecutor.run(TestNGExecutor.java:308) [surefire-testng-3.2.5.jar:3.2.5]
	at org.apache.maven.surefire.testng.TestNGXmlTestSuite.execute(TestNGXmlTestSuite.java:71) [surefire-testng-3.2.5.jar:3.2.5]
	at org.apache.maven.surefire.testng.TestNGProvider.invoke(TestNGProvider.java:113) [surefire-testng-3.2.5.jar:3.2.5]
	at org.apache.maven.surefire.booter.ForkedBooter.runSuitesInProcess(ForkedBooter.java:385) [surefire-booter-3.2.5.jar:3.2.5]
	at org.apache.maven.surefire.booter.ForkedBooter.execute(ForkedBooter.java:162) [surefire-booter-3.2.5.jar:3.2.5]
	at org.apache.maven.surefire.booter.ForkedBooter.run(ForkedBooter.java:507) [surefire-booter-3.2.5.jar:3.2.5]
	at org.apache.maven.surefire.booter.ForkedBooter.main(ForkedBooter.java:495) [surefire-booter-3.2.5.jar:3.2.5]
]]></system-out>
  </testcase>
  <testcase name="runScenario[&quot;Submit booking form with zero guests&quot;, &quot;Event Booking Functionality&quot;](4)" classname="runners.TestNGRunner" time="6.807">
    <failure message="expected [Guests Cannot be Zero] but found []" type="java.lang.AssertionError"><![CDATA[java.lang.AssertionError: expected [Guests Cannot be Zero] but found []
	at org.testng.Assert.fail(Assert.java:110)
	at org.testng.Assert.failNotEquals(Assert.java:1413)
	at org.testng.Assert.assertEqualsImpl(Assert.java:149)
	at org.testng.Assert.assertEquals(Assert.java:131)
	at org.testng.Assert.assertEquals(Assert.java:655)
	at org.testng.Assert.assertEquals(Assert.java:665)
	at stepDefinations.BookingTest.validation_error_for_guests_should_be_shown(BookingTest.java:110)
	at ✽.validation error for 0 guests should be shown(file:///D:/EclipseProjects/event-management-system/src/test/resources/features/booking.feature:29)
]]></failure>
    <system-out><![CDATA[
@booking @tc004
Scenario: Submit booking form with zero guests          # src/test/resources/features/booking.feature:26
started
14:59:33 [main] INFO  utils.ReusableFunctions - Opened URL: http://webapps.tekstac.com/SeleniumApp1/EventManagement/index.html
  Given launched the browser and opened the application # stepDefinations.BookingTest.launched_the_browser_and_opened_the_application()
14:59:35 [main] INFO  utils.ExcelUtils - Excel file loaded: src/test/resources/test-data/bookingdata.xlsx
14:59:35 [main] INFO  utils.ReusableFunctions - Element is visible: [[ChromeDriver: chrome on windows (7f61e8e90c224d8964f2d38da433b535)] -> id: firstName]
14:59:35 [main] INFO  utils.ReusableFunctions - Entered text 'Chaitanya' into element: [[ChromeDriver: chrome on windows (7f61e8e90c224d8964f2d38da433b535)] -> id: firstName]
14:59:35 [main] INFO  utils.ReusableFunctions - Element is visible: [[ChromeDriver: chrome on windows (7f61e8e90c224d8964f2d38da433b535)] -> id: lastName]
14:59:35 [main] INFO  utils.ReusableFunctions - Entered text 'Malshikare' into element: [[ChromeDriver: chrome on windows (7f61e8e90c224d8964f2d38da433b535)] -> id: lastName]
14:59:35 [main] INFO  utils.ReusableFunctions - Element is visible: [[ChromeDriver: chrome on windows (7f61e8e90c224d8964f2d38da433b535)] -> id: phoneNo]
14:59:35 [main] INFO  utils.ReusableFunctions - Entered text '7777777777' into element: [[ChromeDriver: chrome on windows (7f61e8e90c224d8964f2d38da433b535)] -> id: phoneNo]
14:59:35 [main] INFO  utils.ReusableFunctions - Element is visible: [[ChromeDriver: chrome on windows (7f61e8e90c224d8964f2d38da433b535)] -> id: emaiId]
14:59:35 [main] INFO  utils.ReusableFunctions - Entered text 'chaitanya@email.com' into element: [[ChromeDriver: chrome on windows (7f61e8e90c224d8964f2d38da433b535)] -> id: emaiId]
14:59:35 [main] INFO  utils.ReusableFunctions - Element is visible: [[ChromeDriver: chrome on windows (7f61e8e90c224d8964f2d38da433b535)] -> id: eventType]
14:59:35 [main] INFO  utils.ReusableFunctions - Selected option 'Birthday' from element: [[ChromeDriver: chrome on windows (7f61e8e90c224d8964f2d38da433b535)] -> id: eventType]
14:59:35 [main] INFO  utils.ReusableFunctions - Element is visible: [[ChromeDriver: chrome on windows (7f61e8e90c224d8964f2d38da433b535)] -> id: eventDate]
14:59:35 [main] INFO  utils.ReusableFunctions - Entered text '2/1/25' into element: [[ChromeDriver: chrome on windows (7f61e8e90c224d8964f2d38da433b535)] -> id: eventDate]
14:59:35 [main] INFO  utils.ReusableFunctions - Element is visible: [[ChromeDriver: chrome on windows (7f61e8e90c224d8964f2d38da433b535)] -> id: eventTime]
14:59:35 [main] INFO  utils.ReusableFunctions - Entered text '10:00:00' into element: [[ChromeDriver: chrome on windows (7f61e8e90c224d8964f2d38da433b535)] -> id: eventTime]
14:59:35 [main] INFO  utils.ReusableFunctions - Element is visible: [[ChromeDriver: chrome on windows (7f61e8e90c224d8964f2d38da433b535)] -> id: guestCount]
14:59:36 [main] INFO  utils.ReusableFunctions - Entered text '0' into element: [[ChromeDriver: chrome on windows (7f61e8e90c224d8964f2d38da433b535)] -> id: guestCount]
14:59:36 [main] INFO  utils.ReusableFunctions - Element is clickable: [[ChromeDriver: chrome on windows (7f61e8e90c224d8964f2d38da433b535)] -> id: vegFood]
14:59:36 [main] INFO  utils.ReusableFunctions - Clicked element: [[ChromeDriver: chrome on windows (7f61e8e90c224d8964f2d38da433b535)] -> id: vegFood]
14:59:36 [main] INFO  utils.ReusableFunctions - Element is visible: [[ChromeDriver: chrome on windows (7f61e8e90c224d8964f2d38da433b535)] -> id: address]
14:59:36 [main] INFO  utils.ReusableFunctions - Entered text 'Pune' into element: [[ChromeDriver: chrome on windows (7f61e8e90c224d8964f2d38da433b535)] -> id: address]
14:59:36 [main] INFO  utils.ReusableFunctions - Element is visible: [[ChromeDriver: chrome on windows (7f61e8e90c224d8964f2d38da433b535)] -> id: city]
14:59:36 [main] INFO  utils.ReusableFunctions - Selected option 'Chennai' from element: [[ChromeDriver: chrome on windows (7f61e8e90c224d8964f2d38da433b535)] -> id: city]
14:59:36 [main] INFO  utils.ReusableFunctions - Element is visible: [[ChromeDriver: chrome on windows (7f61e8e90c224d8964f2d38da433b535)] -> id: pincode]
14:59:36 [main] INFO  utils.ReusableFunctions - Entered text '412103' into element: [[ChromeDriver: chrome on windows (7f61e8e90c224d8964f2d38da433b535)] -> id: pincode]
14:59:36 [main] INFO  utils.ReusableFunctions - Element is visible: [[ChromeDriver: chrome on windows (7f61e8e90c224d8964f2d38da433b535)] -> id: eventDetail]
14:59:36 [main] INFO  utils.ReusableFunctions - Entered text 'abc' into element: [[ChromeDriver: chrome on windows (7f61e8e90c224d8964f2d38da433b535)] -> id: eventDetail]
  When user enters all correct details but zero guests  # stepDefinations.BookingTest.user_enters_all_correct_details_but_zero_guests()
14:59:36 [main] INFO  utils.ReusableFunctions - Element is clickable: [[ChromeDriver: chrome on windows (7f61e8e90c224d8964f2d38da433b535)] -> id: book-now]
14:59:36 [main] INFO  utils.ReusableFunctions - Clicked element: [[ChromeDriver: chrome on windows (7f61e8e90c224d8964f2d38da433b535)] -> id: book-now]
  And user clicks Book Now                              # stepDefinations.BookingTest.user_clicks_book_now()
14:59:36 [main] INFO  utils.ReusableFunctions - Got text '' from element: [[ChromeDriver: chrome on windows (7f61e8e90c224d8964f2d38da433b535)] -> id: guestCountErr]
  Then validation error for 0 guests should be shown    # stepDefinations.BookingTest.validation_error_for_guests_should_be_shown(java.lang.Integer)
      java.lang.AssertionError: expected [Guests Cannot be Zero] but found []
	at org.testng.Assert.fail(Assert.java:110)
	at org.testng.Assert.failNotEquals(Assert.java:1413)
	at org.testng.Assert.assertEqualsImpl(Assert.java:149)
	at org.testng.Assert.assertEquals(Assert.java:131)
	at org.testng.Assert.assertEquals(Assert.java:655)
	at org.testng.Assert.assertEquals(Assert.java:665)
	at stepDefinations.BookingTest.validation_error_for_guests_should_be_shown(BookingTest.java:110)
	at ✽.validation error for 0 guests should be shown(file:///D:/EclipseProjects/event-management-system/src/test/resources/features/booking.feature:29)

14:59:39 [main] INFO  hooks.Hooks - Scenario failed: Submit booking form with zero guests

    Embedding Submit booking form with zero guests [image/png 114659 bytes]

14:59:40 [main] ERROR hooks.Hooks - Failed to capture or attach screenshot for failed scenario
java.lang.NullPointerException: Cannot invoke "com.aventstack.extentreports.ExtentTest.fail(String, com.aventstack.extentreports.model.Media)" because the return value of "utils.ExtentReportManager.getTest()" is null
	at hooks.Hooks.afterScenario(Hooks.java:43) ~[test-classes/:?]
	at jdk.internal.reflect.DirectMethodHandleAccessor.invoke(DirectMethodHandleAccessor.java:103) ~[?:?]
	at java.lang.reflect.Method.invoke(Method.java:580) ~[?:?]
	at io.cucumber.java.Invoker.doInvoke(Invoker.java:66) ~[cucumber-java-7.16.1.jar:7.16.1]
	at io.cucumber.java.Invoker.invoke(Invoker.java:24) ~[cucumber-java-7.16.1.jar:7.16.1]
	at io.cucumber.java.AbstractGlueDefinition.invokeMethod(AbstractGlueDefinition.java:47) ~[cucumber-java-7.16.1.jar:7.16.1]
	at io.cucumber.java.JavaHookDefinition.execute(JavaHookDefinition.java:64) ~[cucumber-java-7.16.1.jar:7.16.1]
	at io.cucumber.core.runner.CoreHookDefinition.execute(CoreHookDefinition.java:46) ~[cucumber-core-7.12.0.jar:7.12.0]
	at io.cucumber.core.runner.HookDefinitionMatch.runStep(HookDefinitionMatch.java:21) ~[cucumber-core-7.12.0.jar:7.12.0]
	at io.cucumber.core.runner.ExecutionMode$1.execute(ExecutionMode.java:10) ~[cucumber-core-7.12.0.jar:7.12.0]
	at io.cucumber.core.runner.TestStep.executeStep(TestStep.java:84) ~[cucumber-core-7.12.0.jar:7.12.0]
	at io.cucumber.core.runner.TestStep.run(TestStep.java:56) ~[cucumber-core-7.12.0.jar:7.12.0]
	at io.cucumber.core.runner.TestCase.run(TestCase.java:90) ~[cucumber-core-7.12.0.jar:7.12.0]
	at io.cucumber.core.runner.Runner.runPickle(Runner.java:75) ~[cucumber-core-7.12.0.jar:7.12.0]
	at io.cucumber.testng.TestNGCucumberRunner.lambda$runScenario$1(TestNGCucumberRunner.java:132) ~[cucumber-testng-7.12.0.jar:7.12.0]
	at io.cucumber.core.runtime.CucumberExecutionContext.lambda$runTestCase$5(CucumberExecutionContext.java:137) ~[cucumber-core-7.12.0.jar:7.12.0]
	at io.cucumber.core.runtime.RethrowingThrowableCollector.executeAndThrow(RethrowingThrowableCollector.java:23) ~[cucumber-core-7.12.0.jar:7.12.0]
	at io.cucumber.core.runtime.CucumberExecutionContext.runTestCase(CucumberExecutionContext.java:137) ~[cucumber-core-7.12.0.jar:7.12.0]
	at io.cucumber.testng.TestNGCucumberRunner.runScenario(TestNGCucumberRunner.java:129) ~[cucumber-testng-7.12.0.jar:7.12.0]
	at io.cucumber.testng.AbstractTestNGCucumberTests.runScenario(AbstractTestNGCucumberTests.java:35) ~[cucumber-testng-7.12.0.jar:7.12.0]
	at jdk.internal.reflect.DirectMethodHandleAccessor.invoke(DirectMethodHandleAccessor.java:103) ~[?:?]
	at java.lang.reflect.Method.invoke(Method.java:580) ~[?:?]
	at org.testng.internal.invokers.MethodInvocationHelper.invokeMethod(MethodInvocationHelper.java:139) ~[testng-7.6.1.jar:7.6.1]
	at org.testng.internal.invokers.TestInvoker.invokeMethod(TestInvoker.java:677) ~[testng-7.6.1.jar:7.6.1]
	at org.testng.internal.invokers.TestInvoker.invokeTestMethod(TestInvoker.java:221) ~[testng-7.6.1.jar:7.6.1]
	at org.testng.internal.invokers.MethodRunner.runInSequence(MethodRunner.java:50) ~[testng-7.6.1.jar:7.6.1]
	at org.testng.internal.invokers.TestInvoker$MethodInvocationAgent.invoke(TestInvoker.java:962) ~[testng-7.6.1.jar:7.6.1]
	at org.testng.internal.invokers.TestInvoker.invokeTestMethods(TestInvoker.java:194) ~[testng-7.6.1.jar:7.6.1]
	at org.testng.internal.invokers.TestMethodWorker.invokeTestMethods(TestMethodWorker.java:148) ~[testng-7.6.1.jar:7.6.1]
	at org.testng.internal.invokers.TestMethodWorker.run(TestMethodWorker.java:128) ~[testng-7.6.1.jar:7.6.1]
	at java.util.ArrayList.forEach(ArrayList.java:1596) [?:?]
	at org.testng.TestRunner.privateRun(TestRunner.java:806) [testng-7.6.1.jar:7.6.1]
	at org.testng.TestRunner.run(TestRunner.java:601) [testng-7.6.1.jar:7.6.1]
	at org.testng.SuiteRunner.runTest(SuiteRunner.java:433) [testng-7.6.1.jar:7.6.1]
	at org.testng.SuiteRunner.runSequentially(SuiteRunner.java:427) [testng-7.6.1.jar:7.6.1]
	at org.testng.SuiteRunner.privateRun(SuiteRunner.java:387) [testng-7.6.1.jar:7.6.1]
	at org.testng.SuiteRunner.run(SuiteRunner.java:330) [testng-7.6.1.jar:7.6.1]
	at org.testng.SuiteRunnerWorker.runSuite(SuiteRunnerWorker.java:52) [testng-7.6.1.jar:7.6.1]
	at org.testng.SuiteRunnerWorker.run(SuiteRunnerWorker.java:95) [testng-7.6.1.jar:7.6.1]
	at org.testng.TestNG.runSuitesSequentially(TestNG.java:1256) [testng-7.6.1.jar:7.6.1]
	at org.testng.TestNG.runSuitesLocally(TestNG.java:1176) [testng-7.6.1.jar:7.6.1]
	at org.testng.TestNG.runSuites(TestNG.java:1099) [testng-7.6.1.jar:7.6.1]
	at org.testng.TestNG.run(TestNG.java:1067) [testng-7.6.1.jar:7.6.1]
	at org.apache.maven.surefire.testng.TestNGExecutor.run(TestNGExecutor.java:308) [surefire-testng-3.2.5.jar:3.2.5]
	at org.apache.maven.surefire.testng.TestNGXmlTestSuite.execute(TestNGXmlTestSuite.java:71) [surefire-testng-3.2.5.jar:3.2.5]
	at org.apache.maven.surefire.testng.TestNGProvider.invoke(TestNGProvider.java:113) [surefire-testng-3.2.5.jar:3.2.5]
	at org.apache.maven.surefire.booter.ForkedBooter.runSuitesInProcess(ForkedBooter.java:385) [surefire-booter-3.2.5.jar:3.2.5]
	at org.apache.maven.surefire.booter.ForkedBooter.execute(ForkedBooter.java:162) [surefire-booter-3.2.5.jar:3.2.5]
	at org.apache.maven.surefire.booter.ForkedBooter.run(ForkedBooter.java:507) [surefire-booter-3.2.5.jar:3.2.5]
	at org.apache.maven.surefire.booter.ForkedBooter.main(ForkedBooter.java:495) [surefire-booter-3.2.5.jar:3.2.5]
]]></system-out>
  </testcase>
  <testcase name="runScenario[&quot;Submit booking form with invalid phone number&quot;, &quot;Event Booking Functionality&quot;](5)" classname="runners.TestNGRunner" time="6.802">
    <failure message="expected [Invalid Phone Number] but found []" type="java.lang.AssertionError"><![CDATA[java.lang.AssertionError: expected [Invalid Phone Number] but found []
	at org.testng.Assert.fail(Assert.java:110)
	at org.testng.Assert.failNotEquals(Assert.java:1413)
	at org.testng.Assert.assertEqualsImpl(Assert.java:149)
	at org.testng.Assert.assertEquals(Assert.java:131)
	at org.testng.Assert.assertEquals(Assert.java:655)
	at org.testng.Assert.assertEquals(Assert.java:665)
	at stepDefinations.BookingTest.validation_error_for_invalid_phone_number_should_be_shown(BookingTest.java:124)
	at ✽.validation error for invalid phone number should be shown(file:///D:/EclipseProjects/event-management-system/src/test/resources/features/booking.feature:35)
]]></failure>
    <system-out><![CDATA[
@booking @tc005
Scenario: Submit booking form with invalid phone number          # src/test/resources/features/booking.feature:32
started
14:59:40 [main] INFO  utils.ReusableFunctions - Opened URL: http://webapps.tekstac.com/SeleniumApp1/EventManagement/index.html
  Given launched the browser and opened the application          # stepDefinations.BookingTest.launched_the_browser_and_opened_the_application()
14:59:41 [main] INFO  utils.ExcelUtils - Excel file loaded: src/test/resources/test-data/bookingdata.xlsx
14:59:41 [main] INFO  utils.ReusableFunctions - Element is visible: [[ChromeDriver: chrome on windows (7f61e8e90c224d8964f2d38da433b535)] -> id: firstName]
14:59:42 [main] INFO  utils.ReusableFunctions - Entered text 'Chaitanya' into element: [[ChromeDriver: chrome on windows (7f61e8e90c224d8964f2d38da433b535)] -> id: firstName]
14:59:42 [main] INFO  utils.ReusableFunctions - Element is visible: [[ChromeDriver: chrome on windows (7f61e8e90c224d8964f2d38da433b535)] -> id: lastName]
14:59:42 [main] INFO  utils.ReusableFunctions - Entered text 'Malshikare' into element: [[ChromeDriver: chrome on windows (7f61e8e90c224d8964f2d38da433b535)] -> id: lastName]
14:59:42 [main] INFO  utils.ReusableFunctions - Element is visible: [[ChromeDriver: chrome on windows (7f61e8e90c224d8964f2d38da433b535)] -> id: phoneNo]
14:59:42 [main] INFO  utils.ReusableFunctions - Entered text 'abc' into element: [[ChromeDriver: chrome on windows (7f61e8e90c224d8964f2d38da433b535)] -> id: phoneNo]
14:59:42 [main] INFO  utils.ReusableFunctions - Element is visible: [[ChromeDriver: chrome on windows (7f61e8e90c224d8964f2d38da433b535)] -> id: emaiId]
14:59:42 [main] INFO  utils.ReusableFunctions - Entered text 'chaitanya@email.com' into element: [[ChromeDriver: chrome on windows (7f61e8e90c224d8964f2d38da433b535)] -> id: emaiId]
14:59:42 [main] INFO  utils.ReusableFunctions - Element is visible: [[ChromeDriver: chrome on windows (7f61e8e90c224d8964f2d38da433b535)] -> id: eventType]
14:59:42 [main] INFO  utils.ReusableFunctions - Selected option 'Birthday' from element: [[ChromeDriver: chrome on windows (7f61e8e90c224d8964f2d38da433b535)] -> id: eventType]
14:59:42 [main] INFO  utils.ReusableFunctions - Element is visible: [[ChromeDriver: chrome on windows (7f61e8e90c224d8964f2d38da433b535)] -> id: eventDate]
14:59:42 [main] INFO  utils.ReusableFunctions - Entered text '2/1/25' into element: [[ChromeDriver: chrome on windows (7f61e8e90c224d8964f2d38da433b535)] -> id: eventDate]
14:59:42 [main] INFO  utils.ReusableFunctions - Element is visible: [[ChromeDriver: chrome on windows (7f61e8e90c224d8964f2d38da433b535)] -> id: eventTime]
14:59:42 [main] INFO  utils.ReusableFunctions - Entered text '10:00:00' into element: [[ChromeDriver: chrome on windows (7f61e8e90c224d8964f2d38da433b535)] -> id: eventTime]
14:59:42 [main] INFO  utils.ReusableFunctions - Element is visible: [[ChromeDriver: chrome on windows (7f61e8e90c224d8964f2d38da433b535)] -> id: guestCount]
14:59:42 [main] INFO  utils.ReusableFunctions - Entered text '20' into element: [[ChromeDriver: chrome on windows (7f61e8e90c224d8964f2d38da433b535)] -> id: guestCount]
14:59:42 [main] INFO  utils.ReusableFunctions - Element is clickable: [[ChromeDriver: chrome on windows (7f61e8e90c224d8964f2d38da433b535)] -> id: vegFood]
14:59:42 [main] INFO  utils.ReusableFunctions - Clicked element: [[ChromeDriver: chrome on windows (7f61e8e90c224d8964f2d38da433b535)] -> id: vegFood]
14:59:42 [main] INFO  utils.ReusableFunctions - Element is visible: [[ChromeDriver: chrome on windows (7f61e8e90c224d8964f2d38da433b535)] -> id: address]
14:59:42 [main] INFO  utils.ReusableFunctions - Entered text 'Pune' into element: [[ChromeDriver: chrome on windows (7f61e8e90c224d8964f2d38da433b535)] -> id: address]
14:59:43 [main] INFO  utils.ReusableFunctions - Element is visible: [[ChromeDriver: chrome on windows (7f61e8e90c224d8964f2d38da433b535)] -> id: city]
14:59:43 [main] INFO  utils.ReusableFunctions - Selected option 'Chennai' from element: [[ChromeDriver: chrome on windows (7f61e8e90c224d8964f2d38da433b535)] -> id: city]
14:59:43 [main] INFO  utils.ReusableFunctions - Element is visible: [[ChromeDriver: chrome on windows (7f61e8e90c224d8964f2d38da433b535)] -> id: pincode]
14:59:43 [main] INFO  utils.ReusableFunctions - Entered text '412103' into element: [[ChromeDriver: chrome on windows (7f61e8e90c224d8964f2d38da433b535)] -> id: pincode]
14:59:43 [main] INFO  utils.ReusableFunctions - Element is visible: [[ChromeDriver: chrome on windows (7f61e8e90c224d8964f2d38da433b535)] -> id: eventDetail]
14:59:43 [main] INFO  utils.ReusableFunctions - Entered text 'abc' into element: [[ChromeDriver: chrome on windows (7f61e8e90c224d8964f2d38da433b535)] -> id: eventDetail]
  When user enters all correct details but invalid phone number  # stepDefinations.BookingTest.user_enters_all_correct_details_but_invalid_phone_number()
14:59:43 [main] INFO  utils.ReusableFunctions - Element is clickable: [[ChromeDriver: chrome on windows (7f61e8e90c224d8964f2d38da433b535)] -> id: book-now]
14:59:43 [main] INFO  utils.ReusableFunctions - Clicked element: [[ChromeDriver: chrome on windows (7f61e8e90c224d8964f2d38da433b535)] -> id: book-now]
  And user clicks Book Now                                       # stepDefinations.BookingTest.user_clicks_book_now()
14:59:43 [main] INFO  utils.ReusableFunctions - Got text '' from element: [[ChromeDriver: chrome on windows (7f61e8e90c224d8964f2d38da433b535)] -> id: phoneErr]
  Then validation error for invalid phone number should be shown # stepDefinations.BookingTest.validation_error_for_invalid_phone_number_should_be_shown()
      java.lang.AssertionError: expected [Invalid Phone Number] but found []
	at org.testng.Assert.fail(Assert.java:110)
	at org.testng.Assert.failNotEquals(Assert.java:1413)
	at org.testng.Assert.assertEqualsImpl(Assert.java:149)
	at org.testng.Assert.assertEquals(Assert.java:131)
	at org.testng.Assert.assertEquals(Assert.java:655)
	at org.testng.Assert.assertEquals(Assert.java:665)
	at stepDefinations.BookingTest.validation_error_for_invalid_phone_number_should_be_shown(BookingTest.java:124)
	at ✽.validation error for invalid phone number should be shown(file:///D:/EclipseProjects/event-management-system/src/test/resources/features/booking.feature:35)

14:59:46 [main] INFO  hooks.Hooks - Scenario failed: Submit booking form with invalid phone number

    Embedding Submit booking form with invalid phone number [image/png 115011 bytes]

14:59:47 [main] ERROR hooks.Hooks - Failed to capture or attach screenshot for failed scenario
java.lang.NullPointerException: Cannot invoke "com.aventstack.extentreports.ExtentTest.fail(String, com.aventstack.extentreports.model.Media)" because the return value of "utils.ExtentReportManager.getTest()" is null
	at hooks.Hooks.afterScenario(Hooks.java:43) ~[test-classes/:?]
	at jdk.internal.reflect.DirectMethodHandleAccessor.invoke(DirectMethodHandleAccessor.java:103) ~[?:?]
	at java.lang.reflect.Method.invoke(Method.java:580) ~[?:?]
	at io.cucumber.java.Invoker.doInvoke(Invoker.java:66) ~[cucumber-java-7.16.1.jar:7.16.1]
	at io.cucumber.java.Invoker.invoke(Invoker.java:24) ~[cucumber-java-7.16.1.jar:7.16.1]
	at io.cucumber.java.AbstractGlueDefinition.invokeMethod(AbstractGlueDefinition.java:47) ~[cucumber-java-7.16.1.jar:7.16.1]
	at io.cucumber.java.JavaHookDefinition.execute(JavaHookDefinition.java:64) ~[cucumber-java-7.16.1.jar:7.16.1]
	at io.cucumber.core.runner.CoreHookDefinition.execute(CoreHookDefinition.java:46) ~[cucumber-core-7.12.0.jar:7.12.0]
	at io.cucumber.core.runner.HookDefinitionMatch.runStep(HookDefinitionMatch.java:21) ~[cucumber-core-7.12.0.jar:7.12.0]
	at io.cucumber.core.runner.ExecutionMode$1.execute(ExecutionMode.java:10) ~[cucumber-core-7.12.0.jar:7.12.0]
	at io.cucumber.core.runner.TestStep.executeStep(TestStep.java:84) ~[cucumber-core-7.12.0.jar:7.12.0]
	at io.cucumber.core.runner.TestStep.run(TestStep.java:56) ~[cucumber-core-7.12.0.jar:7.12.0]
	at io.cucumber.core.runner.TestCase.run(TestCase.java:90) ~[cucumber-core-7.12.0.jar:7.12.0]
	at io.cucumber.core.runner.Runner.runPickle(Runner.java:75) ~[cucumber-core-7.12.0.jar:7.12.0]
	at io.cucumber.testng.TestNGCucumberRunner.lambda$runScenario$1(TestNGCucumberRunner.java:132) ~[cucumber-testng-7.12.0.jar:7.12.0]
	at io.cucumber.core.runtime.CucumberExecutionContext.lambda$runTestCase$5(CucumberExecutionContext.java:137) ~[cucumber-core-7.12.0.jar:7.12.0]
	at io.cucumber.core.runtime.RethrowingThrowableCollector.executeAndThrow(RethrowingThrowableCollector.java:23) ~[cucumber-core-7.12.0.jar:7.12.0]
	at io.cucumber.core.runtime.CucumberExecutionContext.runTestCase(CucumberExecutionContext.java:137) ~[cucumber-core-7.12.0.jar:7.12.0]
	at io.cucumber.testng.TestNGCucumberRunner.runScenario(TestNGCucumberRunner.java:129) ~[cucumber-testng-7.12.0.jar:7.12.0]
	at io.cucumber.testng.AbstractTestNGCucumberTests.runScenario(AbstractTestNGCucumberTests.java:35) ~[cucumber-testng-7.12.0.jar:7.12.0]
	at jdk.internal.reflect.DirectMethodHandleAccessor.invoke(DirectMethodHandleAccessor.java:103) ~[?:?]
	at java.lang.reflect.Method.invoke(Method.java:580) ~[?:?]
	at org.testng.internal.invokers.MethodInvocationHelper.invokeMethod(MethodInvocationHelper.java:139) ~[testng-7.6.1.jar:7.6.1]
	at org.testng.internal.invokers.TestInvoker.invokeMethod(TestInvoker.java:677) ~[testng-7.6.1.jar:7.6.1]
	at org.testng.internal.invokers.TestInvoker.invokeTestMethod(TestInvoker.java:221) ~[testng-7.6.1.jar:7.6.1]
	at org.testng.internal.invokers.MethodRunner.runInSequence(MethodRunner.java:50) ~[testng-7.6.1.jar:7.6.1]
	at org.testng.internal.invokers.TestInvoker$MethodInvocationAgent.invoke(TestInvoker.java:962) ~[testng-7.6.1.jar:7.6.1]
	at org.testng.internal.invokers.TestInvoker.invokeTestMethods(TestInvoker.java:194) ~[testng-7.6.1.jar:7.6.1]
	at org.testng.internal.invokers.TestMethodWorker.invokeTestMethods(TestMethodWorker.java:148) ~[testng-7.6.1.jar:7.6.1]
	at org.testng.internal.invokers.TestMethodWorker.run(TestMethodWorker.java:128) ~[testng-7.6.1.jar:7.6.1]
	at java.util.ArrayList.forEach(ArrayList.java:1596) [?:?]
	at org.testng.TestRunner.privateRun(TestRunner.java:806) [testng-7.6.1.jar:7.6.1]
	at org.testng.TestRunner.run(TestRunner.java:601) [testng-7.6.1.jar:7.6.1]
	at org.testng.SuiteRunner.runTest(SuiteRunner.java:433) [testng-7.6.1.jar:7.6.1]
	at org.testng.SuiteRunner.runSequentially(SuiteRunner.java:427) [testng-7.6.1.jar:7.6.1]
	at org.testng.SuiteRunner.privateRun(SuiteRunner.java:387) [testng-7.6.1.jar:7.6.1]
	at org.testng.SuiteRunner.run(SuiteRunner.java:330) [testng-7.6.1.jar:7.6.1]
	at org.testng.SuiteRunnerWorker.runSuite(SuiteRunnerWorker.java:52) [testng-7.6.1.jar:7.6.1]
	at org.testng.SuiteRunnerWorker.run(SuiteRunnerWorker.java:95) [testng-7.6.1.jar:7.6.1]
	at org.testng.TestNG.runSuitesSequentially(TestNG.java:1256) [testng-7.6.1.jar:7.6.1]
	at org.testng.TestNG.runSuitesLocally(TestNG.java:1176) [testng-7.6.1.jar:7.6.1]
	at org.testng.TestNG.runSuites(TestNG.java:1099) [testng-7.6.1.jar:7.6.1]
	at org.testng.TestNG.run(TestNG.java:1067) [testng-7.6.1.jar:7.6.1]
	at org.apache.maven.surefire.testng.TestNGExecutor.run(TestNGExecutor.java:308) [surefire-testng-3.2.5.jar:3.2.5]
	at org.apache.maven.surefire.testng.TestNGXmlTestSuite.execute(TestNGXmlTestSuite.java:71) [surefire-testng-3.2.5.jar:3.2.5]
	at org.apache.maven.surefire.testng.TestNGProvider.invoke(TestNGProvider.java:113) [surefire-testng-3.2.5.jar:3.2.5]
	at org.apache.maven.surefire.booter.ForkedBooter.runSuitesInProcess(ForkedBooter.java:385) [surefire-booter-3.2.5.jar:3.2.5]
	at org.apache.maven.surefire.booter.ForkedBooter.execute(ForkedBooter.java:162) [surefire-booter-3.2.5.jar:3.2.5]
	at org.apache.maven.surefire.booter.ForkedBooter.run(ForkedBooter.java:507) [surefire-booter-3.2.5.jar:3.2.5]
	at org.apache.maven.surefire.booter.ForkedBooter.main(ForkedBooter.java:495) [surefire-booter-3.2.5.jar:3.2.5]
]]></system-out>
  </testcase>
  <testcase name="runScenario[&quot;Submit booking form with invalid pincode&quot;, &quot;Event Booking Functionality&quot;](6)" classname="runners.TestNGRunner" time="6.74">
    <failure message="expected [Invalid Pincode] but found []" type="java.lang.AssertionError"><![CDATA[java.lang.AssertionError: expected [Invalid Pincode] but found []
	at org.testng.Assert.fail(Assert.java:110)
	at org.testng.Assert.failNotEquals(Assert.java:1413)
	at org.testng.Assert.assertEqualsImpl(Assert.java:149)
	at org.testng.Assert.assertEquals(Assert.java:131)
	at org.testng.Assert.assertEquals(Assert.java:655)
	at org.testng.Assert.assertEquals(Assert.java:665)
	at stepDefinations.BookingTest.validation_error_for_invalid_pincode_should_be_shown(BookingTest.java:138)
	at ✽.validation error for invalid pincode should be shown(file:///D:/EclipseProjects/event-management-system/src/test/resources/features/booking.feature:41)
]]></failure>
    <system-out><![CDATA[
@booking @tc006
Scenario: Submit booking form with invalid pincode          # src/test/resources/features/booking.feature:38
started
14:59:47 [main] INFO  utils.ReusableFunctions - Opened URL: http://webapps.tekstac.com/SeleniumApp1/EventManagement/index.html
  Given launched the browser and opened the application     # stepDefinations.BookingTest.launched_the_browser_and_opened_the_application()
14:59:48 [main] INFO  utils.ExcelUtils - Excel file loaded: src/test/resources/test-data/bookingdata.xlsx
14:59:48 [main] INFO  utils.ReusableFunctions - Element is visible: [[ChromeDriver: chrome on windows (7f61e8e90c224d8964f2d38da433b535)] -> id: firstName]
14:59:48 [main] INFO  utils.ReusableFunctions - Entered text 'Chaitanya' into element: [[ChromeDriver: chrome on windows (7f61e8e90c224d8964f2d38da433b535)] -> id: firstName]
14:59:48 [main] INFO  utils.ReusableFunctions - Element is visible: [[ChromeDriver: chrome on windows (7f61e8e90c224d8964f2d38da433b535)] -> id: lastName]
14:59:48 [main] INFO  utils.ReusableFunctions - Entered text 'Malshikare' into element: [[ChromeDriver: chrome on windows (7f61e8e90c224d8964f2d38da433b535)] -> id: lastName]
14:59:48 [main] INFO  utils.ReusableFunctions - Element is visible: [[ChromeDriver: chrome on windows (7f61e8e90c224d8964f2d38da433b535)] -> id: phoneNo]
14:59:49 [main] INFO  utils.ReusableFunctions - Entered text '7777777777' into element: [[ChromeDriver: chrome on windows (7f61e8e90c224d8964f2d38da433b535)] -> id: phoneNo]
14:59:49 [main] INFO  utils.ReusableFunctions - Element is visible: [[ChromeDriver: chrome on windows (7f61e8e90c224d8964f2d38da433b535)] -> id: emaiId]
14:59:49 [main] INFO  utils.ReusableFunctions - Entered text 'chaitanya@email.com' into element: [[ChromeDriver: chrome on windows (7f61e8e90c224d8964f2d38da433b535)] -> id: emaiId]
14:59:49 [main] INFO  utils.ReusableFunctions - Element is visible: [[ChromeDriver: chrome on windows (7f61e8e90c224d8964f2d38da433b535)] -> id: eventType]
14:59:49 [main] INFO  utils.ReusableFunctions - Selected option 'Birthday' from element: [[ChromeDriver: chrome on windows (7f61e8e90c224d8964f2d38da433b535)] -> id: eventType]
14:59:49 [main] INFO  utils.ReusableFunctions - Element is visible: [[ChromeDriver: chrome on windows (7f61e8e90c224d8964f2d38da433b535)] -> id: eventDate]
14:59:49 [main] INFO  utils.ReusableFunctions - Entered text '2/1/25' into element: [[ChromeDriver: chrome on windows (7f61e8e90c224d8964f2d38da433b535)] -> id: eventDate]
14:59:49 [main] INFO  utils.ReusableFunctions - Element is visible: [[ChromeDriver: chrome on windows (7f61e8e90c224d8964f2d38da433b535)] -> id: eventTime]
14:59:49 [main] INFO  utils.ReusableFunctions - Entered text '10:00:00' into element: [[ChromeDriver: chrome on windows (7f61e8e90c224d8964f2d38da433b535)] -> id: eventTime]
14:59:49 [main] INFO  utils.ReusableFunctions - Element is visible: [[ChromeDriver: chrome on windows (7f61e8e90c224d8964f2d38da433b535)] -> id: guestCount]
14:59:49 [main] INFO  utils.ReusableFunctions - Entered text '20' into element: [[ChromeDriver: chrome on windows (7f61e8e90c224d8964f2d38da433b535)] -> id: guestCount]
14:59:49 [main] INFO  utils.ReusableFunctions - Element is clickable: [[ChromeDriver: chrome on windows (7f61e8e90c224d8964f2d38da433b535)] -> id: vegFood]
14:59:49 [main] INFO  utils.ReusableFunctions - Clicked element: [[ChromeDriver: chrome on windows (7f61e8e90c224d8964f2d38da433b535)] -> id: vegFood]
14:59:49 [main] INFO  utils.ReusableFunctions - Element is visible: [[ChromeDriver: chrome on windows (7f61e8e90c224d8964f2d38da433b535)] -> id: address]
14:59:49 [main] INFO  utils.ReusableFunctions - Entered text 'Pune' into element: [[ChromeDriver: chrome on windows (7f61e8e90c224d8964f2d38da433b535)] -> id: address]
14:59:49 [main] INFO  utils.ReusableFunctions - Element is visible: [[ChromeDriver: chrome on windows (7f61e8e90c224d8964f2d38da433b535)] -> id: city]
14:59:49 [main] INFO  utils.ReusableFunctions - Selected option 'Chennai' from element: [[ChromeDriver: chrome on windows (7f61e8e90c224d8964f2d38da433b535)] -> id: city]
14:59:49 [main] INFO  utils.ReusableFunctions - Element is visible: [[ChromeDriver: chrome on windows (7f61e8e90c224d8964f2d38da433b535)] -> id: pincode]
14:59:49 [main] INFO  utils.ReusableFunctions - Entered text 'abc' into element: [[ChromeDriver: chrome on windows (7f61e8e90c224d8964f2d38da433b535)] -> id: pincode]
14:59:50 [main] INFO  utils.ReusableFunctions - Element is visible: [[ChromeDriver: chrome on windows (7f61e8e90c224d8964f2d38da433b535)] -> id: eventDetail]
14:59:50 [main] INFO  utils.ReusableFunctions - Entered text 'abc' into element: [[ChromeDriver: chrome on windows (7f61e8e90c224d8964f2d38da433b535)] -> id: eventDetail]
  When user enters all correct details but invalid pincode  # stepDefinations.BookingTest.user_enters_all_correct_details_but_invalid_pincode()
14:59:50 [main] INFO  utils.ReusableFunctions - Element is clickable: [[ChromeDriver: chrome on windows (7f61e8e90c224d8964f2d38da433b535)] -> id: book-now]
14:59:50 [main] INFO  utils.ReusableFunctions - Clicked element: [[ChromeDriver: chrome on windows (7f61e8e90c224d8964f2d38da433b535)] -> id: book-now]
  And user clicks Book Now                                  # stepDefinations.BookingTest.user_clicks_book_now()
14:59:50 [main] INFO  utils.ReusableFunctions - Got text '' from element: [[ChromeDriver: chrome on windows (7f61e8e90c224d8964f2d38da433b535)] -> id: pincodeErr]
  Then validation error for invalid pincode should be shown # stepDefinations.BookingTest.validation_error_for_invalid_pincode_should_be_shown()
      java.lang.AssertionError: expected [Invalid Pincode] but found []
	at org.testng.Assert.fail(Assert.java:110)
	at org.testng.Assert.failNotEquals(Assert.java:1413)
	at org.testng.Assert.assertEqualsImpl(Assert.java:149)
	at org.testng.Assert.assertEquals(Assert.java:131)
	at org.testng.Assert.assertEquals(Assert.java:655)
	at org.testng.Assert.assertEquals(Assert.java:665)
	at stepDefinations.BookingTest.validation_error_for_invalid_pincode_should_be_shown(BookingTest.java:138)
	at ✽.validation error for invalid pincode should be shown(file:///D:/EclipseProjects/event-management-system/src/test/resources/features/booking.feature:41)

14:59:53 [main] INFO  hooks.Hooks - Scenario failed: Submit booking form with invalid pincode

    Embedding Submit booking form with invalid pincode [image/png 113950 bytes]

14:59:53 [main] ERROR hooks.Hooks - Failed to capture or attach screenshot for failed scenario
java.lang.NullPointerException: Cannot invoke "com.aventstack.extentreports.ExtentTest.fail(String, com.aventstack.extentreports.model.Media)" because the return value of "utils.ExtentReportManager.getTest()" is null
	at hooks.Hooks.afterScenario(Hooks.java:43) ~[test-classes/:?]
	at jdk.internal.reflect.DirectMethodHandleAccessor.invoke(DirectMethodHandleAccessor.java:103) ~[?:?]
	at java.lang.reflect.Method.invoke(Method.java:580) ~[?:?]
	at io.cucumber.java.Invoker.doInvoke(Invoker.java:66) ~[cucumber-java-7.16.1.jar:7.16.1]
	at io.cucumber.java.Invoker.invoke(Invoker.java:24) ~[cucumber-java-7.16.1.jar:7.16.1]
	at io.cucumber.java.AbstractGlueDefinition.invokeMethod(AbstractGlueDefinition.java:47) ~[cucumber-java-7.16.1.jar:7.16.1]
	at io.cucumber.java.JavaHookDefinition.execute(JavaHookDefinition.java:64) ~[cucumber-java-7.16.1.jar:7.16.1]
	at io.cucumber.core.runner.CoreHookDefinition.execute(CoreHookDefinition.java:46) ~[cucumber-core-7.12.0.jar:7.12.0]
	at io.cucumber.core.runner.HookDefinitionMatch.runStep(HookDefinitionMatch.java:21) ~[cucumber-core-7.12.0.jar:7.12.0]
	at io.cucumber.core.runner.ExecutionMode$1.execute(ExecutionMode.java:10) ~[cucumber-core-7.12.0.jar:7.12.0]
	at io.cucumber.core.runner.TestStep.executeStep(TestStep.java:84) ~[cucumber-core-7.12.0.jar:7.12.0]
	at io.cucumber.core.runner.TestStep.run(TestStep.java:56) ~[cucumber-core-7.12.0.jar:7.12.0]
	at io.cucumber.core.runner.TestCase.run(TestCase.java:90) ~[cucumber-core-7.12.0.jar:7.12.0]
	at io.cucumber.core.runner.Runner.runPickle(Runner.java:75) ~[cucumber-core-7.12.0.jar:7.12.0]
	at io.cucumber.testng.TestNGCucumberRunner.lambda$runScenario$1(TestNGCucumberRunner.java:132) ~[cucumber-testng-7.12.0.jar:7.12.0]
	at io.cucumber.core.runtime.CucumberExecutionContext.lambda$runTestCase$5(CucumberExecutionContext.java:137) ~[cucumber-core-7.12.0.jar:7.12.0]
	at io.cucumber.core.runtime.RethrowingThrowableCollector.executeAndThrow(RethrowingThrowableCollector.java:23) ~[cucumber-core-7.12.0.jar:7.12.0]
	at io.cucumber.core.runtime.CucumberExecutionContext.runTestCase(CucumberExecutionContext.java:137) ~[cucumber-core-7.12.0.jar:7.12.0]
	at io.cucumber.testng.TestNGCucumberRunner.runScenario(TestNGCucumberRunner.java:129) ~[cucumber-testng-7.12.0.jar:7.12.0]
	at io.cucumber.testng.AbstractTestNGCucumberTests.runScenario(AbstractTestNGCucumberTests.java:35) ~[cucumber-testng-7.12.0.jar:7.12.0]
	at jdk.internal.reflect.DirectMethodHandleAccessor.invoke(DirectMethodHandleAccessor.java:103) ~[?:?]
	at java.lang.reflect.Method.invoke(Method.java:580) ~[?:?]
	at org.testng.internal.invokers.MethodInvocationHelper.invokeMethod(MethodInvocationHelper.java:139) ~[testng-7.6.1.jar:7.6.1]
	at org.testng.internal.invokers.TestInvoker.invokeMethod(TestInvoker.java:677) ~[testng-7.6.1.jar:7.6.1]
	at org.testng.internal.invokers.TestInvoker.invokeTestMethod(TestInvoker.java:221) ~[testng-7.6.1.jar:7.6.1]
	at org.testng.internal.invokers.MethodRunner.runInSequence(MethodRunner.java:50) ~[testng-7.6.1.jar:7.6.1]
	at org.testng.internal.invokers.TestInvoker$MethodInvocationAgent.invoke(TestInvoker.java:962) ~[testng-7.6.1.jar:7.6.1]
	at org.testng.internal.invokers.TestInvoker.invokeTestMethods(TestInvoker.java:194) ~[testng-7.6.1.jar:7.6.1]
	at org.testng.internal.invokers.TestMethodWorker.invokeTestMethods(TestMethodWorker.java:148) ~[testng-7.6.1.jar:7.6.1]
	at org.testng.internal.invokers.TestMethodWorker.run(TestMethodWorker.java:128) ~[testng-7.6.1.jar:7.6.1]
	at java.util.ArrayList.forEach(ArrayList.java:1596) [?:?]
	at org.testng.TestRunner.privateRun(TestRunner.java:806) [testng-7.6.1.jar:7.6.1]
	at org.testng.TestRunner.run(TestRunner.java:601) [testng-7.6.1.jar:7.6.1]
	at org.testng.SuiteRunner.runTest(SuiteRunner.java:433) [testng-7.6.1.jar:7.6.1]
	at org.testng.SuiteRunner.runSequentially(SuiteRunner.java:427) [testng-7.6.1.jar:7.6.1]
	at org.testng.SuiteRunner.privateRun(SuiteRunner.java:387) [testng-7.6.1.jar:7.6.1]
	at org.testng.SuiteRunner.run(SuiteRunner.java:330) [testng-7.6.1.jar:7.6.1]
	at org.testng.SuiteRunnerWorker.runSuite(SuiteRunnerWorker.java:52) [testng-7.6.1.jar:7.6.1]
	at org.testng.SuiteRunnerWorker.run(SuiteRunnerWorker.java:95) [testng-7.6.1.jar:7.6.1]
	at org.testng.TestNG.runSuitesSequentially(TestNG.java:1256) [testng-7.6.1.jar:7.6.1]
	at org.testng.TestNG.runSuitesLocally(TestNG.java:1176) [testng-7.6.1.jar:7.6.1]
	at org.testng.TestNG.runSuites(TestNG.java:1099) [testng-7.6.1.jar:7.6.1]
	at org.testng.TestNG.run(TestNG.java:1067) [testng-7.6.1.jar:7.6.1]
	at org.apache.maven.surefire.testng.TestNGExecutor.run(TestNGExecutor.java:308) [surefire-testng-3.2.5.jar:3.2.5]
	at org.apache.maven.surefire.testng.TestNGXmlTestSuite.execute(TestNGXmlTestSuite.java:71) [surefire-testng-3.2.5.jar:3.2.5]
	at org.apache.maven.surefire.testng.TestNGProvider.invoke(TestNGProvider.java:113) [surefire-testng-3.2.5.jar:3.2.5]
	at org.apache.maven.surefire.booter.ForkedBooter.runSuitesInProcess(ForkedBooter.java:385) [surefire-booter-3.2.5.jar:3.2.5]
	at org.apache.maven.surefire.booter.ForkedBooter.execute(ForkedBooter.java:162) [surefire-booter-3.2.5.jar:3.2.5]
	at org.apache.maven.surefire.booter.ForkedBooter.run(ForkedBooter.java:507) [surefire-booter-3.2.5.jar:3.2.5]
	at org.apache.maven.surefire.booter.ForkedBooter.main(ForkedBooter.java:495) [surefire-booter-3.2.5.jar:3.2.5]
]]></system-out>
  </testcase>
  <testcase name="runScenario[&quot;Submit Contact Us form with empty name&quot;, &quot;Contact Us Functionality&quot;](7)" classname="runners.TestNGRunner" time="5.749">
    <system-out><![CDATA[
@contact @tc007
Scenario: Submit Contact Us form with empty name                                                   # src/test/resources/features/contact.feature:8
started
14:59:54 [main] INFO  utils.ReusableFunctions - Opened URL: http://webapps.tekstac.com/SeleniumApp1/EventManagement/index.html
  Given launched the browser and opened the web application                                        # stepDefinations.ContactTest.launched_the_browser_and_opened_the_web_application()
14:59:55 [main] INFO  utils.ReusableFunctions - Element is visible: [[ChromeDriver: chrome on windows (7f61e8e90c224d8964f2d38da433b535)] -> id: contact_name]
14:59:55 [main] INFO  utils.ReusableFunctions - Entered text '' into element: [[ChromeDriver: chrome on windows (7f61e8e90c224d8964f2d38da433b535)] -> id: contact_name]
14:59:55 [main] INFO  utils.ReusableFunctions - Element is visible: [[ChromeDriver: chrome on windows (7f61e8e90c224d8964f2d38da433b535)] -> id: contact_email]
14:59:55 [main] INFO  utils.ReusableFunctions - Entered text 'chaitanya@email.com' into element: [[ChromeDriver: chrome on windows (7f61e8e90c224d8964f2d38da433b535)] -> id: contact_email]
14:59:55 [main] INFO  utils.ReusableFunctions - Element is visible: [[ChromeDriver: chrome on windows (7f61e8e90c224d8964f2d38da433b535)] -> id: contact_subject]
14:59:55 [main] INFO  utils.ReusableFunctions - Entered text 'regarding ticket' into element: [[ChromeDriver: chrome on windows (7f61e8e90c224d8964f2d38da433b535)] -> id: contact_subject]
14:59:55 [main] INFO  utils.ReusableFunctions - Element is visible: [[ChromeDriver: chrome on windows (7f61e8e90c224d8964f2d38da433b535)] -> id: contact_message]
14:59:56 [main] INFO  utils.ReusableFunctions - Entered text 'My ticket is not resolved' into element: [[ChromeDriver: chrome on windows (7f61e8e90c224d8964f2d38da433b535)] -> id: contact_message]
  When user enters details "" "chaitanya@email.com" "regarding ticket" "My ticket is not resolved" # stepDefinations.ContactTest.user_enters_details(java.lang.String,java.lang.String,java.lang.String,java.lang.String)
14:59:56 [main] INFO  utils.ReusableFunctions - Element is clickable: [[ChromeDriver: chrome on windows (7f61e8e90c224d8964f2d38da433b535)] -> id: message]
14:59:56 [main] INFO  utils.ReusableFunctions - Clicked element: [[ChromeDriver: chrome on windows (7f61e8e90c224d8964f2d38da433b535)] -> id: message]
  And user clicks Send Message Now                                                                 # stepDefinations.ContactTest.user_clicks_send_message_now()
14:59:56 [main] INFO  utils.ReusableFunctions - Got text 'Your name is required' from element: [[ChromeDriver: chrome on windows (7f61e8e90c224d8964f2d38da433b535)] -> id: contactNameErr]
  Then required message for name should be shown                                                   # stepDefinations.ContactTest.required_message_for_name_should_be_shown()
]]></system-out>
  </testcase>
  <testcase name="runScenario[&quot;Submit Contact Us form with invalid email&quot;, &quot;Contact Us Functionality&quot;](8)" classname="runners.TestNGRunner" time="5.995">
    <failure message="expected [Invalid Email] but found []" type="java.lang.AssertionError"><![CDATA[java.lang.AssertionError: expected [Invalid Email] but found []
	at org.testng.Assert.fail(Assert.java:110)
	at org.testng.Assert.failNotEquals(Assert.java:1413)
	at org.testng.Assert.assertEqualsImpl(Assert.java:149)
	at org.testng.Assert.assertEquals(Assert.java:131)
	at org.testng.Assert.assertEquals(Assert.java:655)
	at org.testng.Assert.assertEquals(Assert.java:665)
	at stepDefinations.ContactTest.message_for_invalid_email_should_be_shown(ContactTest.java:58)
	at ✽.message for invalid email should be shown(file:///D:/EclipseProjects/event-management-system/src/test/resources/features/contact.feature:17)
]]></failure>
    <system-out><![CDATA[
@contact @tc008
Scenario: Submit Contact Us form with invalid email                                         # src/test/resources/features/contact.feature:14
started
14:59:59 [main] INFO  utils.ReusableFunctions - Opened URL: http://webapps.tekstac.com/SeleniumApp1/EventManagement/index.html
  Given launched the browser and opened the web application                                 # stepDefinations.ContactTest.launched_the_browser_and_opened_the_web_application()
15:00:01 [main] INFO  utils.ReusableFunctions - Element is visible: [[ChromeDriver: chrome on windows (7f61e8e90c224d8964f2d38da433b535)] -> id: contact_name]
15:00:01 [main] INFO  utils.ReusableFunctions - Entered text 'chaitanya' into element: [[ChromeDriver: chrome on windows (7f61e8e90c224d8964f2d38da433b535)] -> id: contact_name]
15:00:01 [main] INFO  utils.ReusableFunctions - Element is visible: [[ChromeDriver: chrome on windows (7f61e8e90c224d8964f2d38da433b535)] -> id: contact_email]
15:00:01 [main] INFO  utils.ReusableFunctions - Entered text 'abc' into element: [[ChromeDriver: chrome on windows (7f61e8e90c224d8964f2d38da433b535)] -> id: contact_email]
15:00:01 [main] INFO  utils.ReusableFunctions - Element is visible: [[ChromeDriver: chrome on windows (7f61e8e90c224d8964f2d38da433b535)] -> id: contact_subject]
15:00:01 [main] INFO  utils.ReusableFunctions - Entered text 'regarding ticket' into element: [[ChromeDriver: chrome on windows (7f61e8e90c224d8964f2d38da433b535)] -> id: contact_subject]
15:00:01 [main] INFO  utils.ReusableFunctions - Element is visible: [[ChromeDriver: chrome on windows (7f61e8e90c224d8964f2d38da433b535)] -> id: contact_message]
15:00:01 [main] INFO  utils.ReusableFunctions - Entered text 'My ticket is not resolved' into element: [[ChromeDriver: chrome on windows (7f61e8e90c224d8964f2d38da433b535)] -> id: contact_message]
  When user enters details "chaitanya" "abc" "regarding ticket" "My ticket is not resolved" # stepDefinations.ContactTest.user_enters_details(java.lang.String,java.lang.String,java.lang.String,java.lang.String)
15:00:01 [main] INFO  utils.ReusableFunctions - Element is clickable: [[ChromeDriver: chrome on windows (7f61e8e90c224d8964f2d38da433b535)] -> id: message]
15:00:01 [main] INFO  utils.ReusableFunctions - Clicked element: [[ChromeDriver: chrome on windows (7f61e8e90c224d8964f2d38da433b535)] -> id: message]
  And user clicks Send Message Now                                                          # stepDefinations.ContactTest.user_clicks_send_message_now()
15:00:02 [main] INFO  utils.ReusableFunctions - Got text '' from element: [[ChromeDriver: chrome on windows (7f61e8e90c224d8964f2d38da433b535)] -> id: contactEmailErr]
  Then message for invalid email should be shown                                            # stepDefinations.ContactTest.message_for_invalid_email_should_be_shown()
      java.lang.AssertionError: expected [Invalid Email] but found []
	at org.testng.Assert.fail(Assert.java:110)
	at org.testng.Assert.failNotEquals(Assert.java:1413)
	at org.testng.Assert.assertEqualsImpl(Assert.java:149)
	at org.testng.Assert.assertEquals(Assert.java:131)
	at org.testng.Assert.assertEquals(Assert.java:655)
	at org.testng.Assert.assertEquals(Assert.java:665)
	at stepDefinations.ContactTest.message_for_invalid_email_should_be_shown(ContactTest.java:58)
	at ✽.message for invalid email should be shown(file:///D:/EclipseProjects/event-management-system/src/test/resources/features/contact.feature:17)

15:00:05 [main] INFO  hooks.Hooks - Scenario failed: Submit Contact Us form with invalid email

    Embedding Submit Contact Us form with invalid email [image/png 402494 bytes]

15:00:05 [main] ERROR hooks.Hooks - Failed to capture or attach screenshot for failed scenario
java.lang.NullPointerException: Cannot invoke "com.aventstack.extentreports.ExtentTest.fail(String, com.aventstack.extentreports.model.Media)" because the return value of "utils.ExtentReportManager.getTest()" is null
	at hooks.Hooks.afterScenario(Hooks.java:43) ~[test-classes/:?]
	at jdk.internal.reflect.DirectMethodHandleAccessor.invoke(DirectMethodHandleAccessor.java:103) ~[?:?]
	at java.lang.reflect.Method.invoke(Method.java:580) ~[?:?]
	at io.cucumber.java.Invoker.doInvoke(Invoker.java:66) ~[cucumber-java-7.16.1.jar:7.16.1]
	at io.cucumber.java.Invoker.invoke(Invoker.java:24) ~[cucumber-java-7.16.1.jar:7.16.1]
	at io.cucumber.java.AbstractGlueDefinition.invokeMethod(AbstractGlueDefinition.java:47) ~[cucumber-java-7.16.1.jar:7.16.1]
	at io.cucumber.java.JavaHookDefinition.execute(JavaHookDefinition.java:64) ~[cucumber-java-7.16.1.jar:7.16.1]
	at io.cucumber.core.runner.CoreHookDefinition.execute(CoreHookDefinition.java:46) ~[cucumber-core-7.12.0.jar:7.12.0]
	at io.cucumber.core.runner.HookDefinitionMatch.runStep(HookDefinitionMatch.java:21) ~[cucumber-core-7.12.0.jar:7.12.0]
	at io.cucumber.core.runner.ExecutionMode$1.execute(ExecutionMode.java:10) ~[cucumber-core-7.12.0.jar:7.12.0]
	at io.cucumber.core.runner.TestStep.executeStep(TestStep.java:84) ~[cucumber-core-7.12.0.jar:7.12.0]
	at io.cucumber.core.runner.TestStep.run(TestStep.java:56) ~[cucumber-core-7.12.0.jar:7.12.0]
	at io.cucumber.core.runner.TestCase.run(TestCase.java:90) ~[cucumber-core-7.12.0.jar:7.12.0]
	at io.cucumber.core.runner.Runner.runPickle(Runner.java:75) ~[cucumber-core-7.12.0.jar:7.12.0]
	at io.cucumber.testng.TestNGCucumberRunner.lambda$runScenario$1(TestNGCucumberRunner.java:132) ~[cucumber-testng-7.12.0.jar:7.12.0]
	at io.cucumber.core.runtime.CucumberExecutionContext.lambda$runTestCase$5(CucumberExecutionContext.java:137) ~[cucumber-core-7.12.0.jar:7.12.0]
	at io.cucumber.core.runtime.RethrowingThrowableCollector.executeAndThrow(RethrowingThrowableCollector.java:23) ~[cucumber-core-7.12.0.jar:7.12.0]
	at io.cucumber.core.runtime.CucumberExecutionContext.runTestCase(CucumberExecutionContext.java:137) ~[cucumber-core-7.12.0.jar:7.12.0]
	at io.cucumber.testng.TestNGCucumberRunner.runScenario(TestNGCucumberRunner.java:129) ~[cucumber-testng-7.12.0.jar:7.12.0]
	at io.cucumber.testng.AbstractTestNGCucumberTests.runScenario(AbstractTestNGCucumberTests.java:35) ~[cucumber-testng-7.12.0.jar:7.12.0]
	at jdk.internal.reflect.DirectMethodHandleAccessor.invoke(DirectMethodHandleAccessor.java:103) ~[?:?]
	at java.lang.reflect.Method.invoke(Method.java:580) ~[?:?]
	at org.testng.internal.invokers.MethodInvocationHelper.invokeMethod(MethodInvocationHelper.java:139) ~[testng-7.6.1.jar:7.6.1]
	at org.testng.internal.invokers.TestInvoker.invokeMethod(TestInvoker.java:677) ~[testng-7.6.1.jar:7.6.1]
	at org.testng.internal.invokers.TestInvoker.invokeTestMethod(TestInvoker.java:221) ~[testng-7.6.1.jar:7.6.1]
	at org.testng.internal.invokers.MethodRunner.runInSequence(MethodRunner.java:50) ~[testng-7.6.1.jar:7.6.1]
	at org.testng.internal.invokers.TestInvoker$MethodInvocationAgent.invoke(TestInvoker.java:962) ~[testng-7.6.1.jar:7.6.1]
	at org.testng.internal.invokers.TestInvoker.invokeTestMethods(TestInvoker.java:194) ~[testng-7.6.1.jar:7.6.1]
	at org.testng.internal.invokers.TestMethodWorker.invokeTestMethods(TestMethodWorker.java:148) ~[testng-7.6.1.jar:7.6.1]
	at org.testng.internal.invokers.TestMethodWorker.run(TestMethodWorker.java:128) ~[testng-7.6.1.jar:7.6.1]
	at java.util.ArrayList.forEach(ArrayList.java:1596) [?:?]
	at org.testng.TestRunner.privateRun(TestRunner.java:806) [testng-7.6.1.jar:7.6.1]
	at org.testng.TestRunner.run(TestRunner.java:601) [testng-7.6.1.jar:7.6.1]
	at org.testng.SuiteRunner.runTest(SuiteRunner.java:433) [testng-7.6.1.jar:7.6.1]
	at org.testng.SuiteRunner.runSequentially(SuiteRunner.java:427) [testng-7.6.1.jar:7.6.1]
	at org.testng.SuiteRunner.privateRun(SuiteRunner.java:387) [testng-7.6.1.jar:7.6.1]
	at org.testng.SuiteRunner.run(SuiteRunner.java:330) [testng-7.6.1.jar:7.6.1]
	at org.testng.SuiteRunnerWorker.runSuite(SuiteRunnerWorker.java:52) [testng-7.6.1.jar:7.6.1]
	at org.testng.SuiteRunnerWorker.run(SuiteRunnerWorker.java:95) [testng-7.6.1.jar:7.6.1]
	at org.testng.TestNG.runSuitesSequentially(TestNG.java:1256) [testng-7.6.1.jar:7.6.1]
	at org.testng.TestNG.runSuitesLocally(TestNG.java:1176) [testng-7.6.1.jar:7.6.1]
	at org.testng.TestNG.runSuites(TestNG.java:1099) [testng-7.6.1.jar:7.6.1]
	at org.testng.TestNG.run(TestNG.java:1067) [testng-7.6.1.jar:7.6.1]
	at org.apache.maven.surefire.testng.TestNGExecutor.run(TestNGExecutor.java:308) [surefire-testng-3.2.5.jar:3.2.5]
	at org.apache.maven.surefire.testng.TestNGXmlTestSuite.execute(TestNGXmlTestSuite.java:71) [surefire-testng-3.2.5.jar:3.2.5]
	at org.apache.maven.surefire.testng.TestNGProvider.invoke(TestNGProvider.java:113) [surefire-testng-3.2.5.jar:3.2.5]
	at org.apache.maven.surefire.booter.ForkedBooter.runSuitesInProcess(ForkedBooter.java:385) [surefire-booter-3.2.5.jar:3.2.5]
	at org.apache.maven.surefire.booter.ForkedBooter.execute(ForkedBooter.java:162) [surefire-booter-3.2.5.jar:3.2.5]
	at org.apache.maven.surefire.booter.ForkedBooter.run(ForkedBooter.java:507) [surefire-booter-3.2.5.jar:3.2.5]
	at org.apache.maven.surefire.booter.ForkedBooter.main(ForkedBooter.java:495) [surefire-booter-3.2.5.jar:3.2.5]
]]></system-out>
  </testcase>
  <testcase name="runScenario[&quot;Get status if message is sent successfully&quot;, &quot;Contact Us Functionality&quot;](9)" classname="runners.TestNGRunner" time="9.463">
    <system-out><![CDATA[
@contact @tc009
Scenario: Get status if message is sent successfully                                                        # src/test/resources/features/contact.feature:20
started
15:00:05 [main] INFO  utils.ReusableFunctions - Opened URL: http://webapps.tekstac.com/SeleniumApp1/EventManagement/index.html
  Given launched the browser and opened the web application                                                 # stepDefinations.ContactTest.launched_the_browser_and_opened_the_web_application()
15:00:07 [main] INFO  utils.ReusableFunctions - Element is visible: [[ChromeDriver: chrome on windows (7f61e8e90c224d8964f2d38da433b535)] -> id: contact_name]
15:00:07 [main] INFO  utils.ReusableFunctions - Entered text 'chaitanya' into element: [[ChromeDriver: chrome on windows (7f61e8e90c224d8964f2d38da433b535)] -> id: contact_name]
15:00:07 [main] INFO  utils.ReusableFunctions - Element is visible: [[ChromeDriver: chrome on windows (7f61e8e90c224d8964f2d38da433b535)] -> id: contact_email]
15:00:07 [main] INFO  utils.ReusableFunctions - Entered text 'chaitanya@email.com' into element: [[ChromeDriver: chrome on windows (7f61e8e90c224d8964f2d38da433b535)] -> id: contact_email]
15:00:07 [main] INFO  utils.ReusableFunctions - Element is visible: [[ChromeDriver: chrome on windows (7f61e8e90c224d8964f2d38da433b535)] -> id: contact_subject]
15:00:07 [main] INFO  utils.ReusableFunctions - Entered text 'regarding ticket' into element: [[ChromeDriver: chrome on windows (7f61e8e90c224d8964f2d38da433b535)] -> id: contact_subject]
15:00:07 [main] INFO  utils.ReusableFunctions - Element is visible: [[ChromeDriver: chrome on windows (7f61e8e90c224d8964f2d38da433b535)] -> id: contact_message]
15:00:07 [main] INFO  utils.ReusableFunctions - Entered text 'My ticket is not resolved' into element: [[ChromeDriver: chrome on windows (7f61e8e90c224d8964f2d38da433b535)] -> id: contact_message]
  When user enters details "chaitanya" "chaitanya@email.com" "regarding ticket" "My ticket is not resolved" # stepDefinations.ContactTest.user_enters_details(java.lang.String,java.lang.String,java.lang.String,java.lang.String)
15:00:07 [main] INFO  utils.ReusableFunctions - Element is clickable: [[ChromeDriver: chrome on windows (7f61e8e90c224d8964f2d38da433b535)] -> id: message]
15:00:07 [main] INFO  utils.ReusableFunctions - Clicked element: [[ChromeDriver: chrome on windows (7f61e8e90c224d8964f2d38da433b535)] -> id: message]
  And user clicks Send Message Now                                                                          # stepDefinations.ContactTest.user_clicks_send_message_now()
15:00:11 [main] INFO  utils.ReusableFunctions - Got text 'Your message has been sent !' from element: [[ChromeDriver: chrome on windows (7f61e8e90c224d8964f2d38da433b535)] -> id: mesgtab]
  Then status of sent message should be shown                                                               # stepDefinations.ContactTest.status_of_sent_message_should_be_shown()
]]></system-out>
  </testcase>
</testsuite>