<?xml version="1.0" encoding="UTF-8"?>
<testsuite xmlns:xsi="http://www.w3.org/2001/XMLSchema-instance" xsi:noNamespaceSchemaLocation="https://maven.apache.org/surefire/maven-surefire-plugin/xsd/surefire-test-report-3.0.xsd" version="3.0" name="TestSuite" time="68.67" tests="9" errors="0" skipped="0" failures="5">
  <properties>
    <property name="java.specification.version" value="21"/>
    <property name="webdriver.chrome.driver" value="C:\Users\Chaitanya Malshikare\.cache\selenium\chromedriver\win64\138.0.7204.183\chromedriver.exe"/>
    <property name="sun.cpu.isalist" value="amd64"/>
    <property name="sun.jnu.encoding" value="Cp1252"/>
    <property name="java.class.path" value="D:\EclipseProjects\event-management-system\target\test-classes;D:\EclipseProjects\event-management-system\target\classes;C:\Users\Chaitanya Malshikare\.m2\repository\org\seleniumhq\selenium\selenium-java\4.12.1\selenium-java-4.12.1.jar;C:\Users\Chaitanya Malshikare\.m2\repository\org\seleniumhq\selenium\selenium-api\4.12.1\selenium-api-4.12.1.jar;C:\Users\Chaitanya Malshikare\.m2\repository\org\seleniumhq\selenium\selenium-chrome-driver\4.12.1\selenium-chrome-driver-4.12.1.jar;C:\Users\Chaitanya Malshikare\.m2\repository\com\google\auto\service\auto-service-annotations\1.1.1\auto-service-annotations-1.1.1.jar;C:\Users\Chaitanya Malshikare\.m2\repository\com\google\guava\guava\32.1.2-jre\guava-32.1.2-jre.jar;C:\Users\Chaitanya Malshikare\.m2\repository\com\google\guava\failureaccess\1.0.1\failureaccess-1.0.1.jar;C:\Users\Chaitanya Malshikare\.m2\repository\com\google\guava\listenablefuture\9999.0-empty-to-avoid-conflict-with-guava\listenablefuture-9999.0-empty-to-avoid-conflict-with-guava.jar;C:\Users\Chaitanya Malshikare\.m2\repository\org\checkerframework\checker-qual\3.33.0\checker-qual-3.33.0.jar;C:\Users\Chaitanya Malshikare\.m2\repository\com\google\errorprone\error_prone_annotations\2.18.0\error_prone_annotations-2.18.0.jar;C:\Users\Chaitanya Malshikare\.m2\repository\com\google\j2objc\j2objc-annotations\2.8\j2objc-annotations-2.8.jar;C:\Users\Chaitanya Malshikare\.m2\repository\org\seleniumhq\selenium\selenium-chromium-driver\4.12.1\selenium-chromium-driver-4.12.1.jar;C:\Users\Chaitanya Malshikare\.m2\repository\org\seleniumhq\selenium\selenium-json\4.12.1\selenium-json-4.12.1.jar;C:\Users\Chaitanya Malshikare\.m2\repository\org\seleniumhq\selenium\selenium-manager\4.12.1\selenium-manager-4.12.1.jar;C:\Users\Chaitanya Malshikare\.m2\repository\org\seleniumhq\selenium\selenium-devtools-v114\4.12.1\selenium-devtools-v114-4.12.1.jar;C:\Users\Chaitanya Malshikare\.m2\repository\org\seleniumhq\selenium\selenium-devtools-v115\4.12.1\selenium-devtools-v115-4.12.1.jar;C:\Users\Chaitanya Malshikare\.m2\repository\org\seleniumhq\selenium\selenium-devtools-v116\4.12.1\selenium-devtools-v116-4.12.1.jar;C:\Users\Chaitanya Malshikare\.m2\repository\org\seleniumhq\selenium\selenium-devtools-v85\4.12.1\selenium-devtools-v85-4.12.1.jar;C:\Users\Chaitanya Malshikare\.m2\repository\org\seleniumhq\selenium\selenium-edge-driver\4.12.1\selenium-edge-driver-4.12.1.jar;C:\Users\Chaitanya Malshikare\.m2\repository\org\seleniumhq\selenium\selenium-firefox-driver\4.12.1\selenium-firefox-driver-4.12.1.jar;C:\Users\Chaitanya Malshikare\.m2\repository\org\seleniumhq\selenium\selenium-http\4.12.1\selenium-http-4.12.1.jar;C:\Users\Chaitanya Malshikare\.m2\repository\dev\failsafe\failsafe\3.3.2\failsafe-3.3.2.jar;C:\Users\Chaitanya Malshikare\.m2\repository\org\seleniumhq\selenium\selenium-ie-driver\4.12.1\selenium-ie-driver-4.12.1.jar;C:\Users\Chaitanya Malshikare\.m2\repository\org\seleniumhq\selenium\selenium-remote-driver\4.12.1\selenium-remote-driver-4.12.1.jar;C:\Users\Chaitanya Malshikare\.m2\repository\io\netty\netty-buffer\4.1.96.Final\netty-buffer-4.1.96.Final.jar;C:\Users\Chaitanya Malshikare\.m2\repository\io\netty\netty-codec-http\4.1.96.Final\netty-codec-http-4.1.96.Final.jar;C:\Users\Chaitanya Malshikare\.m2\repository\io\netty\netty-codec\4.1.96.Final\netty-codec-4.1.96.Final.jar;C:\Users\Chaitanya Malshikare\.m2\repository\io\netty\netty-handler\4.1.96.Final\netty-handler-4.1.96.Final.jar;C:\Users\Chaitanya Malshikare\.m2\repository\io\netty\netty-common\4.1.96.Final\netty-common-4.1.96.Final.jar;C:\Users\Chaitanya Malshikare\.m2\repository\io\netty\netty-transport-classes-epoll\4.1.96.Final\netty-transport-classes-epoll-4.1.96.Final.jar;C:\Users\Chaitanya Malshikare\.m2\repository\io\netty\netty-transport-classes-kqueue\4.1.96.Final\netty-transport-classes-kqueue-4.1.96.Final.jar;C:\Users\Chaitanya Malshikare\.m2\repository\io\netty\netty-transport-native-epoll\4.1.96.Final\netty-transport-native-epoll-4.1.96.Final.jar;C:\Users\Chaitanya Malshikare\.m2\repository\io\netty\netty-transport-native-kqueue\4.1.96.Final\netty-transport-native-kqueue-4.1.96.Final.jar;C:\Users\Chaitanya Malshikare\.m2\repository\io\netty\netty-transport-native-unix-common\4.1.96.Final\netty-transport-native-unix-common-4.1.96.Final.jar;C:\Users\Chaitanya Malshikare\.m2\repository\io\netty\netty-transport\4.1.96.Final\netty-transport-4.1.96.Final.jar;C:\Users\Chaitanya Malshikare\.m2\repository\io\netty\netty-resolver\4.1.96.Final\netty-resolver-4.1.96.Final.jar;C:\Users\Chaitanya Malshikare\.m2\repository\io\opentelemetry\opentelemetry-api\1.28.0\opentelemetry-api-1.28.0.jar;C:\Users\Chaitanya Malshikare\.m2\repository\io\opentelemetry\opentelemetry-context\1.28.0\opentelemetry-context-1.28.0.jar;C:\Users\Chaitanya Malshikare\.m2\repository\io\opentelemetry\opentelemetry-exporter-logging\1.28.0\opentelemetry-exporter-logging-1.28.0.jar;C:\Users\Chaitanya Malshikare\.m2\repository\io\opentelemetry\opentelemetry-sdk-metrics\1.28.0\opentelemetry-sdk-metrics-1.28.0.jar;C:\Users\Chaitanya Malshikare\.m2\repository\io\opentelemetry\opentelemetry-extension-incubator\1.28.0-alpha\opentelemetry-extension-incubator-1.28.0-alpha.jar;C:\Users\Chaitanya Malshikare\.m2\repository\io\opentelemetry\opentelemetry-sdk-logs\1.28.0\opentelemetry-sdk-logs-1.28.0.jar;C:\Users\Chaitanya Malshikare\.m2\repository\io\opentelemetry\opentelemetry-sdk-common\1.28.0\opentelemetry-sdk-common-1.28.0.jar;C:\Users\Chaitanya Malshikare\.m2\repository\io\opentelemetry\opentelemetry-sdk-extension-autoconfigure-spi\1.28.0\opentelemetry-sdk-extension-autoconfigure-spi-1.28.0.jar;C:\Users\Chaitanya Malshikare\.m2\repository\io\opentelemetry\opentelemetry-sdk-extension-autoconfigure\1.28.0\opentelemetry-sdk-extension-autoconfigure-1.28.0.jar;C:\Users\Chaitanya Malshikare\.m2\repository\io\opentelemetry\opentelemetry-api-events\1.28.0-alpha\opentelemetry-api-events-1.28.0-alpha.jar;C:\Users\Chaitanya Malshikare\.m2\repository\io\opentelemetry\opentelemetry-sdk-trace\1.28.0\opentelemetry-sdk-trace-1.28.0.jar;C:\Users\Chaitanya Malshikare\.m2\repository\io\opentelemetry\opentelemetry-sdk\1.28.0\opentelemetry-sdk-1.28.0.jar;C:\Users\Chaitanya Malshikare\.m2\repository\io\opentelemetry\opentelemetry-semconv\1.28.0-alpha\opentelemetry-semconv-1.28.0-alpha.jar;C:\Users\Chaitanya Malshikare\.m2\repository\net\bytebuddy\byte-buddy\1.14.5\byte-buddy-1.14.5.jar;C:\Users\Chaitanya Malshikare\.m2\repository\org\asynchttpclient\async-http-client\2.12.3\async-http-client-2.12.3.jar;C:\Users\Chaitanya Malshikare\.m2\repository\org\asynchttpclient\async-http-client-netty-utils\2.12.3\async-http-client-netty-utils-2.12.3.jar;C:\Users\Chaitanya Malshikare\.m2\repository\io\netty\netty-codec-socks\4.1.60.Final\netty-codec-socks-4.1.60.Final.jar;C:\Users\Chaitanya Malshikare\.m2\repository\io\netty\netty-handler-proxy\4.1.60.Final\netty-handler-proxy-4.1.60.Final.jar;C:\Users\Chaitanya Malshikare\.m2\repository\io\netty\netty-transport-native-epoll\4.1.60.Final\netty-transport-native-epoll-4.1.60.Final-linux-x86_64.jar;C:\Users\Chaitanya Malshikare\.m2\repository\io\netty\netty-transport-native-kqueue\4.1.60.Final\netty-transport-native-kqueue-4.1.60.Final-osx-x86_64.jar;C:\Users\Chaitanya Malshikare\.m2\repository\com\typesafe\netty\netty-reactive-streams\2.0.4\netty-reactive-streams-2.0.4.jar;C:\Users\Chaitanya Malshikare\.m2\repository\com\sun\activation\jakarta.activation\1.2.2\jakarta.activation-1.2.2.jar;C:\Users\Chaitanya Malshikare\.m2\repository\org\seleniumhq\selenium\selenium-os\4.12.1\selenium-os-4.12.1.jar;C:\Users\Chaitanya Malshikare\.m2\repository\org\apache\commons\commons-exec\1.3\commons-exec-1.3.jar;C:\Users\Chaitanya Malshikare\.m2\repository\org\seleniumhq\selenium\selenium-safari-driver\4.12.1\selenium-safari-driver-4.12.1.jar;C:\Users\Chaitanya Malshikare\.m2\repository\org\seleniumhq\selenium\selenium-support\4.12.1\selenium-support-4.12.1.jar;C:\Users\Chaitanya Malshikare\.m2\repository\com\aventstack\extentreports\5.1.1\extentreports-5.1.1.jar;C:\Users\Chaitanya Malshikare\.m2\repository\io\reactivex\rxjava3\rxjava\3.1.6\rxjava-3.1.6.jar;C:\Users\Chaitanya Malshikare\.m2\repository\org\reactivestreams\reactive-streams\1.0.4\reactive-streams-1.0.4.jar;C:\Users\Chaitanya Malshikare\.m2\repository\org\freemarker\freemarker\2.3.32\freemarker-2.3.32.jar;C:\Users\Chaitanya Malshikare\.m2\repository\org\projectlombok\lombok\1.18.26\lombok-1.18.26.jar;C:\Users\Chaitanya Malshikare\.m2\repository\com\google\code\gson\gson\2.10.1\gson-2.10.1.jar;C:\Users\Chaitanya Malshikare\.m2\repository\io\cucumber\cucumber-testng\7.12.0\cucumber-testng-7.12.0.jar;C:\Users\Chaitanya Malshikare\.m2\repository\org\apiguardian\apiguardian-api\1.1.2\apiguardian-api-1.1.2.jar;C:\Users\Chaitanya Malshikare\.m2\repository\io\cucumber\cucumber-core\7.12.0\cucumber-core-7.12.0.jar;C:\Users\Chaitanya Malshikare\.m2\repository\io\cucumber\cucumber-gherkin\7.12.0\cucumber-gherkin-7.12.0.jar;C:\Users\Chaitanya Malshikare\.m2\repository\io\cucumber\cucumber-gherkin-messages\7.12.0\cucumber-gherkin-messages-7.12.0.jar;C:\Users\Chaitanya Malshikare\.m2\repository\io\cucumber\gherkin\26.2.0\gherkin-26.2.0.jar;C:\Users\Chaitanya Malshikare\.m2\repository\io\cucumber\messages\22.0.0\messages-22.0.0.jar;C:\Users\Chaitanya Malshikare\.m2\repository\io\cucumber\tag-expressions\5.0.1\tag-expressions-5.0.1.jar;C:\Users\Chaitanya Malshikare\.m2\repository\io\cucumber\cucumber-expressions\16.1.2\cucumber-expressions-16.1.2.jar;C:\Users\Chaitanya Malshikare\.m2\repository\io\cucumber\datatable\7.12.0\datatable-7.12.0.jar;C:\Users\Chaitanya Malshikare\.m2\repository\io\cucumber\cucumber-plugin\7.12.0\cucumber-plugin-7.12.0.jar;C:\Users\Chaitanya Malshikare\.m2\repository\io\cucumber\docstring\7.12.0\docstring-7.12.0.jar;C:\Users\Chaitanya Malshikare\.m2\repository\io\cucumber\html-formatter\20.3.0\html-formatter-20.3.0.jar;C:\Users\Chaitanya Malshikare\.m2\repository\io\cucumber\junit-xml-formatter\0.2.0\junit-xml-formatter-0.2.0.jar;C:\Users\Chaitanya Malshikare\.m2\repository\io\cucumber\ci-environment\9.2.0\ci-environment-9.2.0.jar;C:\Users\Chaitanya Malshikare\.m2\repository\io\cucumber\cucumber-java\7.16.1\cucumber-java-7.16.1.jar;C:\Users\Chaitanya Malshikare\.m2\repository\io\cucumber\cucumber-junit\7.16.1\cucumber-junit-7.16.1.jar;C:\Users\Chaitanya Malshikare\.m2\repository\junit\junit\4.13.2\junit-4.13.2.jar;C:\Users\Chaitanya Malshikare\.m2\repository\org\hamcrest\hamcrest-core\1.3\hamcrest-core-1.3.jar;C:\Users\Chaitanya Malshikare\.m2\repository\org\apache\logging\log4j\log4j-core\2.20.0\log4j-core-2.20.0.jar;C:\Users\Chaitanya Malshikare\.m2\repository\org\apache\logging\log4j\log4j-api\2.20.0\log4j-api-2.20.0.jar;C:\Users\Chaitanya Malshikare\.m2\repository\org\testng\testng\7.6.1\testng-7.6.1.jar;C:\Users\Chaitanya Malshikare\.m2\repository\com\google\code\findbugs\jsr305\3.0.2\jsr305-3.0.2.jar;C:\Users\Chaitanya Malshikare\.m2\repository\org\slf4j\slf4j-api\1.7.36\slf4j-api-1.7.36.jar;C:\Users\Chaitanya Malshikare\.m2\repository\com\beust\jcommander\1.82\jcommander-1.82.jar;C:\Users\Chaitanya Malshikare\.m2\repository\org\webjars\jquery\3.6.0\jquery-3.6.0.jar;C:\Users\Chaitanya Malshikare\.m2\repository\io\github\bonigarcia\webdrivermanager\5.6.2\webdrivermanager-5.6.2.jar;C:\Users\Chaitanya Malshikare\.m2\repository\com\github\docker-java\docker-java\3.3.4\docker-java-3.3.4.jar;C:\Users\Chaitanya Malshikare\.m2\repository\com\github\docker-java\docker-java-core\3.3.4\docker-java-core-3.3.4.jar;C:\Users\Chaitanya Malshikare\.m2\repository\com\github\docker-java\docker-java-api\3.3.4\docker-java-api-3.3.4.jar;C:\Users\Chaitanya Malshikare\.m2\repository\org\bouncycastle\bcpkix-jdk18on\1.76\bcpkix-jdk18on-1.76.jar;C:\Users\Chaitanya Malshikare\.m2\repository\org\bouncycastle\bcprov-jdk18on\1.76\bcprov-jdk18on-1.76.jar;C:\Users\Chaitanya Malshikare\.m2\repository\org\bouncycastle\bcutil-jdk18on\1.76\bcutil-jdk18on-1.76.jar;C:\Users\Chaitanya Malshikare\.m2\repository\org\slf4j\jcl-over-slf4j\1.7.30\jcl-over-slf4j-1.7.30.jar;C:\Users\Chaitanya Malshikare\.m2\repository\com\github\docker-java\docker-java-transport-httpclient5\3.3.4\docker-java-transport-httpclient5-3.3.4.jar;C:\Users\Chaitanya Malshikare\.m2\repository\com\github\docker-java\docker-java-transport\3.3.4\docker-java-transport-3.3.4.jar;C:\Users\Chaitanya Malshikare\.m2\repository\net\java\dev\jna\jna\5.13.0\jna-5.13.0.jar;C:\Users\Chaitanya Malshikare\.m2\repository\org\brotli\dec\0.1.2\dec-0.1.2.jar;C:\Users\Chaitanya Malshikare\.m2\repository\org\apache\commons\commons-lang3\3.13.0\commons-lang3-3.13.0.jar;C:\Users\Chaitanya Malshikare\.m2\repository\org\apache\commons\commons-compress\1.24.0\commons-compress-1.24.0.jar;C:\Users\Chaitanya Malshikare\.m2\repository\org\apache\httpcomponents\client5\httpclient5\5.2.1\httpclient5-5.2.1.jar;C:\Users\Chaitanya Malshikare\.m2\repository\org\apache\httpcomponents\core5\httpcore5\5.2\httpcore5-5.2.jar;C:\Users\Chaitanya Malshikare\.m2\repository\org\apache\httpcomponents\core5\httpcore5-h2\5.2\httpcore5-h2-5.2.jar;C:\Users\Chaitanya Malshikare\.m2\repository\net\masterthought\cucumber-reporting\5.7.5\cucumber-reporting-5.7.5.jar;C:\Users\Chaitanya Malshikare\.m2\repository\com\fasterxml\jackson\core\jackson-databind\2.13.2.2\jackson-databind-2.13.2.2.jar;C:\Users\Chaitanya Malshikare\.m2\repository\com\fasterxml\jackson\core\jackson-annotations\2.13.2\jackson-annotations-2.13.2.jar;C:\Users\Chaitanya Malshikare\.m2\repository\com\fasterxml\jackson\core\jackson-core\2.13.2\jackson-core-2.13.2.jar;C:\Users\Chaitanya Malshikare\.m2\repository\com\fasterxml\jackson\datatype\jackson-datatype-jsr310\2.13.2\jackson-datatype-jsr310-2.13.2.jar;C:\Users\Chaitanya Malshikare\.m2\repository\org\apache\velocity\velocity-engine-core\2.3\velocity-engine-core-2.3.jar;C:\Users\Chaitanya Malshikare\.m2\repository\org\apache\commons\commons-collections4\4.4\commons-collections4-4.4.jar;C:\Users\Chaitanya Malshikare\.m2\repository\joda-time\joda-time\2.12.2\joda-time-2.12.2.jar;C:\Users\Chaitanya Malshikare\.m2\repository\org\codehaus\plexus\plexus-utils\3.5.0\plexus-utils-3.5.0.jar;C:\Users\Chaitanya Malshikare\.m2\repository\org\jsoup\jsoup\1.15.4\jsoup-1.15.4.jar;C:\Users\Chaitanya Malshikare\.m2\repository\com\googlecode\owasp-java-html-sanitizer\owasp-java-html-sanitizer\20220608.1\owasp-java-html-sanitizer-20220608.1.jar;C:\Users\Chaitanya Malshikare\.m2\repository\commons-configuration\commons-configuration\1.10\commons-configuration-1.10.jar;C:\Users\Chaitanya Malshikare\.m2\repository\commons-lang\commons-lang\2.6\commons-lang-2.6.jar;C:\Users\Chaitanya Malshikare\.m2\repository\commons-logging\commons-logging\1.1.1\commons-logging-1.1.1.jar;C:\Users\Chaitanya Malshikare\.m2\repository\org\apache\poi\poi\5.2.5\poi-5.2.5.jar;C:\Users\Chaitanya Malshikare\.m2\repository\commons-codec\commons-codec\1.16.0\commons-codec-1.16.0.jar;C:\Users\Chaitanya Malshikare\.m2\repository\org\apache\commons\commons-math3\3.6.1\commons-math3-3.6.1.jar;C:\Users\Chaitanya Malshikare\.m2\repository\com\zaxxer\SparseBitSet\1.3\SparseBitSet-1.3.jar;C:\Users\Chaitanya Malshikare\.m2\repository\org\apache\poi\poi-ooxml\5.2.5\poi-ooxml-5.2.5.jar;C:\Users\Chaitanya Malshikare\.m2\repository\org\apache\poi\poi-ooxml-lite\5.2.5\poi-ooxml-lite-5.2.5.jar;C:\Users\Chaitanya Malshikare\.m2\repository\org\apache\xmlbeans\xmlbeans\5.2.0\xmlbeans-5.2.0.jar;C:\Users\Chaitanya Malshikare\.m2\repository\com\github\virtuald\curvesapi\1.08\curvesapi-1.08.jar;C:\Users\Chaitanya Malshikare\.m2\repository\commons-io\commons-io\2.13.0\commons-io-2.13.0.jar;C:\Users\Chaitanya Malshikare\.m2\repository\tech\grasshopper\extentreports-cucumber7-adapter\1.12.0\extentreports-cucumber7-adapter-1.12.0.jar;C:\Users\Chaitanya Malshikare\.m2\repository\tech\grasshopper\extent-pdf-report\2.10.0\extent-pdf-report-2.10.0.jar;C:\Users\Chaitanya Malshikare\.m2\repository\tech\grasshopper\cucumber-pdf-report\2.12.0\cucumber-pdf-report-2.12.0.jar;C:\Users\Chaitanya Malshikare\.m2\repository\org\apache\pdfbox\pdfbox\2.0.26\pdfbox-2.0.26.jar;C:\Users\Chaitanya Malshikare\.m2\repository\org\apache\pdfbox\fontbox\2.0.26\fontbox-2.0.26.jar;C:\Users\Chaitanya Malshikare\.m2\repository\org\knowm\xchart\xchart\3.8.0\xchart-3.8.0.jar;C:\Users\Chaitanya Malshikare\.m2\repository\de\erichseifert\vectorgraphics2d\VectorGraphics2D\0.13\VectorGraphics2D-0.13.jar;C:\Users\Chaitanya Malshikare\.m2\repository\de\rototor\pdfbox\graphics2d\0.30\graphics2d-0.30.jar;C:\Users\Chaitanya Malshikare\.m2\repository\com\madgag\animated-gif-lib\1.4\animated-gif-lib-1.4.jar;C:\Users\Chaitanya Malshikare\.m2\repository\org\yaml\snakeyaml\1.28\snakeyaml-1.28.jar;C:\Users\Chaitanya Malshikare\.m2\repository\tech\grasshopper\table-layout\1.5.1\table-layout-1.5.1.jar;C:\Users\Chaitanya Malshikare\.m2\repository\tech\grasshopper\rest-assured-cucumber-pdf-report\1.4.1\rest-assured-cucumber-pdf-report-1.4.1.jar;C:\Users\Chaitanya Malshikare\.m2\repository\com\aventstack\klov-reporter\5.0.9\klov-reporter-5.0.9.jar;C:\Users\Chaitanya Malshikare\.m2\repository\org\mongodb\mongodb-driver\3.6.4\mongodb-driver-3.6.4.jar;C:\Users\Chaitanya Malshikare\.m2\repository\org\mongodb\mongodb-driver-core\3.6.4\mongodb-driver-core-3.6.4.jar;C:\Users\Chaitanya Malshikare\.m2\repository\org\mongodb\bson\3.6.4\bson-3.6.4.jar;C:\Users\Chaitanya Malshikare\.m2\repository\org\apache\httpcomponents\httpclient\4.5.13\httpclient-4.5.13.jar;C:\Users\Chaitanya Malshikare\.m2\repository\org\apache\httpcomponents\httpcore\4.4.13\httpcore-4.4.13.jar;C:\Users\Chaitanya Malshikare\.m2\repository\org\apache\httpcomponents\httpmime\4.5.13\httpmime-4.5.13.jar;C:\Users\Chaitanya Malshikare\.m2\repository\tech\grasshopper\htmlextentreporter\1.0.1\htmlextentreporter-1.0.1.jar;C:\Users\Chaitanya Malshikare\.m2\repository\tech\grasshopper\extent-excel-report\1.3.0\extent-excel-report-1.3.0.jar;"/>
    <property name="java.vm.vendor" value="Oracle Corporation"/>
    <property name="sun.arch.data.model" value="64"/>
    <property name="user.variant" value=""/>
    <property name="java.vendor.url" value="https://java.oracle.com/"/>
    <property name="user.timezone" value="Asia/Calcutta"/>
    <property name="os.name" value="Windows 11"/>
    <property name="java.vm.specification.version" value="21"/>
    <property name="sun.java.launcher" value="SUN_STANDARD"/>
    <property name="user.country" value="IN"/>
    <property name="sun.boot.library.path" value="C:\Program Files\Java\jdk-21\bin"/>
    <property name="sun.java.command" value="C:\Users\Chaitanya Malshikare\AppData\Local\Temp\surefire17808798269796186692\surefirebooter-20250808145906072_3.jar C:\Users\Chaitanya Malshikare\AppData\Local\Temp\surefire17808798269796186692 2025-08-08T14-59-05_967-jvmRun1 surefire-20250808145906072_1tmp surefire_0-20250808145906072_2tmp"/>
    <property name="jdk.debug" value="release"/>
    <property name="surefire.test.class.path" value="D:\EclipseProjects\event-management-system\target\test-classes;D:\EclipseProjects\event-management-system\target\classes;C:\Users\Chaitanya Malshikare\.m2\repository\org\seleniumhq\selenium\selenium-java\4.12.1\selenium-java-4.12.1.jar;C:\Users\Chaitanya Malshikare\.m2\repository\org\seleniumhq\selenium\selenium-api\4.12.1\selenium-api-4.12.1.jar;C:\Users\Chaitanya Malshikare\.m2\repository\org\seleniumhq\selenium\selenium-chrome-driver\4.12.1\selenium-chrome-driver-4.12.1.jar;C:\Users\Chaitanya Malshikare\.m2\repository\com\google\auto\service\auto-service-annotations\1.1.1\auto-service-annotations-1.1.1.jar;C:\Users\Chaitanya Malshikare\.m2\repository\com\google\guava\guava\32.1.2-jre\guava-32.1.2-jre.jar;C:\Users\Chaitanya Malshikare\.m2\repository\com\google\guava\failureaccess\1.0.1\failureaccess-1.0.1.jar;C:\Users\Chaitanya Malshikare\.m2\repository\com\google\guava\listenablefuture\9999.0-empty-to-avoid-conflict-with-guava\listenablefuture-9999.0-empty-to-avoid-conflict-with-guava.jar;C:\Users\Chaitanya Malshikare\.m2\repository\org\checkerframework\checker-qual\3.33.0\checker-qual-3.33.0.jar;C:\Users\Chaitanya Malshikare\.m2\repository\com\google\errorprone\error_prone_annotations\2.18.0\error_prone_annotations-2.18.0.jar;C:\Users\Chaitanya Malshikare\.m2\repository\com\google\j2objc\j2objc-annotations\2.8\j2objc-annotations-2.8.jar;C:\Users\Chaitanya Malshikare\.m2\repository\org\seleniumhq\selenium\selenium-chromium-driver\4.12.1\selenium-chromium-driver-4.12.1.jar;C:\Users\Chaitanya Malshikare\.m2\repository\org\seleniumhq\selenium\selenium-json\4.12.1\selenium-json-4.12.1.jar;C:\Users\Chaitanya Malshikare\.m2\repository\org\seleniumhq\selenium\selenium-manager\4.12.1\selenium-manager-4.12.1.jar;C:\Users\Chaitanya Malshikare\.m2\repository\org\seleniumhq\selenium\selenium-devtools-v114\4.12.1\selenium-devtools-v114-4.12.1.jar;C:\Users\Chaitanya Malshikare\.m2\repository\org\seleniumhq\selenium\selenium-devtools-v115\4.12.1\selenium-devtools-v115-4.12.1.jar;C:\Users\Chaitanya Malshikare\.m2\repository\org\seleniumhq\selenium\selenium-devtools-v116\4.12.1\selenium-devtools-v116-4.12.1.jar;C:\Users\Chaitanya Malshikare\.m2\repository\org\seleniumhq\selenium\selenium-devtools-v85\4.12.1\selenium-devtools-v85-4.12.1.jar;C:\Users\Chaitanya Malshikare\.m2\repository\org\seleniumhq\selenium\selenium-edge-driver\4.12.1\selenium-edge-driver-4.12.1.jar;C:\Users\Chaitanya Malshikare\.m2\repository\org\seleniumhq\selenium\selenium-firefox-driver\4.12.1\selenium-firefox-driver-4.12.1.jar;C:\Users\Chaitanya Malshikare\.m2\repository\org\seleniumhq\selenium\selenium-http\4.12.1\selenium-http-4.12.1.jar;C:\Users\Chaitanya Malshikare\.m2\repository\dev\failsafe\failsafe\3.3.2\failsafe-3.3.2.jar;C:\Users\Chaitanya Malshikare\.m2\repository\org\seleniumhq\selenium\selenium-ie-driver\4.12.1\selenium-ie-driver-4.12.1.jar;C:\Users\Chaitanya Malshikare\.m2\repository\org\seleniumhq\selenium\selenium-remote-driver\4.12.1\selenium-remote-driver-4.12.1.jar;C:\Users\Chaitanya Malshikare\.m2\repository\io\netty\netty-buffer\4.1.96.Final\netty-buffer-4.1.96.Final.jar;C:\Users\Chaitanya Malshikare\.m2\repository\io\netty\netty-codec-http\4.1.96.Final\netty-codec-http-4.1.96.Final.jar;C:\Users\Chaitanya Malshikare\.m2\repository\io\netty\netty-codec\4.1.96.Final\netty-codec-4.1.96.Final.jar;C:\Users\Chaitanya Malshikare\.m2\repository\io\netty\netty-handler\4.1.96.Final\netty-handler-4.1.96.Final.jar;C:\Users\Chaitanya Malshikare\.m2\repository\io\netty\netty-common\4.1.96.Final\netty-common-4.1.96.Final.jar;C:\Users\Chaitanya Malshikare\.m2\repository\io\netty\netty-transport-classes-epoll\4.1.96.Final\netty-transport-classes-epoll-4.1.96.Final.jar;C:\Users\Chaitanya Malshikare\.m2\repository\io\netty\netty-transport-classes-kqueue\4.1.96.Final\netty-transport-classes-kqueue-4.1.96.Final.jar;C:\Users\Chaitanya Malshikare\.m2\repository\io\netty\netty-transport-native-epoll\4.1.96.Final\netty-transport-native-epoll-4.1.96.Final.jar;C:\Users\Chaitanya Malshikare\.m2\repository\io\netty\netty-transport-native-kqueue\4.1.96.Final\netty-transport-native-kqueue-4.1.96.Final.jar;C:\Users\Chaitanya Malshikare\.m2\repository\io\netty\netty-transport-native-unix-common\4.1.96.Final\netty-transport-native-unix-common-4.1.96.Final.jar;C:\Users\Chaitanya Malshikare\.m2\repository\io\netty\netty-transport\4.1.96.Final\netty-transport-4.1.96.Final.jar;C:\Users\Chaitanya Malshikare\.m2\repository\io\netty\netty-resolver\4.1.96.Final\netty-resolver-4.1.96.Final.jar;C:\Users\Chaitanya Malshikare\.m2\repository\io\opentelemetry\opentelemetry-api\1.28.0\opentelemetry-api-1.28.0.jar;C:\Users\Chaitanya Malshikare\.m2\repository\io\opentelemetry\opentelemetry-context\1.28.0\opentelemetry-context-1.28.0.jar;C:\Users\Chaitanya Malshikare\.m2\repository\io\opentelemetry\opentelemetry-exporter-logging\1.28.0\opentelemetry-exporter-logging-1.28.0.jar;C:\Users\Chaitanya Malshikare\.m2\repository\io\opentelemetry\opentelemetry-sdk-metrics\1.28.0\opentelemetry-sdk-metrics-1.28.0.jar;C:\Users\Chaitanya Malshikare\.m2\repository\io\opentelemetry\opentelemetry-extension-incubator\1.28.0-alpha\opentelemetry-extension-incubator-1.28.0-alpha.jar;C:\Users\Chaitanya Malshikare\.m2\repository\io\opentelemetry\opentelemetry-sdk-logs\1.28.0\opentelemetry-sdk-logs-1.28.0.jar;C:\Users\Chaitanya Malshikare\.m2\repository\io\opentelemetry\opentelemetry-sdk-common\1.28.0\opentelemetry-sdk-common-1.28.0.jar;C:\Users\Chaitanya Malshikare\.m2\repository\io\opentelemetry\opentelemetry-sdk-extension-autoconfigure-spi\1.28.0\opentelemetry-sdk-extension-autoconfigure-spi-1.28.0.jar;C:\Users\Chaitanya Malshikare\.m2\repository\io\opentelemetry\opentelemetry-sdk-extension-autoconfigure\1.28.0\opentelemetry-sdk-extension-autoconfigure-1.28.0.jar;C:\Users\Chaitanya Malshikare\.m2\repository\io\opentelemetry\opentelemetry-api-events\1.28.0-alpha\opentelemetry-api-events-1.28.0-alpha.jar;C:\Users\Chaitanya Malshikare\.m2\repository\io\opentelemetry\opentelemetry-sdk-trace\1.28.0\opentelemetry-sdk-trace-1.28.0.jar;C:\Users\Chaitanya Malshikare\.m2\repository\io\opentelemetry\opentelemetry-sdk\1.28.0\opentelemetry-sdk-1.28.0.jar;C:\Users\Chaitanya Malshikare\.m2\repository\io\opentelemetry\opentelemetry-semconv\1.28.0-alpha\opentelemetry-semconv-1.28.0-alpha.jar;C:\Users\Chaitanya Malshikare\.m2\repository\net\bytebuddy\byte-buddy\1.14.5\byte-buddy-1.14.5.jar;C:\Users\Chaitanya Malshikare\.m2\repository\org\asynchttpclient\async-http-client\2.12.3\async-http-client-2.12.3.jar;C:\Users\Chaitanya Malshikare\.m2\repository\org\asynchttpclient\async-http-client-netty-utils\2.12.3\async-http-client-netty-utils-2.12.3.jar;C:\Users\Chaitanya Malshikare\.m2\repository\io\netty\netty-codec-socks\4.1.60.Final\netty-codec-socks-4.1.60.Final.jar;C:\Users\Chaitanya Malshikare\.m2\repository\io\netty\netty-handler-proxy\4.1.60.Final\netty-handler-proxy-4.1.60.Final.jar;C:\Users\Chaitanya Malshikare\.m2\repository\io\netty\netty-transport-native-epoll\4.1.60.Final\netty-transport-native-epoll-4.1.60.Final-linux-x86_64.jar;C:\Users\Chaitanya Malshikare\.m2\repository\io\netty\netty-transport-native-kqueue\4.1.60.Final\netty-transport-native-kqueue-4.1.60.Final-osx-x86_64.jar;C:\Users\Chaitanya Malshikare\.m2\repository\com\typesafe\netty\netty-reactive-streams\2.0.4\netty-reactive-streams-2.0.4.jar;C:\Users\Chaitanya Malshikare\.m2\repository\com\sun\activation\jakarta.activation\1.2.2\jakarta.activation-1.2.2.jar;C:\Users\Chaitanya Malshikare\.m2\repository\org\seleniumhq\selenium\selenium-os\4.12.1\selenium-os-4.12.1.jar;C:\Users\Chaitanya Malshikare\.m2\repository\org\apache\commons\commons-exec\1.3\commons-exec-1.3.jar;C:\Users\Chaitanya Malshikare\.m2\repository\org\seleniumhq\selenium\selenium-safari-driver\4.12.1\selenium-safari-driver-4.12.1.jar;C:\Users\Chaitanya Malshikare\.m2\repository\org\seleniumhq\selenium\selenium-support\4.12.1\selenium-support-4.12.1.jar;C:\Users\Chaitanya Malshikare\.m2\repository\com\aventstack\extentreports\5.1.1\extentreports-5.1.1.jar;C:\Users\Chaitanya Malshikare\.m2\repository\io\reactivex\rxjava3\rxjava\3.1.6\rxjava-3.1.6.jar;C:\Users\Chaitanya Malshikare\.m2\repository\org\reactivestreams\reactive-streams\1.0.4\reactive-streams-1.0.4.jar;C:\Users\Chaitanya Malshikare\.m2\repository\org\freemarker\freemarker\2.3.32\freemarker-2.3.32.jar;C:\Users\Chaitanya Malshikare\.m2\repository\org\projectlombok\lombok\1.18.26\lombok-1.18.26.jar;C:\Users\Chaitanya Malshikare\.m2\repository\com\google\code\gson\gson\2.10.1\gson-2.10.1.jar;C:\Users\Chaitanya Malshikare\.m2\repository\io\cucumber\cucumber-testng\7.12.0\cucumber-testng-7.12.0.jar;C:\Users\Chaitanya Malshikare\.m2\repository\org\apiguardian\apiguardian-api\1.1.2\apiguardian-api-1.1.2.jar;C:\Users\Chaitanya Malshikare\.m2\repository\io\cucumber\cucumber-core\7.12.0\cucumber-core-7.12.0.jar;C:\Users\Chaitanya Malshikare\.m2\repository\io\cucumber\cucumber-gherkin\7.12.0\cucumber-gherkin-7.12.0.jar;C:\Users\Chaitanya Malshikare\.m2\repository\io\cucumber\cucumber-gherkin-messages\7.12.0\cucumber-gherkin-messages-7.12.0.jar;C:\Users\Chaitanya Malshikare\.m2\repository\io\cucumber\gherkin\26.2.0\gherkin-26.2.0.jar;C:\Users\Chaitanya Malshikare\.m2\repository\io\cucumber\messages\22.0.0\messages-22.0.0.jar;C:\Users\Chaitanya Malshikare\.m2\repository\io\cucumber\tag-expressions\5.0.1\tag-expressions-5.0.1.jar;C:\Users\Chaitanya Malshikare\.m2\repository\io\cucumber\cucumber-expressions\16.1.2\cucumber-expressions-16.1.2.jar;C:\Users\Chaitanya Malshikare\.m2\repository\io\cucumber\datatable\7.12.0\datatable-7.12.0.jar;C:\Users\Chaitanya Malshikare\.m2\repository\io\cucumber\cucumber-plugin\7.12.0\cucumber-plugin-7.12.0.jar;C:\Users\Chaitanya Malshikare\.m2\repository\io\cucumber\docstring\7.12.0\docstring-7.12.0.jar;C:\Users\Chaitanya Malshikare\.m2\repository\io\cucumber\html-formatter\20.3.0\html-formatter-20.3.0.jar;C:\Users\Chaitanya Malshikare\.m2\repository\io\cucumber\junit-xml-formatter\0.2.0\junit-xml-formatter-0.2.0.jar;C:\Users\Chaitanya Malshikare\.m2\repository\io\cucumber\ci-environment\9.2.0\ci-environment-9.2.0.jar;C:\Users\Chaitanya Malshikare\.m2\repository\io\cucumber\cucumber-java\7.16.1\cucumber-java-7.16.1.jar;C:\Users\Chaitanya Malshikare\.m2\repository\io\cucumber\cucumber-junit\7.16.1\cucumber-junit-7.16.1.jar;C:\Users\Chaitanya Malshikare\.m2\repository\junit\junit\4.13.2\junit-4.13.2.jar;C:\Users\Chaitanya Malshikare\.m2\repository\org\hamcrest\hamcrest-core\1.3\hamcrest-core-1.3.jar;C:\Users\Chaitanya Malshikare\.m2\repository\org\apache\logging\log4j\log4j-core\2.20.0\log4j-core-2.20.0.jar;C:\Users\Chaitanya Malshikare\.m2\repository\org\apache\logging\log4j\log4j-api\2.20.0\log4j-api-2.20.0.jar;C:\Users\Chaitanya Malshikare\.m2\repository\org\testng\testng\7.6.1\testng-7.6.1.jar;C:\Users\Chaitanya Malshikare\.m2\repository\com\google\code\findbugs\jsr305\3.0.2\jsr305-3.0.2.jar;C:\Users\Chaitanya Malshikare\.m2\repository\org\slf4j\slf4j-api\1.7.36\slf4j-api-1.7.36.jar;C:\Users\Chaitanya Malshikare\.m2\repository\com\beust\jcommander\1.82\jcommander-1.82.jar;C:\Users\Chaitanya Malshikare\.m2\repository\org\webjars\jquery\3.6.0\jquery-3.6.0.jar;C:\Users\Chaitanya Malshikare\.m2\repository\io\github\bonigarcia\webdrivermanager\5.6.2\webdrivermanager-5.6.2.jar;C:\Users\Chaitanya Malshikare\.m2\repository\com\github\docker-java\docker-java\3.3.4\docker-java-3.3.4.jar;C:\Users\Chaitanya Malshikare\.m2\repository\com\github\docker-java\docker-java-core\3.3.4\docker-java-core-3.3.4.jar;C:\Users\Chaitanya Malshikare\.m2\repository\com\github\docker-java\docker-java-api\3.3.4\docker-java-api-3.3.4.jar;C:\Users\Chaitanya Malshikare\.m2\repository\org\bouncycastle\bcpkix-jdk18on\1.76\bcpkix-jdk18on-1.76.jar;C:\Users\Chaitanya Malshikare\.m2\repository\org\bouncycastle\bcprov-jdk18on\1.76\bcprov-jdk18on-1.76.jar;C:\Users\Chaitanya Malshikare\.m2\repository\org\bouncycastle\bcutil-jdk18on\1.76\bcutil-jdk18on-1.76.jar;C:\Users\Chaitanya Malshikare\.m2\repository\org\slf4j\jcl-over-slf4j\1.7.30\jcl-over-slf4j-1.7.30.jar;C:\Users\Chaitanya Malshikare\.m2\repository\com\github\docker-java\docker-java-transport-httpclient5\3.3.4\docker-java-transport-httpclient5-3.3.4.jar;C:\Users\Chaitanya Malshikare\.m2\repository\com\github\docker-java\docker-java-transport\3.3.4\docker-java-transport-3.3.4.jar;C:\Users\Chaitanya Malshikare\.m2\repository\net\java\dev\jna\jna\5.13.0\jna-5.13.0.jar;C:\Users\Chaitanya Malshikare\.m2\repository\org\brotli\dec\0.1.2\dec-0.1.2.jar;C:\Users\Chaitanya Malshikare\.m2\repository\org\apache\commons\commons-lang3\3.13.0\commons-lang3-3.13.0.jar;C:\Users\Chaitanya Malshikare\.m2\repository\org\apache\commons\commons-compress\1.24.0\commons-compress-1.24.0.jar;C:\Users\Chaitanya Malshikare\.m2\repository\org\apache\httpcomponents\client5\httpclient5\5.2.1\httpclient5-5.2.1.jar;C:\Users\Chaitanya Malshikare\.m2\repository\org\apache\httpcomponents\core5\httpcore5\5.2\httpcore5-5.2.jar;C:\Users\Chaitanya Malshikare\.m2\repository\org\apache\httpcomponents\core5\httpcore5-h2\5.2\httpcore5-h2-5.2.jar;C:\Users\Chaitanya Malshikare\.m2\repository\net\masterthought\cucumber-reporting\5.7.5\cucumber-reporting-5.7.5.jar;C:\Users\Chaitanya Malshikare\.m2\repository\com\fasterxml\jackson\core\jackson-databind\2.13.2.2\jackson-databind-2.13.2.2.jar;C:\Users\Chaitanya Malshikare\.m2\repository\com\fasterxml\jackson\core\jackson-annotations\2.13.2\jackson-annotations-2.13.2.jar;C:\Users\Chaitanya Malshikare\.m2\repository\com\fasterxml\jackson\core\jackson-core\2.13.2\jackson-core-2.13.2.jar;C:\Users\Chaitanya Malshikare\.m2\repository\com\fasterxml\jackson\datatype\jackson-datatype-jsr310\2.13.2\jackson-datatype-jsr310-2.13.2.jar;C:\Users\Chaitanya Malshikare\.m2\repository\org\apache\velocity\velocity-engine-core\2.3\velocity-engine-core-2.3.jar;C:\Users\Chaitanya Malshikare\.m2\repository\org\apache\commons\commons-collections4\4.4\commons-collections4-4.4.jar;C:\Users\Chaitanya Malshikare\.m2\repository\joda-time\joda-time\2.12.2\joda-time-2.12.2.jar;C:\Users\Chaitanya Malshikare\.m2\repository\org\codehaus\plexus\plexus-utils\3.5.0\plexus-utils-3.5.0.jar;C:\Users\Chaitanya Malshikare\.m2\repository\org\jsoup\jsoup\1.15.4\jsoup-1.15.4.jar;C:\Users\Chaitanya Malshikare\.m2\repository\com\googlecode\owasp-java-html-sanitizer\owasp-java-html-sanitizer\20220608.1\owasp-java-html-sanitizer-20220608.1.jar;C:\Users\Chaitanya Malshikare\.m2\repository\commons-configuration\commons-configuration\1.10\commons-configuration-1.10.jar;C:\Users\Chaitanya Malshikare\.m2\repository\commons-lang\commons-lang\2.6\commons-lang-2.6.jar;C:\Users\Chaitanya Malshikare\.m2\repository\commons-logging\commons-logging\1.1.1\commons-logging-1.1.1.jar;C:\Users\Chaitanya Malshikare\.m2\repository\org\apache\poi\poi\5.2.5\poi-5.2.5.jar;C:\Users\Chaitanya Malshikare\.m2\repository\commons-codec\commons-codec\1.16.0\commons-codec-1.16.0.jar;C:\Users\Chaitanya Malshikare\.m2\repository\org\apache\commons\commons-math3\3.6.1\commons-math3-3.6.1.jar;C:\Users\Chaitanya Malshikare\.m2\repository\com\zaxxer\SparseBitSet\1.3\SparseBitSet-1.3.jar;C:\Users\Chaitanya Malshikare\.m2\repository\org\apache\poi\poi-ooxml\5.2.5\poi-ooxml-5.2.5.jar;C:\Users\Chaitanya Malshikare\.m2\repository\org\apache\poi\poi-ooxml-lite\5.2.5\poi-ooxml-lite-5.2.5.jar;C:\Users\Chaitanya Malshikare\.m2\repository\org\apache\xmlbeans\xmlbeans\5.2.0\xmlbeans-5.2.0.jar;C:\Users\Chaitanya Malshikare\.m2\repository\com\github\virtuald\curvesapi\1.08\curvesapi-1.08.jar;C:\Users\Chaitanya Malshikare\.m2\repository\commons-io\commons-io\2.13.0\commons-io-2.13.0.jar;C:\Users\Chaitanya Malshikare\.m2\repository\tech\grasshopper\extentreports-cucumber7-adapter\1.12.0\extentreports-cucumber7-adapter-1.12.0.jar;C:\Users\Chaitanya Malshikare\.m2\repository\tech\grasshopper\extent-pdf-report\2.10.0\extent-pdf-report-2.10.0.jar;C:\Users\Chaitanya Malshikare\.m2\repository\tech\grasshopper\cucumber-pdf-report\2.12.0\cucumber-pdf-report-2.12.0.jar;C:\Users\Chaitanya Malshikare\.m2\repository\org\apache\pdfbox\pdfbox\2.0.26\pdfbox-2.0.26.jar;C:\Users\Chaitanya Malshikare\.m2\repository\org\apache\pdfbox\fontbox\2.0.26\fontbox-2.0.26.jar;C:\Users\Chaitanya Malshikare\.m2\repository\org\knowm\xchart\xchart\3.8.0\xchart-3.8.0.jar;C:\Users\Chaitanya Malshikare\.m2\repository\de\erichseifert\vectorgraphics2d\VectorGraphics2D\0.13\VectorGraphics2D-0.13.jar;C:\Users\Chaitanya Malshikare\.m2\repository\de\rototor\pdfbox\graphics2d\0.30\graphics2d-0.30.jar;C:\Users\Chaitanya Malshikare\.m2\repository\com\madgag\animated-gif-lib\1.4\animated-gif-lib-1.4.jar;C:\Users\Chaitanya Malshikare\.m2\repository\org\yaml\snakeyaml\1.28\snakeyaml-1.28.jar;C:\Users\Chaitanya Malshikare\.m2\repository\tech\grasshopper\table-layout\1.5.1\table-layout-1.5.1.jar;C:\Users\Chaitanya Malshikare\.m2\repository\tech\grasshopper\rest-assured-cucumber-pdf-report\1.4.1\rest-assured-cucumber-pdf-report-1.4.1.jar;C:\Users\Chaitanya Malshikare\.m2\repository\com\aventstack\klov-reporter\5.0.9\klov-reporter-5.0.9.jar;C:\Users\Chaitanya Malshikare\.m2\repository\org\mongodb\mongodb-driver\3.6.4\mongodb-driver-3.6.4.jar;C:\Users\Chaitanya Malshikare\.m2\repository\org\mongodb\mongodb-driver-core\3.6.4\mongodb-driver-core-3.6.4.jar;C:\Users\Chaitanya Malshikare\.m2\repository\org\mongodb\bson\3.6.4\bson-3.6.4.jar;C:\Users\Chaitanya Malshikare\.m2\repository\org\apache\httpcomponents\httpclient\4.5.13\httpclient-4.5.13.jar;C:\Users\Chaitanya Malshikare\.m2\repository\org\apache\httpcomponents\httpcore\4.4.13\httpcore-4.4.13.jar;C:\Users\Chaitanya Malshikare\.m2\repository\org\apache\httpcomponents\httpmime\4.5.13\httpmime-4.5.13.jar;C:\Users\Chaitanya Malshikare\.m2\repository\tech\grasshopper\htmlextentreporter\1.0.1\htmlextentreporter-1.0.1.jar;C:\Users\Chaitanya Malshikare\.m2\repository\tech\grasshopper\extent-excel-report\1.3.0\extent-excel-report-1.3.0.jar;"/>
    <property name="sun.cpu.endian" value="little"/>
    <property name="user.home" value="C:\Users\Chaitanya Malshikare"/>
    <property name="user.language" value="en"/>
    <property name="java.specification.vendor" value="Oracle Corporation"/>
    <property name="java.version.date" value="2023-09-19"/>
    <property name="java.home" value="C:\Program Files\Java\jdk-21"/>
    <property name="file.separator" value="\"/>
    <property name="basedir" value="D:\EclipseProjects\event-management-system"/>
    <property name="java.vm.compressedOopsMode" value="32-bit"/>
    <property name="line.separator" value="&#10;"/>
    <property name="java.vm.specification.vendor" value="Oracle Corporation"/>
    <property name="java.specification.name" value="Java Platform API Specification"/>
    <property name="surefire.real.class.path" value="C:\Users\Chaitanya Malshikare\AppData\Local\Temp\surefire17808798269796186692\surefirebooter-20250808145906072_3.jar"/>
    <property name="user.script" value=""/>
    <property name="sun.management.compiler" value="HotSpot 64-Bit Tiered Compilers"/>
    <property name="java.runtime.version" value="21+35-LTS-2513"/>
    <property name="user.name" value="Chaitanya"/>
    <property name="stdout.encoding" value="Cp1252"/>
    <property name="path.separator" value=";"/>
    <property name="os.version" value="10.0"/>
    <property name="java.runtime.name" value="Java(TM) SE Runtime Environment"/>
    <property name="file.encoding" value="UTF-8"/>
    <property name="java.vm.name" value="Java HotSpot(TM) 64-Bit Server VM"/>
    <property name="localRepository" value="C:\Users\Chaitanya Malshikare\.m2\repository"/>
    <property name="java.vendor.url.bug" value="https://bugreport.java.com/bugreport/"/>
    <property name="java.io.tmpdir" value="C:\Users\CHAITA~1\AppData\Local\Temp\"/>
    <property name="java.version" value="21"/>
    <property name="user.dir" value="D:\EclipseProjects\event-management-system"/>
    <property name="os.arch" value="amd64"/>
    <property name="java.vm.specification.name" value="Java Virtual Machine Specification"/>
    <property name="sun.os.patch.level" value=""/>
    <property name="native.encoding" value="Cp1252"/>
    <property name="java.library.path" value="C:\Program Files\Java\jdk-21\bin;C:\WINDOWS\Sun\Java\bin;C:\WINDOWS\system32;C:\WINDOWS;C:\Program Files\Common Files\Oracle\Java\javapath;C:\WINDOWS\system32;C:\WINDOWS;C:\WINDOWS\System32\Wbem;C:\WINDOWS\System32\WindowsPowerShell\v1.0\;C:\Program Files\Git\cmd;C:\ProgramData\chocolatey\bin;C:\Program Files\nodejs\;C:\Users\Chaitanya Malshikare\AppData\Local\Programs\Python\Python311\Scripts\;C:\Users\Chaitanya Malshikare\AppData\Local\Programs\Python\Python311\;C:\Users\Chaitanya Malshikare\AppData\Local\Programs\Python\Python312\Scripts\;C:\Users\Chaitanya Malshikare\AppData\Local\Programs\Python\Python312\;C:\Users\Chaitanya Malshikare\AppData\Local\Programs\Python\Launcher\;C:\Users\Chaitanya Malshikare\AppData\Local\Microsoft\WindowsApps;C:\Program Files\JetBrains\IntelliJ IDEA Community Edition 2023.1.3\bin;;C:\MinGW\bin;C:\Program Files\Java\jdk-21\bin;D:\mongodb-win32-i386-2.6.3\bin;C:\Program Files\JetBrains\PyCharm Community Edition 2024.1.4\bin;;C:\Program Files\JetBrains\PyCharm 2024.2.0.1\bin;;C:\Program Files\JetBrains\DataSpell 2024.2\bin;;C:\Users\Chaitanya Malshikare\AppData\Local\Programs\Microsoft VS Code\bin;C:\Users\Chaitanya Malshikare\AppData\Roaming\npm;C:\Users\Chaitanya Malshikare\AppData\Local\Programs\cursor\resources\app\bin;C:\Program Files\Apache\apache-maven-3.9.11\bin;;."/>
    <property name="java.vm.info" value="mixed mode, sharing"/>
    <property name="stderr.encoding" value="Cp1252"/>
    <property name="java.vendor" value="Oracle Corporation"/>
    <property name="java.vm.version" value="21+35-LTS-2513"/>
    <property name="sun.io.unicode.encoding" value="UnicodeLittle"/>
    <property name="java.class.version" value="65.0"/>
  </properties>
  <testcase name="runScenario[&quot;Book the event with all valid details&quot;, &quot;Event Booking Functionality&quot;](1)" classname="runners.TestNGRunner" time="11.963">
    <system-out><![CDATA[
@booking @tc001
Scenario: Book the event with all valid details         # src/test/resources/features/booking.feature:8
14:59:08 [main] INFO  drivers.DriverFactory - Launching browser: chrome
14:59:10 [main] INFO  drivers.DriverFactory - Chrome browser launched
14:59:10 [main] INFO  drivers.DriverFactory - Browser window maximized and implicit wait set to 1 seconds
started
14:59:11 [main] INFO  utils.ReusableFunctions - Opened URL: http://webapps.tekstac.com/SeleniumApp1/EventManagement/index.html
  Given launched the browser and opened the application # stepDefinations.BookingTest.launched_the_browser_and_opened_the_application()
14:59:14 [main] INFO  utils.ExcelUtils - Excel file loaded: src/test/resources/test-data/bookingdata.xlsx
14:59:14 [main] INFO  utils.ReusableFunctions - Element is visible: [[ChromeDriver: chrome on windows (7f61e8e90c224d8964f2d38da433b535)] -> id: firstName]
14:59:14 [main] INFO  utils.ReusableFunctions - Entered text 'Chaitanya' into element: [[ChromeDriver: chrome on windows (7f61e8e90c224d8964f2d38da433b535)] -> id: firstName]
14:59:14 [main] INFO  utils.ReusableFunctions - Element is visible: [[ChromeDriver: chrome on windows (7f61e8e90c224d8964f2d38da433b535)] -> id: lastName]
14:59:14 [main] INFO  utils.ReusableFunctions - Entered text 'Malshikare' into element: [[ChromeDriver: chrome on windows (7f61e8e90c224d8964f2d38da433b535)] -> id: lastName]
14:59:14 [main] INFO  utils.ReusableFunctions - Element is visible: [[ChromeDriver: chrome on windows (7f61e8e90c224d8964f2d38da433b535)] -> id: phoneNo]
14:59:14 [main] INFO  utils.ReusableFunctions - Entered text '7777777777' into element: [[ChromeDriver: chrome on windows (7f61e8e90c224d8964f2d38da433b535)] -> id: phoneNo]
14:59:14 [main] INFO  utils.ReusableFunctions - Element is visible: [[ChromeDriver: chrome on windows (7f61e8e90c224d8964f2d38da433b535)] -> id: emaiId]
14:59:14 [main] INFO  utils.ReusableFunctions - Entered text 'chaitanya@email.com' into element: [[ChromeDriver: chrome on windows (7f61e8e90c224d8964f2d38da433b535)] -> id: emaiId]
14:59:14 [main] INFO  utils.ReusableFunctions - Element is visible: [[ChromeDriver: chrome on windows (7f61e8e90c224d8964f2d38da433b535)] -> id: eventType]
14:59:14 [main] INFO  utils.ReusableFunctions - Selected option 'Birthday' from element: [[ChromeDriver: chrome on windows (7f61e8e90c224d8964f2d38da433b535)] -> id: eventType]
14:59:14 [main] INFO  utils.ReusableFunctions - Element is visible: [[ChromeDriver: chrome on windows (7f61e8e90c224d8964f2d38da433b535)] -> id: eventDate]
14:59:14 [main] INFO  utils.ReusableFunctions - Entered text '2/1/25' into element: [[ChromeDriver: chrome on windows (7f61e8e90c224d8964f2d38da433b535)] -> id: eventDate]
14:59:15 [main] INFO  utils.ReusableFunctions - Element is visible: [[ChromeDriver: chrome on windows (7f61e8e90c224d8964f2d38da433b535)] -> id: eventTime]
14:59:15 [main] INFO  utils.ReusableFunctions - Entered text '10:00:00' into element: [[ChromeDriver: chrome on windows (7f61e8e90c224d8964f2d38da433b535)] -> id: eventTime]
14:59:15 [main] INFO  utils.ReusableFunctions - Element is visible: [[ChromeDriver: chrome on windows (7f61e8e90c224d8964f2d38da433b535)] -> id: guestCount]
14:59:15 [main] INFO  utils.ReusableFunctions - Entered text '20' into element: [[ChromeDriver: chrome on windows (7f61e8e90c224d8964f2d38da433b535)] -> id: guestCount]
14:59:15 [main] INFO  utils.ReusableFunctions - Element is clickable: [[ChromeDriver: chrome on windows (7f61e8e90c224d8964f2d38da433b535)] -> id: vegFood]
14:59:15 [main] INFO  utils.ReusableFunctions - Clicked element: [[ChromeDriver: chrome on windows (7f61e8e90c224d8964f2d38da433b535)] -> id: vegFood]
14:59:15 [main] INFO  utils.ReusableFunctions - Element is visible: [[ChromeDriver: chrome on windows (7f61e8e90c224d8964f2d38da433b535)] -> id: address]
14:59:15 [main] INFO  utils.ReusableFunctions - Entered text 'Pune' into element: [[ChromeDriver: chrome on windows (7f61e8e90c224d8964f2d38da433b535)] -> id: address]
14:59:15 [main] INFO  utils.ReusableFunctions - Element is visible: [[ChromeDriver: chrome on windows (7f61e8e90c224d8964f2d38da433b535)] -> id: city]
14:59:15 [main] INFO  utils.ReusableFunctions - Selected option 'Chennai' from element: [[ChromeDriver: chrome on windows (7f61e8e90c224d8964f2d38da433b535)] -> id: city]
14:59:15 [main] INFO  utils.ReusableFunctions - Element is visible: [[ChromeDriver: chrome on windows (7f61e8e90c224d8964f2d38da433b535)] -> id: pincode]
14:59:15 [main] INFO  utils.ReusableFunctions - Entered text '412103' into element: [[ChromeDriver: chrome on windows (7f61e8e90c224d8964f2d38da433b535)] -> id: pincode]
14:59:15 [main] INFO  utils.ReusableFunctions - Element is visible: [[ChromeDriver: chrome on windows (7f61e8e90c224d8964f2d38da433b535)] -> id: eventDetail]
14:59:15 [main] INFO  utils.ReusableFunctions - Entered text 'abc' into element: [[ChromeDriver: chrome on windows (7f61e8e90c224d8964f2d38da433b535)] -> id: eventDetail]
  When I enter the all valid details                    # stepDefinations.BookingTest.i_enter_the_all_valid_details()
14:59:15 [main] INFO  utils.ReusableFunctions - Element is clickable: [[ChromeDriver: chrome on windows (7f61e8e90c224d8964f2d38da433b535)] -> id: book-now]
14:59:15 [main] INFO  utils.ReusableFunctions - Clicked element: [[ChromeDriver: chrome on windows (7f61e8e90c224d8964f2d38da433b535)] -> id: book-now]
  And click on book now button                          # stepDefinations.BookingTest.click_on_book_now_button()
14:59:16 [main] INFO  utils.ReusableFunctions - Got text 'Your Booking has been Confirmed !' from element: [[ChromeDriver: chrome on windows (7f61e8e90c224d8964f2d38da433b535)] -> id: bookingconfirm]
  Then I see confirmation message with details          # stepDefinations.BookingTest.i_see_confirmation_message_with_details()
]]></system-out>
    <system-err><![CDATA[SLF4J: Failed to load class "org.slf4j.impl.StaticLoggerBinder".
SLF4J: Defaulting to no-operation (NOP) logger implementation
SLF4J: See http://www.slf4j.org/codes.html#StaticLoggerBinder for further details.
Aug 08, 2025 2:59:10 PM org.openqa.selenium.devtools.CdpVersionFinder findNearestMatch
WARNING: Unable to find CDP implementation matching 138
Aug 08, 2025 2:59:10 PM org.openqa.selenium.chromium.ChromiumDriver lambda$new$5
WARNING: Unable to find version of CDP to use for 138.0.7204.184. You may need to include a dependency on a specific version of the CDP using something similar to `org.seleniumhq.selenium:selenium-devtools-v86:4.12.1` where the version ("v86") matches the version of the chromium-based browser you're using and the version number of the artifact is the same as Selenium's.
]]></system-err>
  </testcase>
  <testcase name="runScenario[&quot;Submit booking form with missing first name&quot;, &quot;Event Booking Functionality&quot;](2)" classname="runners.TestNGRunner" time="6.876">
    <system-out><![CDATA[
@booking @tc002
Scenario: Submit booking form with missing first name   # src/test/resources/features/booking.feature:14
started
14:59:19 [main] INFO  utils.ReusableFunctions - Opened URL: http://webapps.tekstac.com/SeleniumApp1/EventManagement/index.html
  Given launched the browser and opened the application # stepDefinations.BookingTest.launched_the_browser_and_opened_the_application()
14:59:21 [main] INFO  utils.ExcelUtils - Excel file loaded: src/test/resources/test-data/bookingdata.xlsx
14:59:21 [main] INFO  utils.ReusableFunctions - Element is visible: [[ChromeDriver: chrome on windows (7f61e8e90c224d8964f2d38da433b535)] -> id: firstName]
14:59:21 [main] INFO  utils.ReusableFunctions - Entered text '' into element: [[ChromeDriver: chrome on windows (7f61e8e90c224d8964f2d38da433b535)] -> id: firstName]
14:59:21 [main] INFO  utils.ReusableFunctions - Element is visible: [[ChromeDriver: chrome on windows (7f61e8e90c224d8964f2d38da433b535)] -> id: lastName]
14:59:21 [main] INFO  utils.ReusableFunctions - Entered text 'Malshikare' into element: [[ChromeDriver: chrome on windows (7f61e8e90c224d8964f2d38da433b535)] -> id: lastName]
14:59:21 [main] INFO  utils.ReusableFunctions - Element is visible: [[ChromeDriver: chrome on windows (7f61e8e90c224d8964f2d38da433b535)] -> id: phoneNo]
14:59:21 [main] INFO  utils.ReusableFunctions - Entered text '7777777777' into element: [[ChromeDriver: chrome on windows (7f61e8e90c224d8964f2d38da433b535)] -> id: phoneNo]
14:59:21 [main] INFO  utils.ReusableFunctions - Element is visible: [[ChromeDriver: chrome on windows (7f61e8e90c224d8964f2d38da433b535)] -> id: emaiId]
14:59:21 [main] INFO  utils.ReusableFunctions - Entered text 'chaitanya@email.com' into element: [[ChromeDriver: chrome on windows (7f61e8e90c224d8964f2d38da433b535)] -> id: emaiId]
14:59:21 [main] INFO  utils.ReusableFunctions - Element is visible: [[ChromeDriver: chrome on windows (7f61e8e90c224d8964f2d38da433b535)] -> id: eventType]
14:59:21 [main] INFO  utils.ReusableFunctions - Selected option 'Birthday' from element: [[ChromeDriver: chrome on windows (7f61e8e90c224d8964f2d38da433b535)] -> id: eventType]
14:59:21 [main] INFO  utils.ReusableFunctions - Element is visible: [[ChromeDriver: chrome on windows (7f61e8e90c224d8964f2d38da433b535)] -> id: eventDate]
14:59:21 [main] INFO  utils.ReusableFunctions - Entered text '2/1/25' into element: [[ChromeDriver: chrome on windows (7f61e8e90c224d8964f2d38da433b535)] -> id: eventDate]
14:59:21 [main] INFO  utils.ReusableFunctions - Element is visible: [[ChromeDriver: chrome on windows (7f61e8e90c224d8964f2d38da433b535)] -> id: eventTime]
14:59:22 [main] INFO  utils.ReusableFunctions - Entered text '10:00:00' into element: [[ChromeDriver: chrome on windows (7f61e8e90c224d8964f2d38da433b535)] -> id: eventTime]
14:59:22 [main] INFO  utils.ReusableFunctions - Element is visible: [[ChromeDriver: chrome on windows (7f61e8e90c224d8964f2d38da433b535)] -> id: guestCount]
14:59:22 [main] INFO  utils.ReusableFunctions - Entered text '20' into element: [[ChromeDriver: chrome on windows (7f61e8e90c224d8964f2d38da433b535)] -> id: guestCount]
14:59:22 [main] INFO  utils.ReusableFunctions - Element is clickable: [[ChromeDriver: chrome on windows (7f61e8e90c224d8964f2d38da433b535)] -> id: vegFood]
14:59:22 [main] INFO  utils.ReusableFunctions - Clicked element: [[ChromeDriver: chrome on windows (7f61e8e90c224d8964f2d38da433b535)] -> id: vegFood]
14:59:22 [main] INFO  utils.ReusableFunctions - Element is visible: [[ChromeDriver: chrome on windows (7f61e8e90c224d8964f2d38da433b535)] -> id: address]
14:59:22 [main] INFO  utils.ReusableFunctions - Entered text 'Pune' into element: [[ChromeDriver: chrome on windows (7f61e8e90c224d8964f2d38da433b535)] -> id: address]
14:59:22 [main] INFO  utils.ReusableFunctions - Element is visible: [[ChromeDriver: chrome on windows (7f61e8e90c224d8964f2d38da433b535)] -> id: city]
14:59:22 [main] INFO  utils.ReusableFunctions - Selected option 'Chennai' from element: [[ChromeDriver: chrome on windows (7f61e8e90c224d8964f2d38da433b535)] -> id: city]
14:59:22 [main] INFO  utils.ReusableFunctions - Element is visible: [[ChromeDriver: chrome on windows (7f61e8e90c224d8964f2d38da433b535)] -> id: pincode]
14:59:22 [main] INFO  utils.ReusableFunctions - Entered text '412103' into element: [[ChromeDriver: chrome on windows (7f61e8e90c224d8964f2d38da433b535)] -> id: pincode]
14:59:22 [main] INFO  utils.ReusableFunctions - Element is visible: [[ChromeDriver: chrome on windows (7f61e8e90c224d8964f2d38da433b535)] -> id: eventDetail]
14:59:22 [main] INFO  utils.ReusableFunctions - Entered text 'abc' into element: [[ChromeDriver: chrome on windows (7f61e8e90c224d8964f2d38da433b535)] -> id: eventDetail]
  When user fills all fields except First Name          # stepDefinations.BookingTest.user_fills_all_fields_except_first_name()
14:59:22 [main] INFO  utils.ReusableFunctions - Element is clickable: [[ChromeDriver: chrome on windows (7f61e8e90c224d8964f2d38da433b535)] -> id: book-now]
14:59:22 [main] INFO  utils.ReusableFunctions - Clicked element: [[ChromeDriver: chrome on windows (7f61e8e90c224d8964f2d38da433b535)] -> id: book-now]
  And user clicks Book Now                              # stepDefinations.BookingTest.user_clicks_book_now()
14:59:23 [main] INFO  utils.ReusableFunctions - Got text 'Your first name is required' from element: [[ChromeDriver: chrome on windows (7f61e8e90c224d8964f2d38da433b535)] -> id: fnameErr]
  Then validation error of required should be shown     # stepDefinations.BookingTest.validation_error_of_required_should_be_shown()
]]></system-out>
  </testcase>
  <testcase name="runScenario[&quot;Submit booking form with invalid email&quot;, &quot;Event Booking Functionality&quot;](3)" classname="runners.TestNGRunner" time="7.061">
    <failure message="expected [Invalid Email Id] but found []" type="java.lang.AssertionError"><![CDATA[java.lang.AssertionError: expected [Invalid Email Id] but found []
	at org.testng.Assert.fail(Assert.java:110)
	at org.testng.Assert.failNotEquals(Assert.java:1413)
	at org.testng.Assert.assertEqualsImpl(Assert.java:149)
	at org.testng.Assert.assertEquals(Assert.java:131)
	at org.testng.Assert.assertEquals(Assert.java:655)
	at org.testng.Assert.assertEquals(Assert.java:665)
	at stepDefinations.BookingTest.validation_error_for_invalid_email_id_should_be_shown(BookingTest.java:95)
	at .validation error for invalid email id should be shown(file:///D:/EclipseProjects/event-management-system/src/test/resources/features/booking.feature:23)
]]></failure>
    <system-out><![CDATA[
@booking @tc003
Scenario: Submit booking form with invalid email                 # src/test/resources/features/booking.feature:20
started
14:59:26 [main] INFO  utils.ReusableFunctions - Opened URL: http://webapps.tekstac.com/SeleniumApp1/EventManagement/index.html
  Given launched the browser and opened the application          # stepDefinations.BookingTest.launched_the_browser_and_opened_the_application()
14:59:28 [main] INFO  utils.ExcelUtils - Excel file loaded: src/test/resources/test-data/bookingdata.xlsx
14:59:28 [main] INFO  utils.ReusableFunctions - Element is visible: [[ChromeDriver: chrome on windows (7f61e8e90c224d8964f2d38da433b535)] -> id: firstName]
14:59:28 [main] INFO  utils.ReusableFunctions - Entered text 'Chaitanya' into element: [[ChromeDriver: chrome on windows (7f61e8e90c224d8964f2d38da433b535)] -> id: firstName]
14:59:28 [main] INFO  utils.ReusableFunctions - Element is visible: [[ChromeDriver: chrome on windows (7f61e8e90c224d8964f2d38da433b535)] -> id: lastName]
14:59:28 [main] INFO  utils.ReusableFunctions - Entered text 'Malshikare' into element: [[ChromeDriver: chrome on windows (7f61e8e90c224d8964f2d38da433b535)] -> id: lastName]
14:59:28 [main] INFO  utils.ReusableFunctions - Element is visible: [[ChromeDriver: chrome on windows (7f61e8e90c224d8964f2d38da433b535)] -> id: phoneNo]
14:59:28 [main] INFO  utils.ReusableFunctions - Entered text '7777777777' into element: [[ChromeDriver: chrome on windows (7f61e8e90c224d8964f2d38da433b535)] -> id: phoneNo]
14:59:28 [main] INFO  utils.ReusableFunctions - Element is visible: [[ChromeDriver: chrome on windows (7f61e8e90c224d8964f2d38da433b535)] -> id: emaiId]
14:59:28 [main] INFO  utils.ReusableFunctions - Entered text 'abc' into element: [[ChromeDriver: chrome on windows (7f61e8e90c224d8964f2d38da433b535)] -> id: emaiId]
14:59:28 [main] INFO  utils.ReusableFunctions - Element is visible: [[ChromeDriver: chrome on windows (7f61e8e90c224d8964f2d38da433b535)] -> id: eventType]
14:59:28 [main] INFO  utils.ReusableFunctions - Selected option 'Birthday' from element: [[ChromeDriver: chrome on windows (7f61e8e90c224d8964f2d38da433b535)] -> id: eventType]
14:59:28 [main] INFO  utils.ReusableFunctions - Element is visible: [[ChromeDriver: chrome on windows (7f61e8e90c224d8964f2d38da433b535)] -> id: eventDate]
14:59:28 [main] INFO  utils.ReusableFunctions - Entered text '2/1/25' into element: [[ChromeDriver: chrome on windows (7f61e8e90c224d8964f2d38da433b535)] -> id: eventDate]
14:59:28 [main] INFO  utils.ReusableFunctions - Element is visible: [[ChromeDriver: chrome on windows (7f61e8e90c224d8964f2d38da433b535)] -> id: eventTime]
14:59:28 [main] INFO  utils.ReusableFunctions - Entered text '10:00:00' into element: [[ChromeDriver: chrome on windows (7f61e8e90c224d8964f2d38da433b535)] -> id: eventTime]
14:59:29 [main] INFO  utils.ReusableFunctions - Element is visible: [[ChromeDriver: chrome on windows (7f61e8e90c224d8964f2d38da433b535)] -> id: guestCount]
14:59:29 [main] INFO  utils.ReusableFunctions - Entered text '20' into element: [[ChromeDriver: chrome on windows (7f61e8e90c224d8964f2d38da433b535)] -> id: guestCount]
14:59:29 [main] INFO  utils.ReusableFunctions - Element is clickable: [[ChromeDriver: chrome on windows (7f61e8e90c224d8964f2d38da433b535)] -> id: vegFood]
14:59:29 [main] INFO  utils.ReusableFunctions - Clicked element: [[ChromeDriver: chrome on windows (7f61e8e90c224d8964f2d38da433b535)] -> id: vegFood]
14:59:29 [main] INFO  utils.ReusableFunctions - Element is visible: [[ChromeDriver: chrome on windows (7f61e8e90c224d8964f2d38da433b535)] -> id: address]
14:59:29 [main] INFO  utils.ReusableFunctions - Entered text 'Pune' into element: [[ChromeDriver: chrome on windows (7f61e8e90c224d8964f2d38da433b535)] -> id: address]
14:59:29 [main] INFO  utils.ReusableFunctions - Element is visible: [[ChromeDriver: chrome on windows (7f61e8e90c224d8964f2d38da433b535)] -> id: city]
14:59:29 [main] INFO  utils.ReusableFunctions - Selected option 'Chennai' from element: [[ChromeDriver: chrome on windows (7f61e8e90c224d8964f2d38da433b535)] -> id: city]
14:59:29 [main] INFO  utils.ReusableFunctions - Element is visible: [[ChromeDriver: chrome on windows (7f61e8e90c224d8964f2d38da433b535)] -> id: pincode]
14:59:29 [main] INFO  utils.ReusableFunctions - Entered text '412103' into element: [[ChromeDriver: chrome on windows (7f61e8e90c224d8964f2d38da433b535)] -> id: pincode]
14:59:29 [main] INFO  utils.ReusableFunctions - Element is visible: [[ChromeDriver: chrome on windows (7f61e8e90c224d8964f2d38da433b535)] -> id: eventDetail]
14:59:29 [main] INFO  utils.ReusableFunctions - Entered text 'abc' into element: [[ChromeDriver: chrome on windows (7f61e8e90c224d8964f2d38da433b535)] -> id: eventDetail]
  When user enters all correct details but invalid booking email # stepDefinations.BookingTest.user_enters_all_correct_details_but_invalid_booking_email()
14:59:29 [main] INFO  utils.ReusableFunctions - Element is clickable: [[ChromeDriver: chrome on windows (7f61e8e90c224d8964f2d38da433b535)] -> id: book-now]
14:59:29 [main] INFO  utils.ReusableFunctions - Clicked element: [[ChromeDriver: chrome on windows (7f61e8e90c224d8964f2d38da433b535)] -> id: book-now]
  And user clicks Book Now                                       # stepDefinations.BookingTest.user_clicks_book_now()
14:59:30 [main] INFO  utils.ReusableFunctions - Got text '' from element: [[ChromeDriver: chrome on windows (7f61e8e90c224d8964f2d38da433b535)] -> id: emailErr]
  Then validation error for invalid email id should be shown     # stepDefinations.BookingTest.validation_error_for_invalid_email_id_should_be_shown()
      java.lang.AssertionError: expected [Invalid Email Id] but found []
	at org.testng.Assert.fail(Assert.java:110)
	at org.testng.Assert.failNotEquals(Assert.java:1413)
	at org.testng.Assert.assertEqualsImpl(Assert.java:149)
	at org.testng.Assert.assertEquals(Assert.java:131)
	at org.testng.Assert.assertEquals(Assert.java:655)
	at org.testng.Assert.assertEquals(Assert.java:665)
	at stepDefinations.BookingTest.validation_error_for_invalid_email_id_should_be_shown(BookingTest.java:95)
	at .validation error for invalid email id should be shown(file:///D:/EclipseProjects/event-management-system/src/test/resources/features/booking.feature:23)

14:59:33 [main] INFO  hooks.Hooks - Scenario failed: Submit booking form with invalid email

    Embedding Submit booking form with invalid email [image/png 110261 bytes]

14:59:33 [main] ERROR hooks.Hooks - Failed to capture or attach screenshot for failed scenario
java.lang.NullPointerException: Cannot invoke "com.aventstack.extentreports.ExtentTest.fail(String, com.aventstack.extentreports.model.Media)" because the return value of "utils.ExtentReportManager.getTest()" is null
	at hooks.Hooks.afterScenario(Hooks.java:43) ~[test-classes/:?]
	at jdk.internal.reflect.DirectMethodHandleAccessor.invoke(DirectMethodHandleAccessor.java:103) ~[?:?]
	at java.lang.reflect.Method.invoke(Method.java:580) ~[?:?]
	at io.cucumber.java.Invoker.doInvoke(Invoker.java:66) ~[cucumber-java-7.16.1.jar:7.16.1]
	at io.cucumber.java.Invoker.invoke(Invoker.java:24) ~[cucumber-java-7.16.1.jar:7.16.1]
	at io.cucumber.java.AbstractGlueDefinition.invokeMethod(AbstractGlueDefinition.java:47) ~[cucumber-java-7.16.1.jar:7.16.1]
	at io.cucumber.java.JavaHookDefinition.execute(JavaHookDefinition.java:64) ~[cucumber-java-7.16.1.jar:7.16.1]
	at io.cucumber.core.runner.CoreHookDefinition.execute(CoreHookDefinition.java:46) ~[cucumber-core-7.12.0.jar:7.12.0]
	at io.cucumber.core.runner.HookDefinitionMatch.runStep(HookDefinitionMatch.java:21) ~[cucumber-core-7.12.0.jar:7.12.0]
	at io.cucumber.core.runner.ExecutionMode$1.execute(ExecutionMode.java:10) ~[cucumber-core-7.12.0.jar:7.12.0]
	at io.cucumber.core.runner.TestStep.executeStep(TestStep.java:84) ~[cucumber-core-7.12.0.jar:7.12.0]
	at io.cucumber.core.runner.TestStep.run(TestStep.java:56) ~[cucumber-core-7.12.0.jar:7.12.0]
	at io.cucumber.core.runner.TestCase.run(TestCase.java:90) ~[cucumber-core-7.12.0.jar:7.12.0]
	at io.cucumber.core.runner.Runner.runPickle(Runner.java:75) ~[cucumber-core-7.12.0.jar:7.12.0]
	at io.cucumber.testng.TestNGCucumberRunner.lambda$runScenario$1(TestNGCucumberRunner.java:132) ~[cucumber-testng-7.12.0.jar:7.12.0]
	at io.cucumber.core.runtime.CucumberExecutionContext.lambda$runTestCase$5(CucumberExecutionContext.java:137) ~[cucumber-core-7.12.0.jar:7.12.0]
	at io.cucumber.core.runtime.RethrowingThrowableCollector.executeAndThrow(RethrowingThrowableCollector.java:23) ~[cucumber-core-7.12.0.jar:7.12.0]
	at io.cucumber.core.runtime.CucumberExecutionContext.runTestCase(CucumberExecutionContext.java:137) ~[cucumber-core-7.12.0.jar:7.12.0]
	at io.cucumber.testng.TestNGCucumberRunner.runScenario(TestNGCucumberRunner.java:129) ~[cucumber-testng-7.12.0.jar:7.12.0]
	at io.cucumber.testng.AbstractTestNGCucumberTests.runScenario(AbstractTestNGCucumberTests.java:35) ~[cucumber-testng-7.12.0.jar:7.12.0]
	at jdk.internal.reflect.DirectMethodHandleAccessor.invoke(DirectMethodHandleAccessor.java:103) ~[?:?]
	at java.lang.reflect.Method.invoke(Method.java:580) ~[?:?]
	at org.testng.internal.invokers.MethodInvocationHelper.invokeMethod(MethodInvocationHelper.java:139) ~[testng-7.6.1.jar:7.6.1]
	at org.testng.internal.invokers.TestInvoker.invokeMethod(TestInvoker.java:677) ~[testng-7.6.1.jar:7.6.1]
	at org.testng.internal.invokers.TestInvoker.invokeTestMethod(TestInvoker.java:221) ~[testng-7.6.1.jar:7.6.1]
	at org.testng.internal.invokers.MethodRunner.runInSequence(MethodRunner.java:50) ~[testng-7.6.1.jar:7.6.1]
	at org.testng.internal.invokers.TestInvoker$MethodInvocationAgent.invoke(TestInvoker.java:962) ~[testng-7.6.1.jar:7.6.1]
	at org.testng.internal.invokers.TestInvoker.invokeTestMethods(TestInvoker.java:194) ~[testng-7.6.1.jar:7.6.1]
	at org.testng.internal.invokers.TestMethodWorker.invokeTestMethods(TestMethodWorker.java:148) ~[testng-7.6.1.jar:7.6.1]
	at org.testng.internal.invokers.TestMethodWorker.run(TestMethodWorker.java:128) ~[testng-7.6.1.jar:7.6.1]
	at java.util.ArrayList.forEach(ArrayList.java:1596) [?:?]
	at org.testng.TestRunner.privateRun(TestRunner.java:806) [testng-7.6.1.jar:7.6.1]
	at org.testng.TestRunner.run(TestRunner.java:601) [testng-7.6.1.jar:7.6.1]
	at org.testng.SuiteRunner.runTest(SuiteRunner.java:433) [testng-7.6.1.jar:7.6.1]
	at org.testng.SuiteRunner.runSequentially(SuiteRunner.java:427) [testng-7.6.1.jar:7.6.1]
	at org.testng.SuiteRunner.privateRun(SuiteRunner.java:387) [testng-7.6.1.jar:7.6.1]
	at org.testng.SuiteRunner.run(SuiteRunner.java:330) [testng-7.6.1.jar:7.6.1]
	at org.testng.SuiteRunnerWorker.runSuite(SuiteRunnerWorker.java:52) [testng-7.6.1.jar:7.6.1]
	at org.testng.SuiteRunnerWorker.run(SuiteRunnerWorker.java:95) [testng-7.6.1.jar:7.6.1]
	at org.testng.TestNG.runSuitesSequentially(TestNG.java:1256) [testng-7.6.1.jar:7.6.1]
	at org.testng.TestNG.runSuitesLocally(TestNG.java:1176) [testng-7.6.1.jar:7.6.1]
	at org.testng.TestNG.runSuites(TestNG.java:1099) [testng-7.6.1.jar:7.6.1]
	at org.testng.TestNG.run(TestNG.java:1067) [testng-7.6.1.jar:7.6.1]
	at org.apache.maven.surefire.testng.TestNGExecutor.run(TestNGExecutor.java:308) [surefire-testng-3.2.5.jar:3.2.5]
	at org.apache.maven.surefire.testng.TestNGXmlTestSuite.execute(TestNGXmlTestSuite.java:71) [surefire-testng-3.2.5.jar:3.2.5]
	at org.apache.maven.surefire.testng.TestNGProvider.invoke(TestNGProvider.java:113) [surefire-testng-3.2.5.jar:3.2.5]
	at org.apache.maven.surefire.booter.ForkedBooter.runSuitesInProcess(ForkedBooter.java:385) [surefire-booter-3.2.5.jar:3.2.5]
	at org.apache.maven.surefire.booter.ForkedBooter.execute(ForkedBooter.java:162) [surefire-booter-3.2.5.jar:3.2.5]
	at org.apache.maven.surefire.booter.ForkedBooter.run(ForkedBooter.java:507) [surefire-booter-3.2.5.jar:3.2.5]
	at org.apache.maven.surefire.booter.ForkedBooter.main(ForkedBooter.java:495) [surefire-booter-3.2.5.jar:3.2.5]
]]></system-out>
  </testcase>
  <testcase name="runScenario[&quot;Submit booking form with zero guests&quot;, &quot;Event Booking Functionality&quot;](4)" classname="runners.TestNGRunner" time="6.807">
    <failure message="expected [Guests Cannot be Zero] but found []" type="java.lang.AssertionError"><![CDATA[java.lang.AssertionError: expected [Guests Cannot be Zero] but found []
	at org.testng.Assert.fail(Assert.java:110)
	at org.testng.Assert.failNotEquals(Assert.java:1413)
	at org.testng.Assert.assertEqualsImpl(Assert.java:149)
	at org.testng.Assert.assertEquals(Assert.java:131)
	at org.testng.Assert.assertEquals(Assert.java:655)
	at org.testng.Assert.assertEquals(Assert.java:665)
	at stepDefinations.BookingTest.validation_error_for_guests_should_be_shown(BookingTest.java:110)
	at .validation error for 0 guests should be shown(file:///D:/EclipseProjects/event-management-system/src/test/resources/features/booking.feature:29)
]]></failure>
    <system-out><![CDATA[
@booking @tc004
Scenario: Submit booking form with zero guests          # src/test/resources/features/booking.feature:26
started
14:59:33 [main] INFO  utils.ReusableFunctions - Opened URL: http://webapps.tekstac.com/SeleniumApp1/EventManagement/index.html
  Given launched the browser and opened the application # stepDefinations.BookingTest.launched_the_browser_and_opened_the_application()
14:59:35 [main] INFO  utils.ExcelUtils - Excel file loaded: src/test/resources/test-data/bookingdata.xlsx
14:59:35 [main] INFO  utils.ReusableFunctions - Element is visible: [[ChromeDriver: chrome on windows (7f61e8e90c224d8964f2d38da433b535)] -> id: firstName]
14:59:35 [main] INFO  utils.ReusableFunctions - Entered text 'Chaitanya' into element: [[ChromeDriver: chrome on windows (7f61e8e90c224d8964f2d38da433b535)] -> id: firstName]
14:59:35 [main] INFO  utils.ReusableFunctions - Element is visible: [[ChromeDriver: chrome on windows (7f61e8e90c224d8964f2d38da433b535)] -> id: lastName]
14:59:35 [main] INFO  utils.ReusableFunctions - Entered text 'Malshikare' into element: [[ChromeDriver: chrome on windows (7f61e8e90c224d8964f2d38da433b535)] -> id: lastName]
14:59:35 [main] INFO  utils.ReusableFunctions - Element is visible: [[ChromeDriver: chrome on windows (7f61e8e90c224d8964f2d38da433b535)] -> id: phoneNo]
14:59:35 [main] INFO  utils.ReusableFunctions - Entered text '7777777777' into element: [[ChromeDriver: chrome on windows (7f61e8e90c224d8964f2d38da433b535)] -> id: phoneNo]
14:59:35 [main] INFO  utils.ReusableFunctions - Element is visible: [[ChromeDriver: chrome on windows (7f61e8e90c224d8964f2d38da433b535)] -> id: emaiId]
14:59:35 [main] INFO  utils.ReusableFunctions - Entered text 'chaitanya@email.com' into element: [[ChromeDriver: chrome on windows (7f61e8e90c224d8964f2d38da433b535)] -> id: emaiId]
14:59:35 [main] INFO  utils.ReusableFunctions - Element is visible: [[ChromeDriver: chrome on windows (7f61e8e90c224d8964f2d38da433b535)] -> id: eventType]
14:59:35 [main] INFO  utils.ReusableFunctions - Selected option 'Birthday' from element: [[ChromeDriver: chrome on windows (7f61e8e90c224d8964f2d38da433b535)] -> id: eventType]
14:59:35 [main] INFO  utils.ReusableFunctions - Element is visible: [[ChromeDriver: chrome on windows (7f61e8e90c224d8964f2d38da433b535)] -> id: eventDate]
14:59:35 [main] INFO  utils.ReusableFunctions - Entered text '2/1/25' into element: [[ChromeDriver: chrome on windows (7f61e8e90c224d8964f2d38da433b535)] -> id: eventDate]
14:59:35 [main] INFO  utils.ReusableFunctions - Element is visible: [[ChromeDriver: chrome on windows (7f61e8e90c224d8964f2d38da433b535)] -> id: eventTime]
14:59:35 [main] INFO  utils.ReusableFunctions - Entered text '10:00:00' into element: [[ChromeDriver: chrome on windows (7f61e8e90c224d8964f2d38da433b535)] -> id: eventTime]
14:59:35 [main] INFO  utils.ReusableFunctions - Element is visible: [[ChromeDriver: chrome on windows (7f61e8e90c224d8964f2d38da433b535)] -> id: guestCount]
14:59:36 [main] INFO  utils.ReusableFunctions - Entered text '0' into element: [[ChromeDriver: chrome on windows (7f61e8e90c224d8964f2d38da433b535)] -> id: guestCount]
14:59:36 [main] INFO  utils.ReusableFunctions - Element is clickable: [[ChromeDriver: chrome on windows (7f61e8e90c224d8964f2d38da433b535)] -> id: vegFood]
14:59:36 [main] INFO  utils.ReusableFunctions - Clicked element: [[ChromeDriver: chrome on windows (7f61e8e90c224d8964f2d38da433b535)] -> id: vegFood]
14:59:36 [main] INFO  utils.ReusableFunctions - Element is visible: [[ChromeDriver: chrome on windows (7f61e8e90c224d8964f2d38da433b535)] -> id: address]
14:59:36 [main] INFO  utils.ReusableFunctions - Entered text 'Pune' into element: [[ChromeDriver: chrome on windows (7f61e8e90c224d8964f2d38da433b535)] -> id: address]
14:59:36 [main] INFO  utils.ReusableFunctions - Element is visible: [[ChromeDriver: chrome on windows (7f61e8e90c224d8964f2d38da433b535)] -> id: city]
14:59:36 [main] INFO  utils.ReusableFunctions - Selected option 'Chennai' from element: [[ChromeDriver: chrome on windows (7f61e8e90c224d8964f2d38da433b535)] -> id: city]
14:59:36 [main] INFO  utils.ReusableFunctions - Element is visible: [[ChromeDriver: chrome on windows (7f61e8e90c224d8964f2d38da433b535)] -> id: pincode]
14:59:36 [main] INFO  utils.ReusableFunctions - Entered text '412103' into element: [[ChromeDriver: chrome on windows (7f61e8e90c224d8964f2d38da433b535)] -> id: pincode]
14:59:36 [main] INFO  utils.ReusableFunctions - Element is visible: [[ChromeDriver: chrome on windows (7f61e8e90c224d8964f2d38da433b535)] -> id: eventDetail]
14:59:36 [main] INFO  utils.ReusableFunctions - Entered text 'abc' into element: [[ChromeDriver: chrome on windows (7f61e8e90c224d8964f2d38da433b535)] -> id: eventDetail]
  When user enters all correct details but zero guests  # stepDefinations.BookingTest.user_enters_all_correct_details_but_zero_guests()
14:59:36 [main] INFO  utils.ReusableFunctions - Element is clickable: [[ChromeDriver: chrome on windows (7f61e8e90c224d8964f2d38da433b535)] -> id: book-now]
14:59:36 [main] INFO  utils.ReusableFunctions - Clicked element: [[ChromeDriver: chrome on windows (7f61e8e90c224d8964f2d38da433b535)] -> id: book-now]
  And user clicks Book Now                              # stepDefinations.BookingTest.user_clicks_book_now()
14:59:36 [main] INFO  utils.ReusableFunctions - Got text '' from element: [[ChromeDriver: chrome on windows (7f61e8e90c224d8964f2d38da433b535)] -> id: guestCountErr]
  Then validation error for 0 guests should be shown    # stepDefinations.BookingTest.validation_error_for_guests_should_be_shown(java.lang.Integer)
      java.lang.AssertionError: expected [Guests Cannot be Zero] but found []
	at org.testng.Assert.fail(Assert.java:110)
	at org.testng.Assert.failNotEquals(Assert.java:1413)
	at org.testng.Assert.assertEqualsImpl(Assert.java:149)
	at org.testng.Assert.assertEquals(Assert.java:131)
	at org.testng.Assert.assertEquals(Assert.java:655)
	at org.testng.Assert.assertEquals(Assert.java:665)
	at stepDefinations.BookingTest.validation_error_for_guests_should_be_shown(BookingTest.java:110)
	at .validation error for 0 guests should be shown(file:///D:/EclipseProjects/event-management-system/src/test/resources/features/booking.feature:29)

14:59:39 [main] INFO  hooks.Hooks - Scenario failed: Submit booking form with zero guests

    Embedding Submit booking form with zero guests [image/png 114659 bytes]

14:59:40 [main] ERROR hooks.Hooks - Failed to capture or attach screenshot for failed scenario
java.lang.NullPointerException: Cannot invoke "com.aventstack.extentreports.ExtentTest.fail(String, com.aventstack.extentreports.model.Media)" because the return value of "utils.ExtentReportManager.getTest()" is null
	at hooks.Hooks.afterScenario(Hooks.java:43) ~[test-classes/:?]
	at jdk.internal.reflect.DirectMethodHandleAccessor.invoke(DirectMethodHandleAccessor.java:103) ~[?:?]
	at java.lang.reflect.Method.invoke(Method.java:580) ~[?:?]
	at io.cucumber.java.Invoker.doInvoke(Invoker.java:66) ~[cucumber-java-7.16.1.jar:7.16.1]
	at io.cucumber.java.Invoker.invoke(Invoker.java:24) ~[cucumber-java-7.16.1.jar:7.16.1]
	at io.cucumber.java.AbstractGlueDefinition.invokeMethod(AbstractGlueDefinition.java:47) ~[cucumber-java-7.16.1.jar:7.16.1]
	at io.cucumber.java.JavaHookDefinition.execute(JavaHookDefinition.java:64) ~[cucumber-java-7.16.1.jar:7.16.1]
	at io.cucumber.core.runner.CoreHookDefinition.execute(CoreHookDefinition.java:46) ~[cucumber-core-7.12.0.jar:7.12.0]
	at io.cucumber.core.runner.HookDefinitionMatch.runStep(HookDefinitionMatch.java:21) ~[cucumber-core-7.12.0.jar:7.12.0]
	at io.cucumber.core.runner.ExecutionMode$1.execute(ExecutionMode.java:10) ~[cucumber-core-7.12.0.jar:7.12.0]
	at io.cucumber.core.runner.TestStep.executeStep(TestStep.java:84) ~[cucumber-core-7.12.0.jar:7.12.0]
	at io.cucumber.core.runner.TestStep.run(TestStep.java:56) ~[cucumber-core-7.12.0.jar:7.12.0]
	at io.cucumber.core.runner.TestCase.run(TestCase.java:90) ~[cucumber-core-7.12.0.jar:7.12.0]
	at io.cucumber.core.runner.Runner.runPickle(Runner.java:75) ~[cucumber-core-7.12.0.jar:7.12.0]
	at io.cucumber.testng.TestNGCucumberRunner.lambda$runScenario$1(TestNGCucumberRunner.java:132) ~[cucumber-testng-7.12.0.jar:7.12.0]
	at io.cucumber.core.runtime.CucumberExecutionContext.lambda$runTestCase$5(CucumberExecutionContext.java:137) ~[cucumber-core-7.12.0.jar:7.12.0]
	at io.cucumber.core.runtime.RethrowingThrowableCollector.executeAndThrow(RethrowingThrowableCollector.java:23) ~[cucumber-core-7.12.0.jar:7.12.0]
	at io.cucumber.core.runtime.CucumberExecutionContext.runTestCase(CucumberExecutionContext.java:137) ~[cucumber-core-7.12.0.jar:7.12.0]
	at io.cucumber.testng.TestNGCucumberRunner.runScenario(TestNGCucumberRunner.java:129) ~[cucumber-testng-7.12.0.jar:7.12.0]
	at io.cucumber.testng.AbstractTestNGCucumberTests.runScenario(AbstractTestNGCucumberTests.java:35) ~[cucumber-testng-7.12.0.jar:7.12.0]
	at jdk.internal.reflect.DirectMethodHandleAccessor.invoke(DirectMethodHandleAccessor.java:103) ~[?:?]
	at java.lang.reflect.Method.invoke(Method.java:580) ~[?:?]
	at org.testng.internal.invokers.MethodInvocationHelper.invokeMethod(MethodInvocationHelper.java:139) ~[testng-7.6.1.jar:7.6.1]
	at org.testng.internal.invokers.TestInvoker.invokeMethod(TestInvoker.java:677) ~[testng-7.6.1.jar:7.6.1]
	at org.testng.internal.invokers.TestInvoker.invokeTestMethod(TestInvoker.java:221) ~[testng-7.6.1.jar:7.6.1]
	at org.testng.internal.invokers.MethodRunner.runInSequence(MethodRunner.java:50) ~[testng-7.6.1.jar:7.6.1]
	at org.testng.internal.invokers.TestInvoker$MethodInvocationAgent.invoke(TestInvoker.java:962) ~[testng-7.6.1.jar:7.6.1]
	at org.testng.internal.invokers.TestInvoker.invokeTestMethods(TestInvoker.java:194) ~[testng-7.6.1.jar:7.6.1]
	at org.testng.internal.invokers.TestMethodWorker.invokeTestMethods(TestMethodWorker.java:148) ~[testng-7.6.1.jar:7.6.1]
	at org.testng.internal.invokers.TestMethodWorker.run(TestMethodWorker.java:128) ~[testng-7.6.1.jar:7.6.1]
	at java.util.ArrayList.forEach(ArrayList.java:1596) [?:?]
	at org.testng.TestRunner.privateRun(TestRunner.java:806) [testng-7.6.1.jar:7.6.1]
	at org.testng.TestRunner.run(TestRunner.java:601) [testng-7.6.1.jar:7.6.1]
	at org.testng.SuiteRunner.runTest(SuiteRunner.java:433) [testng-7.6.1.jar:7.6.1]
	at org.testng.SuiteRunner.runSequentially(SuiteRunner.java:427) [testng-7.6.1.jar:7.6.1]
	at org.testng.SuiteRunner.privateRun(SuiteRunner.java:387) [testng-7.6.1.jar:7.6.1]
	at org.testng.SuiteRunner.run(SuiteRunner.java:330) [testng-7.6.1.jar:7.6.1]
	at org.testng.SuiteRunnerWorker.runSuite(SuiteRunnerWorker.java:52) [testng-7.6.1.jar:7.6.1]
	at org.testng.SuiteRunnerWorker.run(SuiteRunnerWorker.java:95) [testng-7.6.1.jar:7.6.1]
	at org.testng.TestNG.runSuitesSequentially(TestNG.java:1256) [testng-7.6.1.jar:7.6.1]
	at org.testng.TestNG.runSuitesLocally(TestNG.java:1176) [testng-7.6.1.jar:7.6.1]
	at org.testng.TestNG.runSuites(TestNG.java:1099) [testng-7.6.1.jar:7.6.1]
	at org.testng.TestNG.run(TestNG.java:1067) [testng-7.6.1.jar:7.6.1]
	at org.apache.maven.surefire.testng.TestNGExecutor.run(TestNGExecutor.java:308) [surefire-testng-3.2.5.jar:3.2.5]
	at org.apache.maven.surefire.testng.TestNGXmlTestSuite.execute(TestNGXmlTestSuite.java:71) [surefire-testng-3.2.5.jar:3.2.5]
	at org.apache.maven.surefire.testng.TestNGProvider.invoke(TestNGProvider.java:113) [surefire-testng-3.2.5.jar:3.2.5]
	at org.apache.maven.surefire.booter.ForkedBooter.runSuitesInProcess(ForkedBooter.java:385) [surefire-booter-3.2.5.jar:3.2.5]
	at org.apache.maven.surefire.booter.ForkedBooter.execute(ForkedBooter.java:162) [surefire-booter-3.2.5.jar:3.2.5]
	at org.apache.maven.surefire.booter.ForkedBooter.run(ForkedBooter.java:507) [surefire-booter-3.2.5.jar:3.2.5]
	at org.apache.maven.surefire.booter.ForkedBooter.main(ForkedBooter.java:495) [surefire-booter-3.2.5.jar:3.2.5]
]]></system-out>
  </testcase>
  <testcase name="runScenario[&quot;Submit booking form with invalid phone number&quot;, &quot;Event Booking Functionality&quot;](5)" classname="runners.TestNGRunner" time="6.802">
    <failure message="expected [Invalid Phone Number] but found []" type="java.lang.AssertionError"><![CDATA[java.lang.AssertionError: expected [Invalid Phone Number] but found []
	at org.testng.Assert.fail(Assert.java:110)
	at org.testng.Assert.failNotEquals(Assert.java:1413)
	at org.testng.Assert.assertEqualsImpl(Assert.java:149)
	at org.testng.Assert.assertEquals(Assert.java:131)
	at org.testng.Assert.assertEquals(Assert.java:655)
	at org.testng.Assert.assertEquals(Assert.java:665)
	at stepDefinations.BookingTest.validation_error_for_invalid_phone_number_should_be_shown(BookingTest.java:124)
	at .validation error for invalid phone number should be shown(file:///D:/EclipseProjects/event-management-system/src/test/resources/features/booking.feature:35)
]]></failure>
    <system-out><![CDATA[
@booking @tc005
Scenario: Submit booking form with invalid phone number          # src/test/resources/features/booking.feature:32
started
14:59:40 [main] INFO  utils.ReusableFunctions - Opened URL: http://webapps.tekstac.com/SeleniumApp1/EventManagement/index.html
  Given launched the browser and opened the application          # stepDefinations.BookingTest.launched_the_browser_and_opened_the_application()
14:59:41 [main] INFO  utils.ExcelUtils - Excel file loaded: src/test/resources/test-data/bookingdata.xlsx
14:59:41 [main] INFO  utils.ReusableFunctions - Element is visible: [[ChromeDriver: chrome on windows (7f61e8e90c224d8964f2d38da433b535)] -> id: firstName]
14:59:42 [main] INFO  utils.ReusableFunctions - Entered text 'Chaitanya' into element: [[ChromeDriver: chrome on windows (7f61e8e90c224d8964f2d38da433b535)] -> id: firstName]
14:59:42 [main] INFO  utils.ReusableFunctions - Element is visible: [[ChromeDriver: chrome on windows (7f61e8e90c224d8964f2d38da433b535)] -> id: lastName]
14:59:42 [main] INFO  utils.ReusableFunctions - Entered text 'Malshikare' into element: [[ChromeDriver: chrome on windows (7f61e8e90c224d8964f2d38da433b535)] -> id: lastName]
14:59:42 [main] INFO  utils.ReusableFunctions - Element is visible: [[ChromeDriver: chrome on windows (7f61e8e90c224d8964f2d38da433b535)] -> id: phoneNo]
14:59:42 [main] INFO  utils.ReusableFunctions - Entered text 'abc' into element: [[ChromeDriver: chrome on windows (7f61e8e90c224d8964f2d38da433b535)] -> id: phoneNo]
14:59:42 [main] INFO  utils.ReusableFunctions - Element is visible: [[ChromeDriver: chrome on windows (7f61e8e90c224d8964f2d38da433b535)] -> id: emaiId]
14:59:42 [main] INFO  utils.ReusableFunctions - Entered text 'chaitanya@email.com' into element: [[ChromeDriver: chrome on windows (7f61e8e90c224d8964f2d38da433b535)] -> id: emaiId]
14:59:42 [main] INFO  utils.ReusableFunctions - Element is visible: [[ChromeDriver: chrome on windows (7f61e8e90c224d8964f2d38da433b535)] -> id: eventType]
14:59:42 [main] INFO  utils.ReusableFunctions - Selected option 'Birthday' from element: [[ChromeDriver: chrome on windows (7f61e8e90c224d8964f2d38da433b535)] -> id: eventType]
14:59:42 [main] INFO  utils.ReusableFunctions - Element is visible: [[ChromeDriver: chrome on windows (7f61e8e90c224d8964f2d38da433b535)] -> id: eventDate]
14:59:42 [main] INFO  utils.ReusableFunctions - Entered text '2/1/25' into element: [[ChromeDriver: chrome on windows (7f61e8e90c224d8964f2d38da433b535)] -> id: eventDate]
14:59:42 [main] INFO  utils.ReusableFunctions - Element is visible: [[ChromeDriver: chrome on windows (7f61e8e90c224d8964f2d38da433b535)] -> id: eventTime]
14:59:42 [main] INFO  utils.ReusableFunctions - Entered text '10:00:00' into element: [[ChromeDriver: chrome on windows (7f61e8e90c224d8964f2d38da433b535)] -> id: eventTime]
14:59:42 [main] INFO  utils.ReusableFunctions - Element is visible: [[ChromeDriver: chrome on windows (7f61e8e90c224d8964f2d38da433b535)] -> id: guestCount]
14:59:42 [main] INFO  utils.ReusableFunctions - Entered text '20' into element: [[ChromeDriver: chrome on windows (7f61e8e90c224d8964f2d38da433b535)] -> id: guestCount]
14:59:42 [main] INFO  utils.ReusableFunctions - Element is clickable: [[ChromeDriver: chrome on windows (7f61e8e90c224d8964f2d38da433b535)] -> id: vegFood]
14:59:42 [main] INFO  utils.ReusableFunctions - Clicked element: [[ChromeDriver: chrome on windows (7f61e8e90c224d8964f2d38da433b535)] -> id: vegFood]
14:59:42 [main] INFO  utils.ReusableFunctions - Element is visible: [[ChromeDriver: chrome on windows (7f61e8e90c224d8964f2d38da433b535)] -> id: address]
14:59:42 [main] INFO  utils.ReusableFunctions - Entered text 'Pune' into element: [[ChromeDriver: chrome on windows (7f61e8e90c224d8964f2d38da433b535)] -> id: address]
14:59:43 [main] INFO  utils.ReusableFunctions - Element is visible: [[ChromeDriver: chrome on windows (7f61e8e90c224d8964f2d38da433b535)] -> id: city]
14:59:43 [main] INFO  utils.ReusableFunctions - Selected option 'Chennai' from element: [[ChromeDriver: chrome on windows (7f61e8e90c224d8964f2d38da433b535)] -> id: city]
14:59:43 [main] INFO  utils.ReusableFunctions - Element is visible: [[ChromeDriver: chrome on windows (7f61e8e90c224d8964f2d38da433b535)] -> id: pincode]
14:59:43 [main] INFO  utils.ReusableFunctions - Entered text '412103' into element: [[ChromeDriver: chrome on windows (7f61e8e90c224d8964f2d38da433b535)] -> id: pincode]
14:59:43 [main] INFO  utils.ReusableFunctions - Element is visible: [[ChromeDriver: chrome on windows (7f61e8e90c224d8964f2d38da433b535)] -> id: eventDetail]
14:59:43 [main] INFO  utils.ReusableFunctions - Entered text 'abc' into element: [[ChromeDriver: chrome on windows (7f61e8e90c224d8964f2d38da433b535)] -> id: eventDetail]
  When user enters all correct details but invalid phone number  # stepDefinations.BookingTest.user_enters_all_correct_details_but_invalid_phone_number()
14:59:43 [main] INFO  utils.ReusableFunctions - Element is clickable: [[ChromeDriver: chrome on windows (7f61e8e90c224d8964f2d38da433b535)] -> id: book-now]
14:59:43 [main] INFO  utils.ReusableFunctions - Clicked element: [[ChromeDriver: chrome on windows (7f61e8e90c224d8964f2d38da433b535)] -> id: book-now]
  And user clicks Book Now                                       # stepDefinations.BookingTest.user_clicks_book_now()
14:59:43 [main] INFO  utils.ReusableFunctions - Got text '' from element: [[ChromeDriver: chrome on windows (7f61e8e90c224d8964f2d38da433b535)] -> id: phoneErr]
  Then validation error for invalid phone number should be shown # stepDefinations.BookingTest.validation_error_for_invalid_phone_number_should_be_shown()
      java.lang.AssertionError: expected [Invalid Phone Number] but found []
	at org.testng.Assert.fail(Assert.java:110)
	at org.testng.Assert.failNotEquals(Assert.java:1413)
	at org.testng.Assert.assertEqualsImpl(Assert.java:149)
	at org.testng.Assert.assertEquals(Assert.java:131)
	at org.testng.Assert.assertEquals(Assert.java:655)
	at org.testng.Assert.assertEquals(Assert.java:665)
	at stepDefinations.BookingTest.validation_error_for_invalid_phone_number_should_be_shown(BookingTest.java:124)
	at .validation error for invalid phone number should be shown(file:///D:/EclipseProjects/event-management-system/src/test/resources/features/booking.feature:35)

14:59:46 [main] INFO  hooks.Hooks - Scenario failed: Submit booking form with invalid phone number

    Embedding Submit booking form with invalid phone number [image/png 115011 bytes]

14:59:47 [main] ERROR hooks.Hooks - Failed to capture or attach screenshot for failed scenario
java.lang.NullPointerException: Cannot invoke "com.aventstack.extentreports.ExtentTest.fail(String, com.aventstack.extentreports.model.Media)" because the return value of "utils.ExtentReportManager.getTest()" is null
	at hooks.Hooks.afterScenario(Hooks.java:43) ~[test-classes/:?]
	at jdk.internal.reflect.DirectMethodHandleAccessor.invoke(DirectMethodHandleAccessor.java:103) ~[?:?]
	at java.lang.reflect.Method.invoke(Method.java:580) ~[?:?]
	at io.cucumber.java.Invoker.doInvoke(Invoker.java:66) ~[cucumber-java-7.16.1.jar:7.16.1]
	at io.cucumber.java.Invoker.invoke(Invoker.java:24) ~[cucumber-java-7.16.1.jar:7.16.1]
	at io.cucumber.java.AbstractGlueDefinition.invokeMethod(AbstractGlueDefinition.java:47) ~[cucumber-java-7.16.1.jar:7.16.1]
	at io.cucumber.java.JavaHookDefinition.execute(JavaHookDefinition.java:64) ~[cucumber-java-7.16.1.jar:7.16.1]
	at io.cucumber.core.runner.CoreHookDefinition.execute(CoreHookDefinition.java:46) ~[cucumber-core-7.12.0.jar:7.12.0]
	at io.cucumber.core.runner.HookDefinitionMatch.runStep(HookDefinitionMatch.java:21) ~[cucumber-core-7.12.0.jar:7.12.0]
	at io.cucumber.core.runner.ExecutionMode$1.execute(ExecutionMode.java:10) ~[cucumber-core-7.12.0.jar:7.12.0]
	at io.cucumber.core.runner.TestStep.executeStep(TestStep.java:84) ~[cucumber-core-7.12.0.jar:7.12.0]
	at io.cucumber.core.runner.TestStep.run(TestStep.java:56) ~[cucumber-core-7.12.0.jar:7.12.0]
	at io.cucumber.core.runner.TestCase.run(TestCase.java:90) ~[cucumber-core-7.12.0.jar:7.12.0]
	at io.cucumber.core.runner.Runner.runPickle(Runner.java:75) ~[cucumber-core-7.12.0.jar:7.12.0]
	at io.cucumber.testng.TestNGCucumberRunner.lambda$runScenario$1(TestNGCucumberRunner.java:132) ~[cucumber-testng-7.12.0.jar:7.12.0]
	at io.cucumber.core.runtime.CucumberExecutionContext.lambda$runTestCase$5(CucumberExecutionContext.java:137) ~[cucumber-core-7.12.0.jar:7.12.0]
	at io.cucumber.core.runtime.RethrowingThrowableCollector.executeAndThrow(RethrowingThrowableCollector.java:23) ~[cucumber-core-7.12.0.jar:7.12.0]
	at io.cucumber.core.runtime.CucumberExecutionContext.runTestCase(CucumberExecutionContext.java:137) ~[cucumber-core-7.12.0.jar:7.12.0]
	at io.cucumber.testng.TestNGCucumberRunner.runScenario(TestNGCucumberRunner.java:129) ~[cucumber-testng-7.12.0.jar:7.12.0]
	at io.cucumber.testng.AbstractTestNGCucumberTests.runScenario(AbstractTestNGCucumberTests.java:35) ~[cucumber-testng-7.12.0.jar:7.12.0]
	at jdk.internal.reflect.DirectMethodHandleAccessor.invoke(DirectMethodHandleAccessor.java:103) ~[?:?]
	at java.lang.reflect.Method.invoke(Method.java:580) ~[?:?]
	at org.testng.internal.invokers.MethodInvocationHelper.invokeMethod(MethodInvocationHelper.java:139) ~[testng-7.6.1.jar:7.6.1]
	at org.testng.internal.invokers.TestInvoker.invokeMethod(TestInvoker.java:677) ~[testng-7.6.1.jar:7.6.1]
	at org.testng.internal.invokers.TestInvoker.invokeTestMethod(TestInvoker.java:221) ~[testng-7.6.1.jar:7.6.1]
	at org.testng.internal.invokers.MethodRunner.runInSequence(MethodRunner.java:50) ~[testng-7.6.1.jar:7.6.1]
	at org.testng.internal.invokers.TestInvoker$MethodInvocationAgent.invoke(TestInvoker.java:962) ~[testng-7.6.1.jar:7.6.1]
	at org.testng.internal.invokers.TestInvoker.invokeTestMethods(TestInvoker.java:194) ~[testng-7.6.1.jar:7.6.1]
	at org.testng.internal.invokers.TestMethodWorker.invokeTestMethods(TestMethodWorker.java:148) ~[testng-7.6.1.jar:7.6.1]
	at org.testng.internal.invokers.TestMethodWorker.run(TestMethodWorker.java:128) ~[testng-7.6.1.jar:7.6.1]
	at java.util.ArrayList.forEach(ArrayList.java:1596) [?:?]
	at org.testng.TestRunner.privateRun(TestRunner.java:806) [testng-7.6.1.jar:7.6.1]
	at org.testng.TestRunner.run(TestRunner.java:601) [testng-7.6.1.jar:7.6.1]
	at org.testng.SuiteRunner.runTest(SuiteRunner.java:433) [testng-7.6.1.jar:7.6.1]
	at org.testng.SuiteRunner.runSequentially(SuiteRunner.java:427) [testng-7.6.1.jar:7.6.1]
	at org.testng.SuiteRunner.privateRun(SuiteRunner.java:387) [testng-7.6.1.jar:7.6.1]
	at org.testng.SuiteRunner.run(SuiteRunner.java:330) [testng-7.6.1.jar:7.6.1]
	at org.testng.SuiteRunnerWorker.runSuite(SuiteRunnerWorker.java:52) [testng-7.6.1.jar:7.6.1]
	at org.testng.SuiteRunnerWorker.run(SuiteRunnerWorker.java:95) [testng-7.6.1.jar:7.6.1]
	at org.testng.TestNG.runSuitesSequentially(TestNG.java:1256) [testng-7.6.1.jar:7.6.1]
	at org.testng.TestNG.runSuitesLocally(TestNG.java:1176) [testng-7.6.1.jar:7.6.1]
	at org.testng.TestNG.runSuites(TestNG.java:1099) [testng-7.6.1.jar:7.6.1]
	at org.testng.TestNG.run(TestNG.java:1067) [testng-7.6.1.jar:7.6.1]
	at org.apache.maven.surefire.testng.TestNGExecutor.run(TestNGExecutor.java:308) [surefire-testng-3.2.5.jar:3.2.5]
	at org.apache.maven.surefire.testng.TestNGXmlTestSuite.execute(TestNGXmlTestSuite.java:71) [surefire-testng-3.2.5.jar:3.2.5]
	at org.apache.maven.surefire.testng.TestNGProvider.invoke(TestNGProvider.java:113) [surefire-testng-3.2.5.jar:3.2.5]
	at org.apache.maven.surefire.booter.ForkedBooter.runSuitesInProcess(ForkedBooter.java:385) [surefire-booter-3.2.5.jar:3.2.5]
	at org.apache.maven.surefire.booter.ForkedBooter.execute(ForkedBooter.java:162) [surefire-booter-3.2.5.jar:3.2.5]
	at org.apache.maven.surefire.booter.ForkedBooter.run(ForkedBooter.java:507) [surefire-booter-3.2.5.jar:3.2.5]
	at org.apache.maven.surefire.booter.ForkedBooter.main(ForkedBooter.java:495) [surefire-booter-3.2.5.jar:3.2.5]
]]></system-out>
  </testcase>
  <testcase name="runScenario[&quot;Submit booking form with invalid pincode&quot;, &quot;Event Booking Functionality&quot;](6)" classname="runners.TestNGRunner" time="6.74">
    <failure message="expected [Invalid Pincode] but found []" type="java.lang.AssertionError"><![CDATA[java.lang.AssertionError: expected [Invalid Pincode] but found []
	at org.testng.Assert.fail(Assert.java:110)
	at org.testng.Assert.failNotEquals(Assert.java:1413)
	at org.testng.Assert.assertEqualsImpl(Assert.java:149)
	at org.testng.Assert.assertEquals(Assert.java:131)
	at org.testng.Assert.assertEquals(Assert.java:655)
	at org.testng.Assert.assertEquals(Assert.java:665)
	at stepDefinations.BookingTest.validation_error_for_invalid_pincode_should_be_shown(BookingTest.java:138)
	at .validation error for invalid pincode should be shown(file:///D:/EclipseProjects/event-management-system/src/test/resources/features/booking.feature:41)
]]></failure>
    <system-out><![CDATA[
@booking @tc006
Scenario: Submit booking form with invalid pincode          # src/test/resources/features/booking.feature:38
started
14:59:47 [main] INFO  utils.ReusableFunctions - Opened URL: http://webapps.tekstac.com/SeleniumApp1/EventManagement/index.html
  Given launched the browser and opened the application     # stepDefinations.BookingTest.launched_the_browser_and_opened_the_application()
14:59:48 [main] INFO  utils.ExcelUtils - Excel file loaded: src/test/resources/test-data/bookingdata.xlsx
14:59:48 [main] INFO  utils.ReusableFunctions - Element is visible: [[ChromeDriver: chrome on windows (7f61e8e90c224d8964f2d38da433b535)] -> id: firstName]
14:59:48 [main] INFO  utils.ReusableFunctions - Entered text 'Chaitanya' into element: [[ChromeDriver: chrome on windows (7f61e8e90c224d8964f2d38da433b535)] -> id: firstName]
14:59:48 [main] INFO  utils.ReusableFunctions - Element is visible: [[ChromeDriver: chrome on windows (7f61e8e90c224d8964f2d38da433b535)] -> id: lastName]
14:59:48 [main] INFO  utils.ReusableFunctions - Entered text 'Malshikare' into element: [[ChromeDriver: chrome on windows (7f61e8e90c224d8964f2d38da433b535)] -> id: lastName]
14:59:48 [main] INFO  utils.ReusableFunctions - Element is visible: [[ChromeDriver: chrome on windows (7f61e8e90c224d8964f2d38da433b535)] -> id: phoneNo]
14:59:49 [main] INFO  utils.ReusableFunctions - Entered text '7777777777' into element: [[ChromeDriver: chrome on windows (7f61e8e90c224d8964f2d38da433b535)] -> id: phoneNo]
14:59:49 [main] INFO  utils.ReusableFunctions - Element is visible: [[ChromeDriver: chrome on windows (7f61e8e90c224d8964f2d38da433b535)] -> id: emaiId]
14:59:49 [main] INFO  utils.ReusableFunctions - Entered text 'chaitanya@email.com' into element: [[ChromeDriver: chrome on windows (7f61e8e90c224d8964f2d38da433b535)] -> id: emaiId]
14:59:49 [main] INFO  utils.ReusableFunctions - Element is visible: [[ChromeDriver: chrome on windows (7f61e8e90c224d8964f2d38da433b535)] -> id: eventType]
14:59:49 [main] INFO  utils.ReusableFunctions - Selected option 'Birthday' from element: [[ChromeDriver: chrome on windows (7f61e8e90c224d8964f2d38da433b535)] -> id: eventType]
14:59:49 [main] INFO  utils.ReusableFunctions - Element is visible: [[ChromeDriver: chrome on windows (7f61e8e90c224d8964f2d38da433b535)] -> id: eventDate]
14:59:49 [main] INFO  utils.ReusableFunctions - Entered text '2/1/25' into element: [[ChromeDriver: chrome on windows (7f61e8e90c224d8964f2d38da433b535)] -> id: eventDate]
14:59:49 [main] INFO  utils.ReusableFunctions - Element is visible: [[ChromeDriver: chrome on windows (7f61e8e90c224d8964f2d38da433b535)] -> id: eventTime]
14:59:49 [main] INFO  utils.ReusableFunctions - Entered text '10:00:00' into element: [[ChromeDriver: chrome on windows (7f61e8e90c224d8964f2d38da433b535)] -> id: eventTime]
14:59:49 [main] INFO  utils.ReusableFunctions - Element is visible: [[ChromeDriver: chrome on windows (7f61e8e90c224d8964f2d38da433b535)] -> id: guestCount]
14:59:49 [main] INFO  utils.ReusableFunctions - Entered text '20' into element: [[ChromeDriver: chrome on windows (7f61e8e90c224d8964f2d38da433b535)] -> id: guestCount]
14:59:49 [main] INFO  utils.ReusableFunctions - Element is clickable: [[ChromeDriver: chrome on windows (7f61e8e90c224d8964f2d38da433b535)] -> id: vegFood]
14:59:49 [main] INFO  utils.ReusableFunctions - Clicked element: [[ChromeDriver: chrome on windows (7f61e8e90c224d8964f2d38da433b535)] -> id: vegFood]
14:59:49 [main] INFO  utils.ReusableFunctions - Element is visible: [[ChromeDriver: chrome on windows (7f61e8e90c224d8964f2d38da433b535)] -> id: address]
14:59:49 [main] INFO  utils.ReusableFunctions - Entered text 'Pune' into element: [[ChromeDriver: chrome on windows (7f61e8e90c224d8964f2d38da433b535)] -> id: address]
14:59:49 [main] INFO  utils.ReusableFunctions - Element is visible: [[ChromeDriver: chrome on windows (7f61e8e90c224d8964f2d38da433b535)] -> id: city]
14:59:49 [main] INFO  utils.ReusableFunctions - Selected option 'Chennai' from element: [[ChromeDriver: chrome on windows (7f61e8e90c224d8964f2d38da433b535)] -> id: city]
14:59:49 [main] INFO  utils.ReusableFunctions - Element is visible: [[ChromeDriver: chrome on windows (7f61e8e90c224d8964f2d38da433b535)] -> id: pincode]
14:59:49 [main] INFO  utils.ReusableFunctions - Entered text 'abc' into element: [[ChromeDriver: chrome on windows (7f61e8e90c224d8964f2d38da433b535)] -> id: pincode]
14:59:50 [main] INFO  utils.ReusableFunctions - Element is visible: [[ChromeDriver: chrome on windows (7f61e8e90c224d8964f2d38da433b535)] -> id: eventDetail]
14:59:50 [main] INFO  utils.ReusableFunctions - Entered text 'abc' into element: [[ChromeDriver: chrome on windows (7f61e8e90c224d8964f2d38da433b535)] -> id: eventDetail]
  When user enters all correct details but invalid pincode  # stepDefinations.BookingTest.user_enters_all_correct_details_but_invalid_pincode()
14:59:50 [main] INFO  utils.ReusableFunctions - Element is clickable: [[ChromeDriver: chrome on windows (7f61e8e90c224d8964f2d38da433b535)] -> id: book-now]
14:59:50 [main] INFO  utils.ReusableFunctions - Clicked element: [[ChromeDriver: chrome on windows (7f61e8e90c224d8964f2d38da433b535)] -> id: book-now]
  And user clicks Book Now                                  # stepDefinations.BookingTest.user_clicks_book_now()
14:59:50 [main] INFO  utils.ReusableFunctions - Got text '' from element: [[ChromeDriver: chrome on windows (7f61e8e90c224d8964f2d38da433b535)] -> id: pincodeErr]
  Then validation error for invalid pincode should be shown # stepDefinations.BookingTest.validation_error_for_invalid_pincode_should_be_shown()
      java.lang.AssertionError: expected [Invalid Pincode] but found []
	at org.testng.Assert.fail(Assert.java:110)
	at org.testng.Assert.failNotEquals(Assert.java:1413)
	at org.testng.Assert.assertEqualsImpl(Assert.java:149)
	at org.testng.Assert.assertEquals(Assert.java:131)
	at org.testng.Assert.assertEquals(Assert.java:655)
	at org.testng.Assert.assertEquals(Assert.java:665)
	at stepDefinations.BookingTest.validation_error_for_invalid_pincode_should_be_shown(BookingTest.java:138)
	at .validation error for invalid pincode should be shown(file:///D:/EclipseProjects/event-management-system/src/test/resources/features/booking.feature:41)

14:59:53 [main] INFO  hooks.Hooks - Scenario failed: Submit booking form with invalid pincode

    Embedding Submit booking form with invalid pincode [image/png 113950 bytes]

14:59:53 [main] ERROR hooks.Hooks - Failed to capture or attach screenshot for failed scenario
java.lang.NullPointerException: Cannot invoke "com.aventstack.extentreports.ExtentTest.fail(String, com.aventstack.extentreports.model.Media)" because the return value of "utils.ExtentReportManager.getTest()" is null
	at hooks.Hooks.afterScenario(Hooks.java:43) ~[test-classes/:?]
	at jdk.internal.reflect.DirectMethodHandleAccessor.invoke(DirectMethodHandleAccessor.java:103) ~[?:?]
	at java.lang.reflect.Method.invoke(Method.java:580) ~[?:?]
	at io.cucumber.java.Invoker.doInvoke(Invoker.java:66) ~[cucumber-java-7.16.1.jar:7.16.1]
	at io.cucumber.java.Invoker.invoke(Invoker.java:24) ~[cucumber-java-7.16.1.jar:7.16.1]
	at io.cucumber.java.AbstractGlueDefinition.invokeMethod(AbstractGlueDefinition.java:47) ~[cucumber-java-7.16.1.jar:7.16.1]
	at io.cucumber.java.JavaHookDefinition.execute(JavaHookDefinition.java:64) ~[cucumber-java-7.16.1.jar:7.16.1]
	at io.cucumber.core.runner.CoreHookDefinition.execute(CoreHookDefinition.java:46) ~[cucumber-core-7.12.0.jar:7.12.0]
	at io.cucumber.core.runner.HookDefinitionMatch.runStep(HookDefinitionMatch.java:21) ~[cucumber-core-7.12.0.jar:7.12.0]
	at io.cucumber.core.runner.ExecutionMode$1.execute(ExecutionMode.java:10) ~[cucumber-core-7.12.0.jar:7.12.0]
	at io.cucumber.core.runner.TestStep.executeStep(TestStep.java:84) ~[cucumber-core-7.12.0.jar:7.12.0]
	at io.cucumber.core.runner.TestStep.run(TestStep.java:56) ~[cucumber-core-7.12.0.jar:7.12.0]
	at io.cucumber.core.runner.TestCase.run(TestCase.java:90) ~[cucumber-core-7.12.0.jar:7.12.0]
	at io.cucumber.core.runner.Runner.runPickle(Runner.java:75) ~[cucumber-core-7.12.0.jar:7.12.0]
	at io.cucumber.testng.TestNGCucumberRunner.lambda$runScenario$1(TestNGCucumberRunner.java:132) ~[cucumber-testng-7.12.0.jar:7.12.0]
	at io.cucumber.core.runtime.CucumberExecutionContext.lambda$runTestCase$5(CucumberExecutionContext.java:137) ~[cucumber-core-7.12.0.jar:7.12.0]
	at io.cucumber.core.runtime.RethrowingThrowableCollector.executeAndThrow(RethrowingThrowableCollector.java:23) ~[cucumber-core-7.12.0.jar:7.12.0]
	at io.cucumber.core.runtime.CucumberExecutionContext.runTestCase(CucumberExecutionContext.java:137) ~[cucumber-core-7.12.0.jar:7.12.0]
	at io.cucumber.testng.TestNGCucumberRunner.runScenario(TestNGCucumberRunner.java:129) ~[cucumber-testng-7.12.0.jar:7.12.0]
	at io.cucumber.testng.AbstractTestNGCucumberTests.runScenario(AbstractTestNGCucumberTests.java:35) ~[cucumber-testng-7.12.0.jar:7.12.0]
	at jdk.internal.reflect.DirectMethodHandleAccessor.invoke(DirectMethodHandleAccessor.java:103) ~[?:?]
	at java.lang.reflect.Method.invoke(Method.java:580) ~[?:?]
	at org.testng.internal.invokers.MethodInvocationHelper.invokeMethod(MethodInvocationHelper.java:139) ~[testng-7.6.1.jar:7.6.1]
	at org.testng.internal.invokers.TestInvoker.invokeMethod(TestInvoker.java:677) ~[testng-7.6.1.jar:7.6.1]
	at org.testng.internal.invokers.TestInvoker.invokeTestMethod(TestInvoker.java:221) ~[testng-7.6.1.jar:7.6.1]
	at org.testng.internal.invokers.MethodRunner.runInSequence(MethodRunner.java:50) ~[testng-7.6.1.jar:7.6.1]
	at org.testng.internal.invokers.TestInvoker$MethodInvocationAgent.invoke(TestInvoker.java:962) ~[testng-7.6.1.jar:7.6.1]
	at org.testng.internal.invokers.TestInvoker.invokeTestMethods(TestInvoker.java:194) ~[testng-7.6.1.jar:7.6.1]
	at org.testng.internal.invokers.TestMethodWorker.invokeTestMethods(TestMethodWorker.java:148) ~[testng-7.6.1.jar:7.6.1]
	at org.testng.internal.invokers.TestMethodWorker.run(TestMethodWorker.java:128) ~[testng-7.6.1.jar:7.6.1]
	at java.util.ArrayList.forEach(ArrayList.java:1596) [?:?]
	at org.testng.TestRunner.privateRun(TestRunner.java:806) [testng-7.6.1.jar:7.6.1]
	at org.testng.TestRunner.run(TestRunner.java:601) [testng-7.6.1.jar:7.6.1]
	at org.testng.SuiteRunner.runTest(SuiteRunner.java:433) [testng-7.6.1.jar:7.6.1]
	at org.testng.SuiteRunner.runSequentially(SuiteRunner.java:427) [testng-7.6.1.jar:7.6.1]
	at org.testng.SuiteRunner.privateRun(SuiteRunner.java:387) [testng-7.6.1.jar:7.6.1]
	at org.testng.SuiteRunner.run(SuiteRunner.java:330) [testng-7.6.1.jar:7.6.1]
	at org.testng.SuiteRunnerWorker.runSuite(SuiteRunnerWorker.java:52) [testng-7.6.1.jar:7.6.1]
	at org.testng.SuiteRunnerWorker.run(SuiteRunnerWorker.java:95) [testng-7.6.1.jar:7.6.1]
	at org.testng.TestNG.runSuitesSequentially(TestNG.java:1256) [testng-7.6.1.jar:7.6.1]
	at org.testng.TestNG.runSuitesLocally(TestNG.java:1176) [testng-7.6.1.jar:7.6.1]
	at org.testng.TestNG.runSuites(TestNG.java:1099) [testng-7.6.1.jar:7.6.1]
	at org.testng.TestNG.run(TestNG.java:1067) [testng-7.6.1.jar:7.6.1]
	at org.apache.maven.surefire.testng.TestNGExecutor.run(TestNGExecutor.java:308) [surefire-testng-3.2.5.jar:3.2.5]
	at org.apache.maven.surefire.testng.TestNGXmlTestSuite.execute(TestNGXmlTestSuite.java:71) [surefire-testng-3.2.5.jar:3.2.5]
	at org.apache.maven.surefire.testng.TestNGProvider.invoke(TestNGProvider.java:113) [surefire-testng-3.2.5.jar:3.2.5]
	at org.apache.maven.surefire.booter.ForkedBooter.runSuitesInProcess(ForkedBooter.java:385) [surefire-booter-3.2.5.jar:3.2.5]
	at org.apache.maven.surefire.booter.ForkedBooter.execute(ForkedBooter.java:162) [surefire-booter-3.2.5.jar:3.2.5]
	at org.apache.maven.surefire.booter.ForkedBooter.run(ForkedBooter.java:507) [surefire-booter-3.2.5.jar:3.2.5]
	at org.apache.maven.surefire.booter.ForkedBooter.main(ForkedBooter.java:495) [surefire-booter-3.2.5.jar:3.2.5]
]]></system-out>
  </testcase>
  <testcase name="runScenario[&quot;Submit Contact Us form with empty name&quot;, &quot;Contact Us Functionality&quot;](7)" classname="runners.TestNGRunner" time="5.749">
    <system-out><![CDATA[
@contact @tc007
Scenario: Submit Contact Us form with empty name                                                   # src/test/resources/features/contact.feature:8
started
14:59:54 [main] INFO  utils.ReusableFunctions - Opened URL: http://webapps.tekstac.com/SeleniumApp1/EventManagement/index.html
  Given launched the browser and opened the web application                                        # stepDefinations.ContactTest.launched_the_browser_and_opened_the_web_application()
14:59:55 [main] INFO  utils.ReusableFunctions - Element is visible: [[ChromeDriver: chrome on windows (7f61e8e90c224d8964f2d38da433b535)] -> id: contact_name]
14:59:55 [main] INFO  utils.ReusableFunctions - Entered text '' into element: [[ChromeDriver: chrome on windows (7f61e8e90c224d8964f2d38da433b535)] -> id: contact_name]
14:59:55 [main] INFO  utils.ReusableFunctions - Element is visible: [[ChromeDriver: chrome on windows (7f61e8e90c224d8964f2d38da433b535)] -> id: contact_email]
14:59:55 [main] INFO  utils.ReusableFunctions - Entered text 'chaitanya@email.com' into element: [[ChromeDriver: chrome on windows (7f61e8e90c224d8964f2d38da433b535)] -> id: contact_email]
14:59:55 [main] INFO  utils.ReusableFunctions - Element is visible: [[ChromeDriver: chrome on windows (7f61e8e90c224d8964f2d38da433b535)] -> id: contact_subject]
14:59:55 [main] INFO  utils.ReusableFunctions - Entered text 'regarding ticket' into element: [[ChromeDriver: chrome on windows (7f61e8e90c224d8964f2d38da433b535)] -> id: contact_subject]
14:59:55 [main] INFO  utils.ReusableFunctions - Element is visible: [[ChromeDriver: chrome on windows (7f61e8e90c224d8964f2d38da433b535)] -> id: contact_message]
14:59:56 [main] INFO  utils.ReusableFunctions - Entered text 'My ticket is not resolved' into element: [[ChromeDriver: chrome on windows (7f61e8e90c224d8964f2d38da433b535)] -> id: contact_message]
  When user enters details "" "chaitanya@email.com" "regarding ticket" "My ticket is not resolved" # stepDefinations.ContactTest.user_enters_details(java.lang.String,java.lang.String,java.lang.String,java.lang.String)
14:59:56 [main] INFO  utils.ReusableFunctions - Element is clickable: [[ChromeDriver: chrome on windows (7f61e8e90c224d8964f2d38da433b535)] -> id: message]
14:59:56 [main] INFO  utils.ReusableFunctions - Clicked element: [[ChromeDriver: chrome on windows (7f61e8e90c224d8964f2d38da433b535)] -> id: message]
  And user clicks Send Message Now                                                                 # stepDefinations.ContactTest.user_clicks_send_message_now()
14:59:56 [main] INFO  utils.ReusableFunctions - Got text 'Your name is required' from element: [[ChromeDriver: chrome on windows (7f61e8e90c224d8964f2d38da433b535)] -> id: contactNameErr]
  Then required message for name should be shown                                                   # stepDefinations.ContactTest.required_message_for_name_should_be_shown()
]]></system-out>
  </testcase>
  <testcase name="runScenario[&quot;Submit Contact Us form with invalid email&quot;, &quot;Contact Us Functionality&quot;](8)" classname="runners.TestNGRunner" time="5.995">
    <failure message="expected [Invalid Email] but found []" type="java.lang.AssertionError"><![CDATA[java.lang.AssertionError: expected [Invalid Email] but found []
	at org.testng.Assert.fail(Assert.java:110)
	at org.testng.Assert.failNotEquals(Assert.java:1413)
	at org.testng.Assert.assertEqualsImpl(Assert.java:149)
	at org.testng.Assert.assertEquals(Assert.java:131)
	at org.testng.Assert.assertEquals(Assert.java:655)
	at org.testng.Assert.assertEquals(Assert.java:665)
	at stepDefinations.ContactTest.message_for_invalid_email_should_be_shown(ContactTest.java:58)
	at .message for invalid email should be shown(file:///D:/EclipseProjects/event-management-system/src/test/resources/features/contact.feature:17)
]]></failure>
    <system-out><![CDATA[
@contact @tc008
Scenario: Submit Contact Us form with invalid email                                         # src/test/resources/features/contact.feature:14
started
14:59:59 [main] INFO  utils.ReusableFunctions - Opened URL: http://webapps.tekstac.com/SeleniumApp1/EventManagement/index.html
  Given launched the browser and opened the web application                                 # stepDefinations.ContactTest.launched_the_browser_and_opened_the_web_application()
15:00:01 [main] INFO  utils.ReusableFunctions - Element is visible: [[ChromeDriver: chrome on windows (7f61e8e90c224d8964f2d38da433b535)] -> id: contact_name]
15:00:01 [main] INFO  utils.ReusableFunctions - Entered text 'chaitanya' into element: [[ChromeDriver: chrome on windows (7f61e8e90c224d8964f2d38da433b535)] -> id: contact_name]
15:00:01 [main] INFO  utils.ReusableFunctions - Element is visible: [[ChromeDriver: chrome on windows (7f61e8e90c224d8964f2d38da433b535)] -> id: contact_email]
15:00:01 [main] INFO  utils.ReusableFunctions - Entered text 'abc' into element: [[ChromeDriver: chrome on windows (7f61e8e90c224d8964f2d38da433b535)] -> id: contact_email]
15:00:01 [main] INFO  utils.ReusableFunctions - Element is visible: [[ChromeDriver: chrome on windows (7f61e8e90c224d8964f2d38da433b535)] -> id: contact_subject]
15:00:01 [main] INFO  utils.ReusableFunctions - Entered text 'regarding ticket' into element: [[ChromeDriver: chrome on windows (7f61e8e90c224d8964f2d38da433b535)] -> id: contact_subject]
15:00:01 [main] INFO  utils.ReusableFunctions - Element is visible: [[ChromeDriver: chrome on windows (7f61e8e90c224d8964f2d38da433b535)] -> id: contact_message]
15:00:01 [main] INFO  utils.ReusableFunctions - Entered text 'My ticket is not resolved' into element: [[ChromeDriver: chrome on windows (7f61e8e90c224d8964f2d38da433b535)] -> id: contact_message]
  When user enters details "chaitanya" "abc" "regarding ticket" "My ticket is not resolved" # stepDefinations.ContactTest.user_enters_details(java.lang.String,java.lang.String,java.lang.String,java.lang.String)
15:00:01 [main] INFO  utils.ReusableFunctions - Element is clickable: [[ChromeDriver: chrome on windows (7f61e8e90c224d8964f2d38da433b535)] -> id: message]
15:00:01 [main] INFO  utils.ReusableFunctions - Clicked element: [[ChromeDriver: chrome on windows (7f61e8e90c224d8964f2d38da433b535)] -> id: message]
  And user clicks Send Message Now                                                          # stepDefinations.ContactTest.user_clicks_send_message_now()
15:00:02 [main] INFO  utils.ReusableFunctions - Got text '' from element: [[ChromeDriver: chrome on windows (7f61e8e90c224d8964f2d38da433b535)] -> id: contactEmailErr]
  Then message for invalid email should be shown                                            # stepDefinations.ContactTest.message_for_invalid_email_should_be_shown()
      java.lang.AssertionError: expected [Invalid Email] but found []
	at org.testng.Assert.fail(Assert.java:110)
	at org.testng.Assert.failNotEquals(Assert.java:1413)
	at org.testng.Assert.assertEqualsImpl(Assert.java:149)
	at org.testng.Assert.assertEquals(Assert.java:131)
	at org.testng.Assert.assertEquals(Assert.java:655)
	at org.testng.Assert.assertEquals(Assert.java:665)
	at stepDefinations.ContactTest.message_for_invalid_email_should_be_shown(ContactTest.java:58)
	at .message for invalid email should be shown(file:///D:/EclipseProjects/event-management-system/src/test/resources/features/contact.feature:17)

15:00:05 [main] INFO  hooks.Hooks - Scenario failed: Submit Contact Us form with invalid email

    Embedding Submit Contact Us form with invalid email [image/png 402494 bytes]

15:00:05 [main] ERROR hooks.Hooks - Failed to capture or attach screenshot for failed scenario
java.lang.NullPointerException: Cannot invoke "com.aventstack.extentreports.ExtentTest.fail(String, com.aventstack.extentreports.model.Media)" because the return value of "utils.ExtentReportManager.getTest()" is null
	at hooks.Hooks.afterScenario(Hooks.java:43) ~[test-classes/:?]
	at jdk.internal.reflect.DirectMethodHandleAccessor.invoke(DirectMethodHandleAccessor.java:103) ~[?:?]
	at java.lang.reflect.Method.invoke(Method.java:580) ~[?:?]
	at io.cucumber.java.Invoker.doInvoke(Invoker.java:66) ~[cucumber-java-7.16.1.jar:7.16.1]
	at io.cucumber.java.Invoker.invoke(Invoker.java:24) ~[cucumber-java-7.16.1.jar:7.16.1]
	at io.cucumber.java.AbstractGlueDefinition.invokeMethod(AbstractGlueDefinition.java:47) ~[cucumber-java-7.16.1.jar:7.16.1]
	at io.cucumber.java.JavaHookDefinition.execute(JavaHookDefinition.java:64) ~[cucumber-java-7.16.1.jar:7.16.1]
	at io.cucumber.core.runner.CoreHookDefinition.execute(CoreHookDefinition.java:46) ~[cucumber-core-7.12.0.jar:7.12.0]
	at io.cucumber.core.runner.HookDefinitionMatch.runStep(HookDefinitionMatch.java:21) ~[cucumber-core-7.12.0.jar:7.12.0]
	at io.cucumber.core.runner.ExecutionMode$1.execute(ExecutionMode.java:10) ~[cucumber-core-7.12.0.jar:7.12.0]
	at io.cucumber.core.runner.TestStep.executeStep(TestStep.java:84) ~[cucumber-core-7.12.0.jar:7.12.0]
	at io.cucumber.core.runner.TestStep.run(TestStep.java:56) ~[cucumber-core-7.12.0.jar:7.12.0]
	at io.cucumber.core.runner.TestCase.run(TestCase.java:90) ~[cucumber-core-7.12.0.jar:7.12.0]
	at io.cucumber.core.runner.Runner.runPickle(Runner.java:75) ~[cucumber-core-7.12.0.jar:7.12.0]
	at io.cucumber.testng.TestNGCucumberRunner.lambda$runScenario$1(TestNGCucumberRunner.java:132) ~[cucumber-testng-7.12.0.jar:7.12.0]
	at io.cucumber.core.runtime.CucumberExecutionContext.lambda$runTestCase$5(CucumberExecutionContext.java:137) ~[cucumber-core-7.12.0.jar:7.12.0]
	at io.cucumber.core.runtime.RethrowingThrowableCollector.executeAndThrow(RethrowingThrowableCollector.java:23) ~[cucumber-core-7.12.0.jar:7.12.0]
	at io.cucumber.core.runtime.CucumberExecutionContext.runTestCase(CucumberExecutionContext.java:137) ~[cucumber-core-7.12.0.jar:7.12.0]
	at io.cucumber.testng.TestNGCucumberRunner.runScenario(TestNGCucumberRunner.java:129) ~[cucumber-testng-7.12.0.jar:7.12.0]
	at io.cucumber.testng.AbstractTestNGCucumberTests.runScenario(AbstractTestNGCucumberTests.java:35) ~[cucumber-testng-7.12.0.jar:7.12.0]
	at jdk.internal.reflect.DirectMethodHandleAccessor.invoke(DirectMethodHandleAccessor.java:103) ~[?:?]
	at java.lang.reflect.Method.invoke(Method.java:580) ~[?:?]
	at org.testng.internal.invokers.MethodInvocationHelper.invokeMethod(MethodInvocationHelper.java:139) ~[testng-7.6.1.jar:7.6.1]
	at org.testng.internal.invokers.TestInvoker.invokeMethod(TestInvoker.java:677) ~[testng-7.6.1.jar:7.6.1]
	at org.testng.internal.invokers.TestInvoker.invokeTestMethod(TestInvoker.java:221) ~[testng-7.6.1.jar:7.6.1]
	at org.testng.internal.invokers.MethodRunner.runInSequence(MethodRunner.java:50) ~[testng-7.6.1.jar:7.6.1]
	at org.testng.internal.invokers.TestInvoker$MethodInvocationAgent.invoke(TestInvoker.java:962) ~[testng-7.6.1.jar:7.6.1]
	at org.testng.internal.invokers.TestInvoker.invokeTestMethods(TestInvoker.java:194) ~[testng-7.6.1.jar:7.6.1]
	at org.testng.internal.invokers.TestMethodWorker.invokeTestMethods(TestMethodWorker.java:148) ~[testng-7.6.1.jar:7.6.1]
	at org.testng.internal.invokers.TestMethodWorker.run(TestMethodWorker.java:128) ~[testng-7.6.1.jar:7.6.1]
	at java.util.ArrayList.forEach(ArrayList.java:1596) [?:?]
	at org.testng.TestRunner.privateRun(TestRunner.java:806) [testng-7.6.1.jar:7.6.1]
	at org.testng.TestRunner.run(TestRunner.java:601) [testng-7.6.1.jar:7.6.1]
	at org.testng.SuiteRunner.runTest(SuiteRunner.java:433) [testng-7.6.1.jar:7.6.1]
	at org.testng.SuiteRunner.runSequentially(SuiteRunner.java:427) [testng-7.6.1.jar:7.6.1]
	at org.testng.SuiteRunner.privateRun(SuiteRunner.java:387) [testng-7.6.1.jar:7.6.1]
	at org.testng.SuiteRunner.run(SuiteRunner.java:330) [testng-7.6.1.jar:7.6.1]
	at org.testng.SuiteRunnerWorker.runSuite(SuiteRunnerWorker.java:52) [testng-7.6.1.jar:7.6.1]
	at org.testng.SuiteRunnerWorker.run(SuiteRunnerWorker.java:95) [testng-7.6.1.jar:7.6.1]
	at org.testng.TestNG.runSuitesSequentially(TestNG.java:1256) [testng-7.6.1.jar:7.6.1]
	at org.testng.TestNG.runSuitesLocally(TestNG.java:1176) [testng-7.6.1.jar:7.6.1]
	at org.testng.TestNG.runSuites(TestNG.java:1099) [testng-7.6.1.jar:7.6.1]
	at org.testng.TestNG.run(TestNG.java:1067) [testng-7.6.1.jar:7.6.1]
	at org.apache.maven.surefire.testng.TestNGExecutor.run(TestNGExecutor.java:308) [surefire-testng-3.2.5.jar:3.2.5]
	at org.apache.maven.surefire.testng.TestNGXmlTestSuite.execute(TestNGXmlTestSuite.java:71) [surefire-testng-3.2.5.jar:3.2.5]
	at org.apache.maven.surefire.testng.TestNGProvider.invoke(TestNGProvider.java:113) [surefire-testng-3.2.5.jar:3.2.5]
	at org.apache.maven.surefire.booter.ForkedBooter.runSuitesInProcess(ForkedBooter.java:385) [surefire-booter-3.2.5.jar:3.2.5]
	at org.apache.maven.surefire.booter.ForkedBooter.execute(ForkedBooter.java:162) [surefire-booter-3.2.5.jar:3.2.5]
	at org.apache.maven.surefire.booter.ForkedBooter.run(ForkedBooter.java:507) [surefire-booter-3.2.5.jar:3.2.5]
	at org.apache.maven.surefire.booter.ForkedBooter.main(ForkedBooter.java:495) [surefire-booter-3.2.5.jar:3.2.5]
]]></system-out>
  </testcase>
  <testcase name="runScenario[&quot;Get status if message is sent successfully&quot;, &quot;Contact Us Functionality&quot;](9)" classname="runners.TestNGRunner" time="9.463">
    <system-out><![CDATA[
@contact @tc009
Scenario: Get status if message is sent successfully                                                        # src/test/resources/features/contact.feature:20
started
15:00:05 [main] INFO  utils.ReusableFunctions - Opened URL: http://webapps.tekstac.com/SeleniumApp1/EventManagement/index.html
  Given launched the browser and opened the web application                                                 # stepDefinations.ContactTest.launched_the_browser_and_opened_the_web_application()
15:00:07 [main] INFO  utils.ReusableFunctions - Element is visible: [[ChromeDriver: chrome on windows (7f61e8e90c224d8964f2d38da433b535)] -> id: contact_name]
15:00:07 [main] INFO  utils.ReusableFunctions - Entered text 'chaitanya' into element: [[ChromeDriver: chrome on windows (7f61e8e90c224d8964f2d38da433b535)] -> id: contact_name]
15:00:07 [main] INFO  utils.ReusableFunctions - Element is visible: [[ChromeDriver: chrome on windows (7f61e8e90c224d8964f2d38da433b535)] -> id: contact_email]
15:00:07 [main] INFO  utils.ReusableFunctions - Entered text 'chaitanya@email.com' into element: [[ChromeDriver: chrome on windows (7f61e8e90c224d8964f2d38da433b535)] -> id: contact_email]
15:00:07 [main] INFO  utils.ReusableFunctions - Element is visible: [[ChromeDriver: chrome on windows (7f61e8e90c224d8964f2d38da433b535)] -> id: contact_subject]
15:00:07 [main] INFO  utils.ReusableFunctions - Entered text 'regarding ticket' into element: [[ChromeDriver: chrome on windows (7f61e8e90c224d8964f2d38da433b535)] -> id: contact_subject]
15:00:07 [main] INFO  utils.ReusableFunctions - Element is visible: [[ChromeDriver: chrome on windows (7f61e8e90c224d8964f2d38da433b535)] -> id: contact_message]
15:00:07 [main] INFO  utils.ReusableFunctions - Entered text 'My ticket is not resolved' into element: [[ChromeDriver: chrome on windows (7f61e8e90c224d8964f2d38da433b535)] -> id: contact_message]
  When user enters details "chaitanya" "chaitanya@email.com" "regarding ticket" "My ticket is not resolved" # stepDefinations.ContactTest.user_enters_details(java.lang.String,java.lang.String,java.lang.String,java.lang.String)
15:00:07 [main] INFO  utils.ReusableFunctions - Element is clickable: [[ChromeDriver: chrome on windows (7f61e8e90c224d8964f2d38da433b535)] -> id: message]
15:00:07 [main] INFO  utils.ReusableFunctions - Clicked element: [[ChromeDriver: chrome on windows (7f61e8e90c224d8964f2d38da433b535)] -> id: message]
  And user clicks Send Message Now                                                                          # stepDefinations.ContactTest.user_clicks_send_message_now()
15:00:11 [main] INFO  utils.ReusableFunctions - Got text 'Your message has been sent !' from element: [[ChromeDriver: chrome on windows (7f61e8e90c224d8964f2d38da433b535)] -> id: mesgtab]
  Then status of sent message should be shown                                                               # stepDefinations.ContactTest.status_of_sent_message_should_be_shown()
]]></system-out>
  </testcase>
</testsuite>