<?xml version="1.0" encoding="UTF-8"?>
<testng-results ignored="0" total="9" passed="4" failed="5" skipped="0">
  <reporter-output>
  </reporter-output>
  <suite started-at="2025-08-08T13:22:25 IST" name="Default suite" finished-at="2025-08-08T13:23:43 IST" duration-ms="78076">
    <groups>
      <group name="cucumber">
        <method signature="AbstractTestNGCucumberTests.runScenario(io.cucumber.testng.PickleWrapper,io.cucumber.testng.FeatureWrapper)[pri:0, instance:runners.TestNGRunner@305b7c14]" name="runScenario" class="io.cucumber.testng.AbstractTestNGCucumberTests"/>
      </group> <!-- cucumber -->
    </groups>
    <test started-at="2025-08-08T13:22:25 IST" name="Default test" finished-at="2025-08-08T13:23:43 IST" duration-ms="78076">
      <class name="runners.TestNGRunner">
        <test-method is-config="true" signature="setUpClass(org.testng.ITestContext)[pri:0, instance:runners.TestNGRunner@305b7c14]" started-at="2025-08-08T13:22:25 IST" name="setUpClass" finished-at="2025-08-08T13:22:26 IST" duration-ms="918" status="PASS">
          <params>
            <param index="0">
              <value>
                <![CDATA[org.testng.TestRunner@5baabba]]>
              </value>
            </param>
          </params>
          <reporter-output>
          </reporter-output>
        </test-method> <!-- setUpClass -->
        <test-method signature="runScenario(io.cucumber.testng.PickleWrapper,io.cucumber.testng.FeatureWrapper)[pri:0, instance:runners.TestNGRunner@305b7c14]" started-at="2025-08-08T13:22:26 IST" name="runScenario" description="Runs Cucumber Scenarios" data-provider="scenarios" finished-at="2025-08-08T13:22:41 IST" duration-ms="15307" status="PASS">
          <params>
            <param index="0">
              <value>
                <![CDATA["Book the event with all valid details"]]>
              </value>
            </param>
            <param index="1">
              <value>
                <![CDATA["Event Booking Functionality"]]>
              </value>
            </param>
          </params>
          <reporter-output>
          </reporter-output>
        </test-method> <!-- runScenario -->
        <test-method signature="runScenario(io.cucumber.testng.PickleWrapper,io.cucumber.testng.FeatureWrapper)[pri:0, instance:runners.TestNGRunner@305b7c14]" started-at="2025-08-08T13:22:41 IST" name="runScenario" description="Runs Cucumber Scenarios" data-provider="scenarios" finished-at="2025-08-08T13:22:49 IST" duration-ms="7258" status="PASS">
          <params>
            <param index="0">
              <value>
                <![CDATA["Submit booking form with missing first name"]]>
              </value>
            </param>
            <param index="1">
              <value>
                <![CDATA["Event Booking Functionality"]]>
              </value>
            </param>
          </params>
          <reporter-output>
          </reporter-output>
        </test-method> <!-- runScenario -->
        <test-method signature="runScenario(io.cucumber.testng.PickleWrapper,io.cucumber.testng.FeatureWrapper)[pri:0, instance:runners.TestNGRunner@305b7c14]" started-at="2025-08-08T13:22:49 IST" name="runScenario" description="Runs Cucumber Scenarios" data-provider="scenarios" finished-at="2025-08-08T13:22:57 IST" duration-ms="8178" status="FAIL">
          <params>
            <param index="0">
              <value>
                <![CDATA["Submit booking form with invalid email"]]>
              </value>
            </param>
            <param index="1">
              <value>
                <![CDATA["Event Booking Functionality"]]>
              </value>
            </param>
          </params>
          <exception class="java.lang.AssertionError">
            <message>
              <![CDATA[expected [Invalid Email Id] but found []]]>
            </message>
            <full-stacktrace>
              <![CDATA[java.lang.AssertionError: expected [Invalid Email Id] but found []
at org.testng.Assert.fail(Assert.java:110)
at org.testng.Assert.failNotEquals(Assert.java:1413)
at org.testng.Assert.assertEqualsImpl(Assert.java:149)
at org.testng.Assert.assertEquals(Assert.java:131)
at org.testng.Assert.assertEquals(Assert.java:655)
at org.testng.Assert.assertEquals(Assert.java:665)
at stepDefinations.BookingTest.validation_error_for_invalid_email_id_should_be_shown(BookingTest.java:95)
at ✽.validation error for invalid email id should be shown(file:///D:/EclipseProjects/event-management-system/src/test/resources/features/booking.feature:23)
]]>
            </full-stacktrace>
          </exception> <!-- java.lang.AssertionError -->
          <reporter-output>
          </reporter-output>
        </test-method> <!-- runScenario -->
        <test-method signature="runScenario(io.cucumber.testng.PickleWrapper,io.cucumber.testng.FeatureWrapper)[pri:0, instance:runners.TestNGRunner@305b7c14]" started-at="2025-08-08T13:22:57 IST" name="runScenario" description="Runs Cucumber Scenarios" data-provider="scenarios" finished-at="2025-08-08T13:23:06 IST" duration-ms="9074" status="FAIL">
          <params>
            <param index="0">
              <value>
                <![CDATA["Submit booking form with zero guests"]]>
              </value>
            </param>
            <param index="1">
              <value>
                <![CDATA["Event Booking Functionality"]]>
              </value>
            </param>
          </params>
          <exception class="java.lang.AssertionError">
            <message>
              <![CDATA[expected [Guests Cannot be Zero] but found []]]>
            </message>
            <full-stacktrace>
              <![CDATA[java.lang.AssertionError: expected [Guests Cannot be Zero] but found []
at org.testng.Assert.fail(Assert.java:110)
at org.testng.Assert.failNotEquals(Assert.java:1413)
at org.testng.Assert.assertEqualsImpl(Assert.java:149)
at org.testng.Assert.assertEquals(Assert.java:131)
at org.testng.Assert.assertEquals(Assert.java:655)
at org.testng.Assert.assertEquals(Assert.java:665)
at stepDefinations.BookingTest.validation_error_for_guests_should_be_shown(BookingTest.java:110)
at ✽.validation error for 0 guests should be shown(file:///D:/EclipseProjects/event-management-system/src/test/resources/features/booking.feature:29)
]]>
            </full-stacktrace>
          </exception> <!-- java.lang.AssertionError -->
          <reporter-output>
          </reporter-output>
        </test-method> <!-- runScenario -->
        <test-method signature="runScenario(io.cucumber.testng.PickleWrapper,io.cucumber.testng.FeatureWrapper)[pri:0, instance:runners.TestNGRunner@305b7c14]" started-at="2025-08-08T13:23:06 IST" name="runScenario" description="Runs Cucumber Scenarios" data-provider="scenarios" finished-at="2025-08-08T13:23:13 IST" duration-ms="7450" status="FAIL">
          <params>
            <param index="0">
              <value>
                <![CDATA["Submit booking form with invalid phone number"]]>
              </value>
            </param>
            <param index="1">
              <value>
                <![CDATA["Event Booking Functionality"]]>
              </value>
            </param>
          </params>
          <exception class="java.lang.AssertionError">
            <message>
              <![CDATA[expected [Invalid Phone Number] but found []]]>
            </message>
            <full-stacktrace>
              <![CDATA[java.lang.AssertionError: expected [Invalid Phone Number] but found []
at org.testng.Assert.fail(Assert.java:110)
at org.testng.Assert.failNotEquals(Assert.java:1413)
at org.testng.Assert.assertEqualsImpl(Assert.java:149)
at org.testng.Assert.assertEquals(Assert.java:131)
at org.testng.Assert.assertEquals(Assert.java:655)
at org.testng.Assert.assertEquals(Assert.java:665)
at stepDefinations.BookingTest.validation_error_for_invalid_phone_number_should_be_shown(BookingTest.java:124)
at ✽.validation error for invalid phone number should be shown(file:///D:/EclipseProjects/event-management-system/src/test/resources/features/booking.feature:35)
]]>
            </full-stacktrace>
          </exception> <!-- java.lang.AssertionError -->
          <reporter-output>
          </reporter-output>
        </test-method> <!-- runScenario -->
        <test-method signature="runScenario(io.cucumber.testng.PickleWrapper,io.cucumber.testng.FeatureWrapper)[pri:0, instance:runners.TestNGRunner@305b7c14]" started-at="2025-08-08T13:23:13 IST" name="runScenario" description="Runs Cucumber Scenarios" data-provider="scenarios" finished-at="2025-08-08T13:23:21 IST" duration-ms="7302" status="FAIL">
          <params>
            <param index="0">
              <value>
                <![CDATA["Submit booking form with invalid pincode"]]>
              </value>
            </param>
            <param index="1">
              <value>
                <![CDATA["Event Booking Functionality"]]>
              </value>
            </param>
          </params>
          <exception class="java.lang.AssertionError">
            <message>
              <![CDATA[expected [Invalid Pincode] but found []]]>
            </message>
            <full-stacktrace>
              <![CDATA[java.lang.AssertionError: expected [Invalid Pincode] but found []
at org.testng.Assert.fail(Assert.java:110)
at org.testng.Assert.failNotEquals(Assert.java:1413)
at org.testng.Assert.assertEqualsImpl(Assert.java:149)
at org.testng.Assert.assertEquals(Assert.java:131)
at org.testng.Assert.assertEquals(Assert.java:655)
at org.testng.Assert.assertEquals(Assert.java:665)
at stepDefinations.BookingTest.validation_error_for_invalid_pincode_should_be_shown(BookingTest.java:138)
at ✽.validation error for invalid pincode should be shown(file:///D:/EclipseProjects/event-management-system/src/test/resources/features/booking.feature:41)
]]>
            </full-stacktrace>
          </exception> <!-- java.lang.AssertionError -->
          <reporter-output>
          </reporter-output>
        </test-method> <!-- runScenario -->
        <test-method signature="runScenario(io.cucumber.testng.PickleWrapper,io.cucumber.testng.FeatureWrapper)[pri:0, instance:runners.TestNGRunner@305b7c14]" started-at="2025-08-08T13:23:21 IST" name="runScenario" description="Runs Cucumber Scenarios" data-provider="scenarios" finished-at="2025-08-08T13:23:27 IST" duration-ms="6151" status="PASS">
          <params>
            <param index="0">
              <value>
                <![CDATA["Submit Contact Us form with empty name"]]>
              </value>
            </param>
            <param index="1">
              <value>
                <![CDATA["Contact Us Functionality"]]>
              </value>
            </param>
          </params>
          <reporter-output>
          </reporter-output>
        </test-method> <!-- runScenario -->
        <test-method signature="runScenario(io.cucumber.testng.PickleWrapper,io.cucumber.testng.FeatureWrapper)[pri:0, instance:runners.TestNGRunner@305b7c14]" started-at="2025-08-08T13:23:27 IST" name="runScenario" description="Runs Cucumber Scenarios" data-provider="scenarios" finished-at="2025-08-08T13:23:33 IST" duration-ms="6425" status="FAIL">
          <params>
            <param index="0">
              <value>
                <![CDATA["Submit Contact Us form with invalid email"]]>
              </value>
            </param>
            <param index="1">
              <value>
                <![CDATA["Contact Us Functionality"]]>
              </value>
            </param>
          </params>
          <exception class="java.lang.AssertionError">
            <message>
              <![CDATA[expected [Invalid Email] but found []]]>
            </message>
            <full-stacktrace>
              <![CDATA[java.lang.AssertionError: expected [Invalid Email] but found []
at org.testng.Assert.fail(Assert.java:110)
at org.testng.Assert.failNotEquals(Assert.java:1413)
at org.testng.Assert.assertEqualsImpl(Assert.java:149)
at org.testng.Assert.assertEquals(Assert.java:131)
at org.testng.Assert.assertEquals(Assert.java:655)
at org.testng.Assert.assertEquals(Assert.java:665)
at stepDefinations.ContactTest.message_for_invalid_email_should_be_shown(ContactTest.java:58)
at ✽.message for invalid email should be shown(file:///D:/EclipseProjects/event-management-system/src/test/resources/features/contact.feature:17)
]]>
            </full-stacktrace>
          </exception> <!-- java.lang.AssertionError -->
          <reporter-output>
          </reporter-output>
        </test-method> <!-- runScenario -->
        <test-method signature="runScenario(io.cucumber.testng.PickleWrapper,io.cucumber.testng.FeatureWrapper)[pri:0, instance:runners.TestNGRunner@305b7c14]" started-at="2025-08-08T13:23:33 IST" name="runScenario" description="Runs Cucumber Scenarios" data-provider="scenarios" finished-at="2025-08-08T13:23:43 IST" duration-ms="9767" status="PASS">
          <params>
            <param index="0">
              <value>
                <![CDATA["Get status if message is sent successfully"]]>
              </value>
            </param>
            <param index="1">
              <value>
                <![CDATA["Contact Us Functionality"]]>
              </value>
            </param>
          </params>
          <reporter-output>
          </reporter-output>
        </test-method> <!-- runScenario -->
        <test-method is-config="true" signature="tearDownClass()[pri:0, instance:runners.TestNGRunner@305b7c14]" started-at="2025-08-08T13:23:43 IST" name="tearDownClass" finished-at="2025-08-08T13:23:43 IST" duration-ms="185" status="PASS">
          <reporter-output>
          </reporter-output>
        </test-method> <!-- tearDownClass -->
      </class> <!-- runners.TestNGRunner -->
    </test> <!-- Default test -->
  </suite> <!-- Default suite -->
</testng-results>
