<?xml version="1.0" encoding="UTF-8"?>
<testng-results ignored="0" total="1" passed="1" failed="0" skipped="0">
  <reporter-output>
  </reporter-output>
  <suite started-at="2025-08-11T11:42:50 IST" name="Default suite" finished-at="2025-08-11T11:43:13 IST" duration-ms="23050">
    <groups>
    </groups>
    <test started-at="2025-08-11T11:42:50 IST" name="Default test" finished-at="2025-08-11T11:43:13 IST" duration-ms="23050">
      <class name="pages.SauceLabExe">
        <test-method signature="runOnSauceLabs()[pri:0, instance:pages.SauceLabExe@6913c1fb]" started-at="2025-08-11T11:42:50 IST" name="runOnSauceLabs" finished-at="2025-08-11T11:43:13 IST" duration-ms="22994" status="PASS">
          <reporter-output>
          </reporter-output>
        </test-method> <!-- runOnSauceLabs -->
      </class> <!-- pages.SauceLabExe -->
    </test> <!-- Default test -->
  </suite> <!-- Default suite -->
</testng-results>
